#
# There is insufficient memory for the Java Runtime Environment to continue.
# Native memory allocation (mmap) failed to map 57671680 bytes for Failed to commit area from 0x0000000095b00000 to 0x0000000099200000 of length 57671680.
# Possible reasons:
#   The system is out of physical RAM or swap space
#   The process is running with CompressedOops enabled, and the Java Heap may be blocking the growth of the native heap
# Possible solutions:
#   Reduce memory load on the system
#   Increase physical memory or swap space
#   Check if swap backing store is full
#   Decrease Java heap size (-Xmx/-Xms)
#   Decrease number of Java threads
#   Decrease Java thread stack sizes (-Xss)
#   Set larger code cache with -XX:ReservedCodeCacheSize=
#   JVM is running with Unscaled Compressed Oops mode in which the Java heap is
#     placed in the first 4GB address space. The Java Heap base address is the
#     maximum limit for the native heap growth. Please use -XX:HeapBaseMinAddress
#     to set the Java Heap base and to place the Java Heap above 4GB virtual address.
# This output file may be truncated or incomplete.
#
#  Out of Memory Error (t:/workspace/open/src/hotspot/os/windows/os_windows.cpp:3315), pid=2772, tid=2436
#
# JRE version: Java(TM) SE Runtime Environment (14.0+36) (build 14+36-1461)
# Java VM: Java HotSpot(TM) 64-Bit Server VM (14+36-1461, mixed mode, sharing, tiered, compressed oops, g1 gc, windows-amd64)
# No core dump will be written. Minidumps are not enabled by default on client versions of Windows
#

---------------  S U M M A R Y ------------

Command Line: -Dmaven.home=EMBEDDED -Dclassworlds.conf=C:\Users\lenovo\eclipse-workspace\.metadata\.plugins\org.eclipse.m2e.launching\launches\m2conf2842857518386999346.tmp -Dmaven.multiModuleProjectDirectory=C:\Thesis\Thesis\fedx -Dfile.encoding=Cp1252 org.codehaus.plexus.classworlds.launcher.Launcher -B clean compile dependency:tree test test-compile package install site

Host: Intel(R) Core(TM) i5-4210M CPU @ 2.60GHz, 4 cores, 7G,  Windows 10 , 64 bit Build 18362 (10.0.18362.329)
Time: Thu Apr 16 15:20:58 2020 W. Europe Daylight Time elapsed time: 75 seconds (0d 0h 1m 15s)

---------------  T H R E A D  ---------------

Current thread (0x000001c37cadc800):  VMThread "VM Thread" [stack: 0x0000000d50000000,0x0000000d50100000] [id=2436]

Stack: [0x0000000d50000000,0x0000000d50100000]
[error occurred during error reporting (printing stack bounds), id 0xc0000005, EXCEPTION_ACCESS_VIOLATION (0xc0000005) at pc=0x000001c3000010ad]

Native frames: (J=compiled Java code, j=interpreted, Vv=VM code, C=native code)
V  [jvm.dll+0x5f83ea]
V  [jvm.dll+0x741e2a]
V  [jvm.dll+0x7435df]
V  [jvm.dll+0x743b85]
V  [jvm.dll+0x743b3b]
V  [jvm.dll+0x5f791f]
V  [jvm.dll+0x5f8088]
C  [ntdll.dll+0xa121f]
C  [ntdll.dll+0x6a289]
C  [ntdll.dll+0x9fe8e]
C  0x000001c3000010ad

VM_Operation (0x0000000d4fafd2c0): G1CollectForAllocation, mode: safepoint, requested by thread 0x000001c36b5c2000


---------------  P R O C E S S  ---------------

Threads class SMR info:
_java_thread_list=0x000001c37f14f290, length=11, elements={
0x000001c36b5c2000, 0x000001c37cade000, 0x000001c37cadf000, 0x000001c37cafa800,
0x000001c37cafd800, 0x000001c37cafe800, 0x000001c37cb08800, 0x000001c37cb14800,
0x000001c37cb17800, 0x000001c37d576000, 0x000001c37d57f000
}

Java Threads: ( => current thread )
  0x000001c36b5c2000 JavaThread "main" [_thread_blocked, id=5408, stack(0x0000000d4fa00000,0x0000000d4fb00000)]
  0x000001c37cade000 JavaThread "Reference Handler" daemon [_thread_blocked, id=6860, stack(0x0000000d50100000,0x0000000d50200000)]
  0x000001c37cadf000 JavaThread "Finalizer" daemon [_thread_blocked, id=3408, stack(0x0000000d50200000,0x0000000d50300000)]
  0x000001c37cafa800 JavaThread "Signal Dispatcher" daemon [_thread_blocked, id=9412, stack(0x0000000d50300000,0x0000000d50400000)]
  0x000001c37cafd800 JavaThread "Attach Listener" daemon [_thread_blocked, id=10784, stack(0x0000000d50400000,0x0000000d50500000)]
  0x000001c37cafe800 JavaThread "Service Thread" daemon [_thread_blocked, id=8404, stack(0x0000000d50500000,0x0000000d50600000)]
  0x000001c37cb08800 JavaThread "C2 CompilerThread0" daemon [_thread_blocked, id=10900, stack(0x0000000d50600000,0x0000000d50700000)]
  0x000001c37cb14800 JavaThread "C1 CompilerThread0" daemon [_thread_blocked, id=14856, stack(0x0000000d50700000,0x0000000d50800000)]
  0x000001c37cb17800 JavaThread "Sweeper thread" daemon [_thread_blocked, id=13560, stack(0x0000000d50800000,0x0000000d50900000)]
  0x000001c37d576000 JavaThread "Notification Thread" daemon [_thread_blocked, id=13316, stack(0x0000000d50900000,0x0000000d50a00000)]
  0x000001c37d57f000 JavaThread "Common-Cleaner" daemon [_thread_blocked, id=2280, stack(0x0000000d50b00000,0x0000000d50c00000)]

Other Threads:
=>0x000001c37cadc800 VMThread "VM Thread" [stack: 0x0000000d50000000,0x0000000d50100000] [id=2436]
  0x000001c37d57b800 WatcherThread [stack: 0x0000000d50a00000,0x0000000d50b00000] [id=11496]
  0x000001c36b5ff800 GCTaskThread "GC Thread#0" [stack: 0x0000000d4fb00000,0x0000000d4fc00000] [id=1536]
  0x000001c37dfd9800 GCTaskThread "GC Thread#1" [stack: 0x0000000d50c00000,0x0000000d50d00000] [id=8268]
  0x000001c310c14000 GCTaskThread "GC Thread#2" [stack: 0x0000000d50d00000,0x0000000d50e00000] [id=9164]
  0x000001c37f07c000 GCTaskThread "GC Thread#3" [stack: 0x0000000d51300000,0x0000000d51400000] [id=5112]
  0x000001c36b614000 ConcurrentGCThread "G1 Main Marker" [stack: 0x0000000d4fc00000,0x0000000d4fd00000] [id=10808]
  0x000001c36b615000 ConcurrentGCThread "G1 Conc#0" [stack: 0x0000000d4fd00000,0x0000000d4fe00000] [id=14324]
  0x000001c36b68c800 ConcurrentGCThread "G1 Refine#0" [stack: 0x0000000d4fe00000,0x0000000d4ff00000] [id=9272]
  0x000001c37e8ca800 ConcurrentGCThread "G1 Refine#1" [stack: 0x0000000d50e00000,0x0000000d50f00000] [id=9736]
  0x000001c37e85c000 ConcurrentGCThread "G1 Refine#2" [stack: 0x0000000d50f00000,0x0000000d51000000] [id=5228]
  0x000001c30fefa800 ConcurrentGCThread "G1 Refine#3" [stack: 0x0000000d4f800000,0x0000000d4f900000] [id=14320]
  0x000001c36b68e000 ConcurrentGCThread "G1 Young RemSet Sampling" [stack: 0x0000000d4ff00000,0x0000000d50000000] [id=3912]

Threads with active compile tasks:

VM state:at safepoint (normal execution)

VM Mutex/Monitor currently owned by a thread:  ([mutex/lock_event])
[0x000001c36b5bcd30] Threads_lock - owner thread: 0x000001c37cadc800
[0x000001c36b5bcca0] Heap_lock - owner thread: 0x000001c36b5c2000

Heap address: 0x0000000084e00000, size: 1970 MB, Compressed Oops mode: 32-bit
Narrow klass base: 0x0000000800000000, Narrow klass shift: 3
Compressed class space size: 1073741824 Address: 0x0000000800b30000

Heap:
 garbage-first heap   total 335872K, used 125510K [0x0000000084e00000, 0x0000000100000000)
  region size 1024K, 11 young (11264K), 11 survivors (11264K)
 Metaspace       used 48013K, capacity 49823K, committed 49920K, reserved 1093632K
  class space    used 5470K, capacity 6100K, committed 6144K, reserved 1048576K
Heap Regions: E=young(eden), S=young(survivor), O=old, HS=humongous(starts), HC=humongous(continues), CS=collection set, F=free, OA=open archive, CA=closed archive, TAMS=top-at-mark-start (previous, next)
|   0|0x0000000084e00000, 0x0000000084f00000, 0x0000000084f00000|100%| O|  |TAMS 0x0000000084f00000, 0x0000000084e00000| Untracked 
|   1|0x0000000084f00000, 0x0000000085000000, 0x0000000085000000|100%| O|  |TAMS 0x0000000085000000, 0x0000000084f00000| Untracked 
|   2|0x0000000085000000, 0x0000000085100000, 0x0000000085100000|100%| O|  |TAMS 0x0000000085100000, 0x0000000085000000| Untracked 
|   3|0x0000000085100000, 0x0000000085200000, 0x0000000085200000|100%| O|  |TAMS 0x0000000085200000, 0x0000000085100000| Untracked 
|   4|0x0000000085200000, 0x0000000085300000, 0x0000000085300000|100%| O|  |TAMS 0x0000000085300000, 0x0000000085200000| Untracked 
|   5|0x0000000085300000, 0x0000000085400000, 0x0000000085400000|100%| O|  |TAMS 0x0000000085400000, 0x0000000085300000| Untracked 
|   6|0x0000000085400000, 0x0000000085500000, 0x0000000085500000|100%| O|  |TAMS 0x0000000085500000, 0x0000000085400000| Untracked 
|   7|0x0000000085500000, 0x0000000085600000, 0x0000000085600000|100%| O|  |TAMS 0x0000000085600000, 0x0000000085500000| Untracked 
|   8|0x0000000085600000, 0x0000000085700000, 0x0000000085700000|100%| O|  |TAMS 0x0000000085700000, 0x0000000085600000| Untracked 
|   9|0x0000000085700000, 0x0000000085800000, 0x0000000085800000|100%| O|  |TAMS 0x0000000085800000, 0x0000000085700000| Untracked 
|  10|0x0000000085800000, 0x0000000085900000, 0x0000000085900000|100%| O|  |TAMS 0x0000000085900000, 0x0000000085800000| Untracked 
|  11|0x0000000085900000, 0x0000000085a00000, 0x0000000085a00000|100%| O|  |TAMS 0x0000000085a00000, 0x0000000085900000| Untracked 
|  12|0x0000000085a00000, 0x0000000085b00000, 0x0000000085b00000|100%| O|  |TAMS 0x0000000085b00000, 0x0000000085a00000| Untracked 
|  13|0x0000000085b00000, 0x0000000085c00000, 0x0000000085c00000|100%| O|  |TAMS 0x0000000085c00000, 0x0000000085b00000| Untracked 
|  14|0x0000000085c00000, 0x0000000085d00000, 0x0000000085d00000|100%| O|  |TAMS 0x0000000085d00000, 0x0000000085c00000| Untracked 
|  15|0x0000000085d00000, 0x0000000085e00000, 0x0000000085e00000|100%| O|  |TAMS 0x0000000085e00000, 0x0000000085d00000| Untracked 
|  16|0x0000000085e00000, 0x0000000085f00000, 0x0000000085f00000|100%| O|  |TAMS 0x0000000085f00000, 0x0000000085e00000| Untracked 
|  17|0x0000000085f00000, 0x0000000086000000, 0x0000000086000000|100%| O|  |TAMS 0x0000000086000000, 0x0000000085f00000| Untracked 
|  18|0x0000000086000000, 0x0000000086100000, 0x0000000086100000|100%| O|  |TAMS 0x0000000086100000, 0x0000000086000000| Untracked 
|  19|0x0000000086100000, 0x0000000086200000, 0x0000000086200000|100%| O|  |TAMS 0x0000000086200000, 0x0000000086100000| Untracked 
|  20|0x0000000086200000, 0x0000000086300000, 0x0000000086300000|100%| O|  |TAMS 0x0000000086300000, 0x0000000086200000| Untracked 
|  21|0x0000000086300000, 0x0000000086400000, 0x0000000086400000|100%| O|  |TAMS 0x0000000086400000, 0x0000000086300000| Untracked 
|  22|0x0000000086400000, 0x0000000086500000, 0x0000000086500000|100%| O|  |TAMS 0x0000000086500000, 0x0000000086400000| Untracked 
|  23|0x0000000086500000, 0x0000000086600000, 0x0000000086600000|100%| O|  |TAMS 0x0000000086600000, 0x0000000086500000| Untracked 
|  24|0x0000000086600000, 0x0000000086700000, 0x0000000086700000|100%| O|  |TAMS 0x0000000086700000, 0x0000000086600000| Untracked 
|  25|0x0000000086700000, 0x0000000086800000, 0x0000000086800000|100%| O|  |TAMS 0x0000000086800000, 0x0000000086700000| Untracked 
|  26|0x0000000086800000, 0x0000000086900000, 0x0000000086900000|100%| O|  |TAMS 0x0000000086900000, 0x0000000086800000| Untracked 
|  27|0x0000000086900000, 0x0000000086a00000, 0x0000000086a00000|100%| O|  |TAMS 0x0000000086a00000, 0x0000000086900000| Untracked 
|  28|0x0000000086a00000, 0x0000000086b00000, 0x0000000086b00000|100%| O|  |TAMS 0x0000000086b00000, 0x0000000086a00000| Untracked 
|  29|0x0000000086b00000, 0x0000000086c00000, 0x0000000086c00000|100%| O|  |TAMS 0x0000000086c00000, 0x0000000086b00000| Untracked 
|  30|0x0000000086c00000, 0x0000000086d00000, 0x0000000086d00000|100%| O|  |TAMS 0x0000000086d00000, 0x0000000086c00000| Untracked 
|  31|0x0000000086d00000, 0x0000000086e00000, 0x0000000086e00000|100%| O|  |TAMS 0x0000000086e00000, 0x0000000086d00000| Untracked 
|  32|0x0000000086e00000, 0x0000000086f00000, 0x0000000086f00000|100%| O|  |TAMS 0x0000000086f00000, 0x0000000086e00000| Untracked 
|  33|0x0000000086f00000, 0x0000000087000000, 0x0000000087000000|100%| O|  |TAMS 0x0000000087000000, 0x0000000086f00000| Untracked 
|  34|0x0000000087000000, 0x0000000087100000, 0x0000000087100000|100%| O|  |TAMS 0x0000000087100000, 0x0000000087000000| Untracked 
|  35|0x0000000087100000, 0x0000000087200000, 0x0000000087200000|100%| O|  |TAMS 0x0000000087200000, 0x0000000087100000| Untracked 
|  36|0x0000000087200000, 0x0000000087300000, 0x0000000087300000|100%| O|  |TAMS 0x0000000087300000, 0x0000000087200000| Untracked 
|  37|0x0000000087300000, 0x0000000087400000, 0x0000000087400000|100%| O|  |TAMS 0x0000000087400000, 0x0000000087300000| Untracked 
|  38|0x0000000087400000, 0x0000000087500000, 0x0000000087500000|100%| O|  |TAMS 0x0000000087500000, 0x0000000087400000| Untracked 
|  39|0x0000000087500000, 0x0000000087600000, 0x0000000087600000|100%|HS|  |TAMS 0x0000000087600000, 0x0000000087500000| Complete 
|  40|0x0000000087600000, 0x0000000087700000, 0x0000000087700000|100%|HC|  |TAMS 0x0000000087700000, 0x0000000087600000| Complete 
|  41|0x0000000087700000, 0x0000000087800000, 0x0000000087800000|100%| O|  |TAMS 0x0000000087800000, 0x0000000087700000| Untracked 
|  42|0x0000000087800000, 0x0000000087900000, 0x0000000087900000|100%| O|  |TAMS 0x0000000087900000, 0x0000000087800000| Untracked 
|  43|0x0000000087900000, 0x0000000087a00000, 0x0000000087a00000|100%| O|  |TAMS 0x0000000087a00000, 0x0000000087900000| Untracked 
|  44|0x0000000087a00000, 0x0000000087b00000, 0x0000000087b00000|100%| O|  |TAMS 0x0000000087b00000, 0x0000000087a00000| Untracked 
|  45|0x0000000087b00000, 0x0000000087c00000, 0x0000000087c00000|100%| O|  |TAMS 0x0000000087c00000, 0x0000000087b00000| Untracked 
|  46|0x0000000087c00000, 0x0000000087d00000, 0x0000000087d00000|100%| O|  |TAMS 0x0000000087d00000, 0x0000000087c00000| Untracked 
|  47|0x0000000087d00000, 0x0000000087e00000, 0x0000000087e00000|100%| O|  |TAMS 0x0000000087e00000, 0x0000000087d00000| Untracked 
|  48|0x0000000087e00000, 0x0000000087f00000, 0x0000000087f00000|100%| O|  |TAMS 0x0000000087f00000, 0x0000000087e00000| Untracked 
|  49|0x0000000087f00000, 0x0000000088000000, 0x0000000088000000|100%| O|  |TAMS 0x0000000088000000, 0x0000000087f00000| Untracked 
|  50|0x0000000088000000, 0x0000000088100000, 0x0000000088100000|100%| O|  |TAMS 0x0000000088100000, 0x0000000088000000| Untracked 
|  51|0x0000000088100000, 0x0000000088200000, 0x0000000088200000|100%| O|  |TAMS 0x0000000088200000, 0x0000000088100000| Untracked 
|  52|0x0000000088200000, 0x0000000088300000, 0x0000000088300000|100%| O|  |TAMS 0x0000000088300000, 0x0000000088200000| Untracked 
|  53|0x0000000088300000, 0x0000000088400000, 0x0000000088400000|100%| O|  |TAMS 0x0000000088400000, 0x0000000088300000| Untracked 
|  54|0x0000000088400000, 0x0000000088500000, 0x0000000088500000|100%| O|  |TAMS 0x0000000088500000, 0x0000000088400000| Untracked 
|  55|0x0000000088500000, 0x0000000088600000, 0x0000000088600000|100%| O|  |TAMS 0x0000000088600000, 0x0000000088500000| Untracked 
|  56|0x0000000088600000, 0x0000000088700000, 0x0000000088700000|100%| O|  |TAMS 0x0000000088700000, 0x0000000088600000| Untracked 
|  57|0x0000000088700000, 0x0000000088800000, 0x0000000088800000|100%| O|  |TAMS 0x0000000088800000, 0x0000000088700000| Untracked 
|  58|0x0000000088800000, 0x0000000088900000, 0x0000000088900000|100%| O|  |TAMS 0x0000000088900000, 0x0000000088800000| Untracked 
|  59|0x0000000088900000, 0x0000000088a00000, 0x0000000088a00000|100%| O|  |TAMS 0x0000000088a00000, 0x0000000088900000| Untracked 
|  60|0x0000000088a00000, 0x0000000088b00000, 0x0000000088b00000|100%| O|  |TAMS 0x0000000088b00000, 0x0000000088a00000| Untracked 
|  61|0x0000000088b00000, 0x0000000088c00000, 0x0000000088c00000|100%| O|  |TAMS 0x0000000088c00000, 0x0000000088b00000| Untracked 
|  62|0x0000000088c00000, 0x0000000088d00000, 0x0000000088d00000|100%| O|  |TAMS 0x0000000088d00000, 0x0000000088c00000| Untracked 
|  63|0x0000000088d00000, 0x0000000088e00000, 0x0000000088e00000|100%| O|  |TAMS 0x0000000088e00000, 0x0000000088d00000| Untracked 
|  64|0x0000000088e00000, 0x0000000088f00000, 0x0000000088f00000|100%| O|  |TAMS 0x0000000088f00000, 0x0000000088e00000| Untracked 
|  65|0x0000000088f00000, 0x0000000089000000, 0x0000000089000000|100%| O|  |TAMS 0x0000000089000000, 0x0000000088f00000| Untracked 
|  66|0x0000000089000000, 0x0000000089100000, 0x0000000089100000|100%| O|  |TAMS 0x0000000089100000, 0x0000000089000000| Untracked 
|  67|0x0000000089100000, 0x0000000089200000, 0x0000000089200000|100%| O|  |TAMS 0x0000000089200000, 0x0000000089100000| Untracked 
|  68|0x0000000089200000, 0x0000000089300000, 0x0000000089300000|100%| O|  |TAMS 0x0000000089300000, 0x0000000089200000| Untracked 
|  69|0x0000000089300000, 0x0000000089400000, 0x0000000089400000|100%| O|  |TAMS 0x0000000089400000, 0x0000000089300000| Untracked 
|  70|0x0000000089400000, 0x0000000089500000, 0x0000000089500000|100%| O|  |TAMS 0x0000000089500000, 0x0000000089400000| Untracked 
|  71|0x0000000089500000, 0x0000000089600000, 0x0000000089600000|100%| O|  |TAMS 0x0000000089600000, 0x0000000089500000| Untracked 
|  72|0x0000000089600000, 0x0000000089700000, 0x0000000089700000|100%| O|  |TAMS 0x0000000089700000, 0x0000000089600000| Untracked 
|  73|0x0000000089700000, 0x0000000089800000, 0x0000000089800000|100%| O|  |TAMS 0x0000000089800000, 0x0000000089700000| Untracked 
|  74|0x0000000089800000, 0x0000000089900000, 0x0000000089900000|100%| O|  |TAMS 0x0000000089900000, 0x0000000089800000| Untracked 
|  75|0x0000000089900000, 0x0000000089a00000, 0x0000000089a00000|100%| O|  |TAMS 0x0000000089a00000, 0x0000000089900000| Untracked 
|  76|0x0000000089a00000, 0x0000000089b00000, 0x0000000089b00000|100%| O|  |TAMS 0x0000000089b00000, 0x0000000089a00000| Untracked 
|  77|0x0000000089b00000, 0x0000000089c00000, 0x0000000089c00000|100%| O|  |TAMS 0x0000000089c00000, 0x0000000089b00000| Untracked 
|  78|0x0000000089c00000, 0x0000000089d00000, 0x0000000089d00000|100%| O|  |TAMS 0x0000000089d00000, 0x0000000089c00000| Untracked 
|  79|0x0000000089d00000, 0x0000000089e00000, 0x0000000089e00000|100%| O|  |TAMS 0x0000000089e00000, 0x0000000089d00000| Untracked 
|  80|0x0000000089e00000, 0x0000000089f00000, 0x0000000089f00000|100%| O|  |TAMS 0x0000000089f00000, 0x0000000089e00000| Untracked 
|  81|0x0000000089f00000, 0x000000008a000000, 0x000000008a000000|100%| O|  |TAMS 0x000000008a000000, 0x0000000089f00000| Untracked 
|  82|0x000000008a000000, 0x000000008a100000, 0x000000008a100000|100%| O|  |TAMS 0x000000008a100000, 0x000000008a000000| Untracked 
|  83|0x000000008a100000, 0x000000008a200000, 0x000000008a200000|100%| O|  |TAMS 0x000000008a200000, 0x000000008a100000| Untracked 
|  84|0x000000008a200000, 0x000000008a300000, 0x000000008a300000|100%| O|  |TAMS 0x000000008a300000, 0x000000008a200000| Untracked 
|  85|0x000000008a300000, 0x000000008a400000, 0x000000008a400000|100%| O|  |TAMS 0x000000008a400000, 0x000000008a300000| Untracked 
|  86|0x000000008a400000, 0x000000008a500000, 0x000000008a500000|100%| O|  |TAMS 0x000000008a500000, 0x000000008a400000| Untracked 
|  87|0x000000008a500000, 0x000000008a600000, 0x000000008a600000|100%| O|  |TAMS 0x000000008a600000, 0x000000008a500000| Untracked 
|  88|0x000000008a600000, 0x000000008a700000, 0x000000008a700000|100%| O|  |TAMS 0x000000008a700000, 0x000000008a600000| Untracked 
|  89|0x000000008a700000, 0x000000008a800000, 0x000000008a800000|100%| O|  |TAMS 0x000000008a800000, 0x000000008a700000| Untracked 
|  90|0x000000008a800000, 0x000000008a900000, 0x000000008a900000|100%| O|  |TAMS 0x000000008a900000, 0x000000008a800000| Untracked 
|  91|0x000000008a900000, 0x000000008aa00000, 0x000000008aa00000|100%| O|  |TAMS 0x000000008a9f6000, 0x000000008a900000| Untracked 
|  92|0x000000008aa00000, 0x000000008ab00000, 0x000000008ab00000|100%| O|  |TAMS 0x000000008aa00000, 0x000000008aa00000| Untracked 
|  93|0x000000008ab00000, 0x000000008ac00000, 0x000000008ac00000|100%| O|  |TAMS 0x000000008ab00000, 0x000000008ab00000| Untracked 
|  94|0x000000008ac00000, 0x000000008ad00000, 0x000000008ad00000|100%| O|  |TAMS 0x000000008ac00000, 0x000000008ac00000| Untracked 
|  95|0x000000008ad00000, 0x000000008ae00000, 0x000000008ae00000|100%| O|  |TAMS 0x000000008ad00000, 0x000000008ad00000| Untracked 
|  96|0x000000008ae00000, 0x000000008af00000, 0x000000008af00000|100%| O|  |TAMS 0x000000008ae00000, 0x000000008ae00000| Untracked 
|  97|0x000000008af00000, 0x000000008b000000, 0x000000008b000000|100%| O|  |TAMS 0x000000008af00000, 0x000000008af00000| Untracked 
|  98|0x000000008b000000, 0x000000008b100000, 0x000000008b100000|100%| O|  |TAMS 0x000000008b000000, 0x000000008b000000| Untracked 
|  99|0x000000008b100000, 0x000000008b200000, 0x000000008b200000|100%| O|  |TAMS 0x000000008b100000, 0x000000008b100000| Untracked 
| 100|0x000000008b200000, 0x000000008b300000, 0x000000008b300000|100%| O|  |TAMS 0x000000008b200000, 0x000000008b200000| Untracked 
| 101|0x000000008b300000, 0x000000008b300000, 0x000000008b400000|  0%| F|  |TAMS 0x000000008b300000, 0x000000008b300000| Untracked 
| 102|0x000000008b400000, 0x000000008b500000, 0x000000008b500000|100%| O|  |TAMS 0x000000008b400000, 0x000000008b400000| Untracked 
| 103|0x000000008b500000, 0x000000008b600000, 0x000000008b600000|100%| O|  |TAMS 0x000000008b500000, 0x000000008b500000| Untracked 
| 104|0x000000008b600000, 0x000000008b700000, 0x000000008b700000|100%| O|  |TAMS 0x000000008b600000, 0x000000008b600000| Untracked 
| 105|0x000000008b700000, 0x000000008b800000, 0x000000008b800000|100%| O|  |TAMS 0x000000008b700000, 0x000000008b700000| Untracked 
| 106|0x000000008b800000, 0x000000008b900000, 0x000000008b900000|100%| O|  |TAMS 0x000000008b800000, 0x000000008b800000| Untracked 
| 107|0x000000008b900000, 0x000000008ba00000, 0x000000008ba00000|100%| O|  |TAMS 0x000000008b900000, 0x000000008b900000| Untracked 
| 108|0x000000008ba00000, 0x000000008bb00000, 0x000000008bb00000|100%| O|  |TAMS 0x000000008ba00000, 0x000000008ba00000| Untracked 
| 109|0x000000008bb00000, 0x000000008bc00000, 0x000000008bc00000|100%| O|  |TAMS 0x000000008bb00000, 0x000000008bb00000| Untracked 
| 110|0x000000008bc00000, 0x000000008bd00000, 0x000000008bd00000|100%| O|  |TAMS 0x000000008bc00000, 0x000000008bc00000| Untracked 
| 111|0x000000008bd00000, 0x000000008bde0e00, 0x000000008be00000| 87%| O|  |TAMS 0x000000008bd00000, 0x000000008bd00000| Untracked 
| 112|0x000000008be00000, 0x000000008be00000, 0x000000008bf00000|  0%| F|  |TAMS 0x000000008be00000, 0x000000008be00000| Untracked 
| 113|0x000000008bf00000, 0x000000008bf00000, 0x000000008c000000|  0%| F|  |TAMS 0x000000008bf00000, 0x000000008bf00000| Untracked 
| 114|0x000000008c000000, 0x000000008c000000, 0x000000008c100000|  0%| F|  |TAMS 0x000000008c000000, 0x000000008c000000| Untracked 
| 115|0x000000008c100000, 0x000000008c100000, 0x000000008c200000|  0%| F|  |TAMS 0x000000008c100000, 0x000000008c100000| Untracked 
| 116|0x000000008c200000, 0x000000008c200000, 0x000000008c300000|  0%| F|  |TAMS 0x000000008c200000, 0x000000008c200000| Untracked 
| 117|0x000000008c300000, 0x000000008c300000, 0x000000008c400000|  0%| F|  |TAMS 0x000000008c300000, 0x000000008c300000| Untracked 
| 118|0x000000008c400000, 0x000000008c400000, 0x000000008c500000|  0%| F|  |TAMS 0x000000008c400000, 0x000000008c400000| Untracked 
| 119|0x000000008c500000, 0x000000008c500000, 0x000000008c600000|  0%| F|  |TAMS 0x000000008c500000, 0x000000008c500000| Untracked 
| 120|0x000000008c600000, 0x000000008c600000, 0x000000008c700000|  0%| F|  |TAMS 0x000000008c600000, 0x000000008c600000| Untracked 
| 121|0x000000008c700000, 0x000000008c700000, 0x000000008c800000|  0%| F|  |TAMS 0x000000008c700000, 0x000000008c700000| Untracked 
| 122|0x000000008c800000, 0x000000008c800000, 0x000000008c900000|  0%| F|  |TAMS 0x000000008c800000, 0x000000008c800000| Untracked 
| 123|0x000000008c900000, 0x000000008c900000, 0x000000008ca00000|  0%| F|  |TAMS 0x000000008c900000, 0x000000008c900000| Untracked 
| 124|0x000000008ca00000, 0x000000008ca00000, 0x000000008cb00000|  0%| F|  |TAMS 0x000000008ca00000, 0x000000008ca00000| Untracked 
| 125|0x000000008cb00000, 0x000000008cb00000, 0x000000008cc00000|  0%| F|  |TAMS 0x000000008cb00000, 0x000000008cb00000| Untracked 
| 126|0x000000008cc00000, 0x000000008cc00000, 0x000000008cd00000|  0%| F|  |TAMS 0x000000008cc00000, 0x000000008cc00000| Untracked 
| 127|0x000000008cd00000, 0x000000008cd00000, 0x000000008ce00000|  0%| F|  |TAMS 0x000000008cd00000, 0x000000008cd00000| Untracked 
| 128|0x000000008ce00000, 0x000000008ce00000, 0x000000008cf00000|  0%| F|  |TAMS 0x000000008ce00000, 0x000000008ce00000| Untracked 
| 129|0x000000008cf00000, 0x000000008cf00000, 0x000000008d000000|  0%| F|  |TAMS 0x000000008cf00000, 0x000000008cf00000| Untracked 
| 130|0x000000008d000000, 0x000000008d000000, 0x000000008d100000|  0%| F|  |TAMS 0x000000008d000000, 0x000000008d000000| Untracked 
| 131|0x000000008d100000, 0x000000008d100000, 0x000000008d200000|  0%| F|  |TAMS 0x000000008d100000, 0x000000008d100000| Untracked 
| 132|0x000000008d200000, 0x000000008d200000, 0x000000008d300000|  0%| F|  |TAMS 0x000000008d200000, 0x000000008d200000| Untracked 
| 133|0x000000008d300000, 0x000000008d300000, 0x000000008d400000|  0%| F|  |TAMS 0x000000008d300000, 0x000000008d300000| Untracked 
| 134|0x000000008d400000, 0x000000008d400000, 0x000000008d500000|  0%| F|  |TAMS 0x000000008d400000, 0x000000008d400000| Untracked 
| 135|0x000000008d500000, 0x000000008d500000, 0x000000008d600000|  0%| F|  |TAMS 0x000000008d500000, 0x000000008d500000| Untracked 
| 136|0x000000008d600000, 0x000000008d600000, 0x000000008d700000|  0%| F|  |TAMS 0x000000008d600000, 0x000000008d600000| Untracked 
| 137|0x000000008d700000, 0x000000008d700000, 0x000000008d800000|  0%| F|  |TAMS 0x000000008d700000, 0x000000008d700000| Untracked 
| 138|0x000000008d800000, 0x000000008d800000, 0x000000008d900000|  0%| F|  |TAMS 0x000000008d800000, 0x000000008d800000| Untracked 
| 139|0x000000008d900000, 0x000000008d900000, 0x000000008da00000|  0%| F|  |TAMS 0x000000008d900000, 0x000000008d900000| Untracked 
| 140|0x000000008da00000, 0x000000008da00000, 0x000000008db00000|  0%| F|  |TAMS 0x000000008da00000, 0x000000008da00000| Untracked 
| 141|0x000000008db00000, 0x000000008db00000, 0x000000008dc00000|  0%| F|  |TAMS 0x000000008db00000, 0x000000008db00000| Untracked 
| 142|0x000000008dc00000, 0x000000008dc00000, 0x000000008dd00000|  0%| F|  |TAMS 0x000000008dc00000, 0x000000008dc00000| Untracked 
| 143|0x000000008dd00000, 0x000000008dd00000, 0x000000008de00000|  0%| F|  |TAMS 0x000000008dd00000, 0x000000008dd00000| Untracked 
| 144|0x000000008de00000, 0x000000008de00000, 0x000000008df00000|  0%| F|  |TAMS 0x000000008de00000, 0x000000008de00000| Untracked 
| 145|0x000000008df00000, 0x000000008df00000, 0x000000008e000000|  0%| F|  |TAMS 0x000000008df00000, 0x000000008df00000| Untracked 
| 146|0x000000008e000000, 0x000000008e0b0d80, 0x000000008e100000| 69%| S|CS|TAMS 0x000000008e000000, 0x000000008e000000| Complete 
| 147|0x000000008e100000, 0x000000008e200000, 0x000000008e200000|100%| S|CS|TAMS 0x000000008e100000, 0x000000008e100000| Complete 
| 148|0x000000008e200000, 0x000000008e300000, 0x000000008e300000|100%| S|CS|TAMS 0x000000008e200000, 0x000000008e200000| Complete 
| 149|0x000000008e300000, 0x000000008e400000, 0x000000008e400000|100%| S|CS|TAMS 0x000000008e300000, 0x000000008e300000| Complete 
| 150|0x000000008e400000, 0x000000008e500000, 0x000000008e500000|100%| S|CS|TAMS 0x000000008e400000, 0x000000008e400000| Complete 
| 151|0x000000008e500000, 0x000000008e600000, 0x000000008e600000|100%| S|CS|TAMS 0x000000008e500000, 0x000000008e500000| Complete 
| 152|0x000000008e600000, 0x000000008e700000, 0x000000008e700000|100%| S|CS|TAMS 0x000000008e600000, 0x000000008e600000| Complete 
| 153|0x000000008e700000, 0x000000008e800000, 0x000000008e800000|100%| S|CS|TAMS 0x000000008e700000, 0x000000008e700000| Complete 
| 154|0x000000008e800000, 0x000000008e900000, 0x000000008e900000|100%| S|CS|TAMS 0x000000008e800000, 0x000000008e800000| Complete 
| 155|0x000000008e900000, 0x000000008ea00000, 0x000000008ea00000|100%| S|CS|TAMS 0x000000008e900000, 0x000000008e900000| Complete 
| 156|0x000000008ea00000, 0x000000008eb00000, 0x000000008eb00000|100%| S|CS|TAMS 0x000000008ea00000, 0x000000008ea00000| Complete 
| 157|0x000000008eb00000, 0x000000008eb00000, 0x000000008ec00000|  0%| F|  |TAMS 0x000000008eb00000, 0x000000008eb00000| Untracked 
| 158|0x000000008ec00000, 0x000000008ec00000, 0x000000008ed00000|  0%| F|  |TAMS 0x000000008ec00000, 0x000000008ec00000| Untracked 
| 159|0x000000008ed00000, 0x000000008ed00000, 0x000000008ee00000|  0%| F|  |TAMS 0x000000008ed00000, 0x000000008ed00000| Untracked 
| 160|0x000000008ee00000, 0x000000008ee00000, 0x000000008ef00000|  0%| F|  |TAMS 0x000000008ee00000, 0x000000008ee00000| Untracked 
| 161|0x000000008ef00000, 0x000000008ef00000, 0x000000008f000000|  0%| F|  |TAMS 0x000000008ef00000, 0x000000008ef00000| Untracked 
| 162|0x000000008f000000, 0x000000008f000000, 0x000000008f100000|  0%| F|  |TAMS 0x000000008f000000, 0x000000008f000000| Untracked 
| 163|0x000000008f100000, 0x000000008f100000, 0x000000008f200000|  0%| F|  |TAMS 0x000000008f100000, 0x000000008f100000| Untracked 
| 164|0x000000008f200000, 0x000000008f200000, 0x000000008f300000|  0%| F|  |TAMS 0x000000008f200000, 0x000000008f200000| Untracked 
| 165|0x000000008f300000, 0x000000008f300000, 0x000000008f400000|  0%| F|  |TAMS 0x000000008f300000, 0x000000008f300000| Untracked 
| 166|0x000000008f400000, 0x000000008f400000, 0x000000008f500000|  0%| F|  |TAMS 0x000000008f400000, 0x000000008f400000| Untracked 
| 167|0x000000008f500000, 0x000000008f500000, 0x000000008f600000|  0%| F|  |TAMS 0x000000008f500000, 0x000000008f500000| Untracked 
| 168|0x000000008f600000, 0x000000008f600000, 0x000000008f700000|  0%| F|  |TAMS 0x000000008f600000, 0x000000008f600000| Untracked 
| 169|0x000000008f700000, 0x000000008f700000, 0x000000008f800000|  0%| F|  |TAMS 0x000000008f700000, 0x000000008f700000| Untracked 
| 170|0x000000008f800000, 0x000000008f800000, 0x000000008f900000|  0%| F|  |TAMS 0x000000008f800000, 0x000000008f800000| Untracked 
| 171|0x000000008f900000, 0x000000008f900000, 0x000000008fa00000|  0%| F|  |TAMS 0x000000008f900000, 0x000000008f900000| Untracked 
| 172|0x000000008fa00000, 0x000000008fa00000, 0x000000008fb00000|  0%| F|  |TAMS 0x000000008fa00000, 0x000000008fa00000| Untracked 
| 173|0x000000008fb00000, 0x000000008fb00000, 0x000000008fc00000|  0%| F|  |TAMS 0x000000008fb00000, 0x000000008fb00000| Untracked 
| 174|0x000000008fc00000, 0x000000008fc00000, 0x000000008fd00000|  0%| F|  |TAMS 0x000000008fc00000, 0x000000008fc00000| Untracked 
| 175|0x000000008fd00000, 0x000000008fd00000, 0x000000008fe00000|  0%| F|  |TAMS 0x000000008fd00000, 0x000000008fd00000| Untracked 
| 176|0x000000008fe00000, 0x000000008fe00000, 0x000000008ff00000|  0%| F|  |TAMS 0x000000008fe00000, 0x000000008fe00000| Untracked 
| 177|0x000000008ff00000, 0x000000008ff00000, 0x0000000090000000|  0%| F|  |TAMS 0x000000008ff00000, 0x000000008ff00000| Untracked 
| 178|0x0000000090000000, 0x0000000090000000, 0x0000000090100000|  0%| F|  |TAMS 0x0000000090000000, 0x0000000090000000| Untracked 
| 179|0x0000000090100000, 0x0000000090100000, 0x0000000090200000|  0%| F|  |TAMS 0x0000000090100000, 0x0000000090100000| Untracked 
| 180|0x0000000090200000, 0x0000000090200000, 0x0000000090300000|  0%| F|  |TAMS 0x0000000090200000, 0x0000000090200000| Untracked 
| 181|0x0000000090300000, 0x0000000090300000, 0x0000000090400000|  0%| F|  |TAMS 0x0000000090300000, 0x0000000090300000| Untracked 
| 182|0x0000000090400000, 0x0000000090400000, 0x0000000090500000|  0%| F|  |TAMS 0x0000000090400000, 0x0000000090400000| Untracked 
| 183|0x0000000090500000, 0x0000000090500000, 0x0000000090600000|  0%| F|  |TAMS 0x0000000090500000, 0x0000000090500000| Untracked 
| 184|0x0000000090600000, 0x0000000090600000, 0x0000000090700000|  0%| F|  |TAMS 0x0000000090600000, 0x0000000090600000| Untracked 
| 185|0x0000000090700000, 0x0000000090700000, 0x0000000090800000|  0%| F|  |TAMS 0x0000000090700000, 0x0000000090700000| Untracked 
| 186|0x0000000090800000, 0x0000000090800000, 0x0000000090900000|  0%| F|  |TAMS 0x0000000090800000, 0x0000000090800000| Untracked 
| 187|0x0000000090900000, 0x0000000090900000, 0x0000000090a00000|  0%| F|  |TAMS 0x0000000090900000, 0x0000000090900000| Untracked 
| 188|0x0000000090a00000, 0x0000000090a00000, 0x0000000090b00000|  0%| F|  |TAMS 0x0000000090a00000, 0x0000000090a00000| Untracked 
| 189|0x0000000090b00000, 0x0000000090b00000, 0x0000000090c00000|  0%| F|  |TAMS 0x0000000090b00000, 0x0000000090b00000| Untracked 
| 190|0x0000000090c00000, 0x0000000090c00000, 0x0000000090d00000|  0%| F|  |TAMS 0x0000000090c00000, 0x0000000090c00000| Untracked 
| 191|0x0000000090d00000, 0x0000000090d00000, 0x0000000090e00000|  0%| F|  |TAMS 0x0000000090d00000, 0x0000000090d00000| Untracked 
| 192|0x0000000090e00000, 0x0000000090e00000, 0x0000000090f00000|  0%| F|  |TAMS 0x0000000090e00000, 0x0000000090e00000| Untracked 
| 193|0x0000000090f00000, 0x0000000090f00000, 0x0000000091000000|  0%| F|  |TAMS 0x0000000090f00000, 0x0000000090f00000| Untracked 
| 194|0x0000000091000000, 0x0000000091000000, 0x0000000091100000|  0%| F|  |TAMS 0x0000000091000000, 0x0000000091000000| Untracked 
| 195|0x0000000091100000, 0x0000000091100000, 0x0000000091200000|  0%| F|  |TAMS 0x0000000091100000, 0x0000000091100000| Untracked 
| 196|0x0000000091200000, 0x0000000091200000, 0x0000000091300000|  0%| F|  |TAMS 0x0000000091200000, 0x0000000091200000| Untracked 
| 197|0x0000000091300000, 0x0000000091300000, 0x0000000091400000|  0%| F|  |TAMS 0x0000000091300000, 0x0000000091300000| Untracked 
| 198|0x0000000091400000, 0x0000000091400000, 0x0000000091500000|  0%| F|  |TAMS 0x0000000091400000, 0x0000000091400000| Untracked 
| 199|0x0000000091500000, 0x0000000091500000, 0x0000000091600000|  0%| F|  |TAMS 0x0000000091500000, 0x0000000091500000| Untracked 
| 200|0x0000000091600000, 0x0000000091600000, 0x0000000091700000|  0%| F|  |TAMS 0x0000000091600000, 0x0000000091600000| Untracked 
| 201|0x0000000091700000, 0x0000000091700000, 0x0000000091800000|  0%| F|  |TAMS 0x0000000091700000, 0x0000000091700000| Untracked 
| 202|0x0000000091800000, 0x0000000091800000, 0x0000000091900000|  0%| F|  |TAMS 0x0000000091800000, 0x0000000091800000| Untracked 
| 203|0x0000000091900000, 0x0000000091900000, 0x0000000091a00000|  0%| F|  |TAMS 0x0000000091900000, 0x0000000091900000| Untracked 
| 204|0x0000000091a00000, 0x0000000091a00000, 0x0000000091b00000|  0%| F|  |TAMS 0x0000000091a00000, 0x0000000091a00000| Untracked 
| 205|0x0000000091b00000, 0x0000000091b00000, 0x0000000091c00000|  0%| F|  |TAMS 0x0000000091b00000, 0x0000000091b00000| Untracked 
| 206|0x0000000091c00000, 0x0000000091c00000, 0x0000000091d00000|  0%| F|  |TAMS 0x0000000091c00000, 0x0000000091c00000| Untracked 
| 207|0x0000000091d00000, 0x0000000091d00000, 0x0000000091e00000|  0%| F|  |TAMS 0x0000000091d00000, 0x0000000091d00000| Untracked 
| 208|0x0000000091e00000, 0x0000000091e00000, 0x0000000091f00000|  0%| F|  |TAMS 0x0000000091e00000, 0x0000000091e00000| Untracked 
| 209|0x0000000091f00000, 0x0000000091f00000, 0x0000000092000000|  0%| F|  |TAMS 0x0000000091f00000, 0x0000000091f00000| Untracked 
| 210|0x0000000092000000, 0x0000000092000000, 0x0000000092100000|  0%| F|  |TAMS 0x0000000092000000, 0x0000000092000000| Untracked 
| 211|0x0000000092100000, 0x0000000092100000, 0x0000000092200000|  0%| F|  |TAMS 0x0000000092100000, 0x0000000092100000| Untracked 
| 212|0x0000000092200000, 0x0000000092200000, 0x0000000092300000|  0%| F|  |TAMS 0x0000000092200000, 0x0000000092200000| Untracked 
| 213|0x0000000092300000, 0x0000000092300000, 0x0000000092400000|  0%| F|  |TAMS 0x0000000092300000, 0x0000000092300000| Untracked 
| 214|0x0000000092400000, 0x0000000092400000, 0x0000000092500000|  0%| F|  |TAMS 0x0000000092400000, 0x0000000092400000| Untracked 
| 215|0x0000000092500000, 0x0000000092500000, 0x0000000092600000|  0%| F|  |TAMS 0x0000000092500000, 0x0000000092500000| Untracked 
| 216|0x0000000092600000, 0x0000000092600000, 0x0000000092700000|  0%| F|  |TAMS 0x0000000092600000, 0x0000000092600000| Untracked 
| 217|0x0000000092700000, 0x0000000092700000, 0x0000000092800000|  0%| F|  |TAMS 0x0000000092700000, 0x0000000092700000| Untracked 
| 218|0x0000000092800000, 0x0000000092800000, 0x0000000092900000|  0%| F|  |TAMS 0x0000000092800000, 0x0000000092800000| Untracked 
| 219|0x0000000092900000, 0x0000000092900000, 0x0000000092a00000|  0%| F|  |TAMS 0x0000000092900000, 0x0000000092900000| Untracked 
| 220|0x0000000092a00000, 0x0000000092a00000, 0x0000000092b00000|  0%| F|  |TAMS 0x0000000092a00000, 0x0000000092a00000| Untracked 
| 221|0x0000000092b00000, 0x0000000092b00000, 0x0000000092c00000|  0%| F|  |TAMS 0x0000000092b00000, 0x0000000092b00000| Untracked 
| 222|0x0000000092c00000, 0x0000000092c00000, 0x0000000092d00000|  0%| F|  |TAMS 0x0000000092c00000, 0x0000000092c00000| Untracked 
| 223|0x0000000092d00000, 0x0000000092d00000, 0x0000000092e00000|  0%| F|  |TAMS 0x0000000092d00000, 0x0000000092d00000| Untracked 
| 224|0x0000000092e00000, 0x0000000092e00000, 0x0000000092f00000|  0%| F|  |TAMS 0x0000000092e00000, 0x0000000092e00000| Untracked 
| 225|0x0000000092f00000, 0x0000000092f00000, 0x0000000093000000|  0%| F|  |TAMS 0x0000000092f00000, 0x0000000092f00000| Untracked 
| 226|0x0000000093000000, 0x0000000093000000, 0x0000000093100000|  0%| F|  |TAMS 0x0000000093000000, 0x0000000093000000| Untracked 
| 227|0x0000000093100000, 0x0000000093100000, 0x0000000093200000|  0%| F|  |TAMS 0x0000000093100000, 0x0000000093100000| Untracked 
| 228|0x0000000093200000, 0x0000000093200000, 0x0000000093300000|  0%| F|  |TAMS 0x0000000093200000, 0x0000000093200000| Untracked 
| 229|0x0000000093300000, 0x0000000093300000, 0x0000000093400000|  0%| F|  |TAMS 0x0000000093300000, 0x0000000093300000| Untracked 
| 230|0x0000000093400000, 0x0000000093400000, 0x0000000093500000|  0%| F|  |TAMS 0x0000000093400000, 0x0000000093400000| Untracked 
| 231|0x0000000093500000, 0x0000000093500000, 0x0000000093600000|  0%| F|  |TAMS 0x0000000093500000, 0x0000000093500000| Untracked 
| 232|0x0000000093600000, 0x0000000093600000, 0x0000000093700000|  0%| F|  |TAMS 0x0000000093600000, 0x0000000093600000| Untracked 
| 233|0x0000000093700000, 0x0000000093700000, 0x0000000093800000|  0%| F|  |TAMS 0x0000000093700000, 0x0000000093700000| Untracked 
| 234|0x0000000093800000, 0x0000000093800000, 0x0000000093900000|  0%| F|  |TAMS 0x0000000093800000, 0x0000000093800000| Untracked 
| 235|0x0000000093900000, 0x0000000093900000, 0x0000000093a00000|  0%| F|  |TAMS 0x0000000093900000, 0x0000000093900000| Untracked 
| 236|0x0000000093a00000, 0x0000000093a00000, 0x0000000093b00000|  0%| F|  |TAMS 0x0000000093a00000, 0x0000000093a00000| Untracked 
| 237|0x0000000093b00000, 0x0000000093b00000, 0x0000000093c00000|  0%| F|  |TAMS 0x0000000093b00000, 0x0000000093b00000| Untracked 
| 238|0x0000000093c00000, 0x0000000093c00000, 0x0000000093d00000|  0%| F|  |TAMS 0x0000000093c00000, 0x0000000093c00000| Untracked 
| 239|0x0000000093d00000, 0x0000000093d00000, 0x0000000093e00000|  0%| F|  |TAMS 0x0000000093d00000, 0x0000000093d00000| Untracked 
| 240|0x0000000093e00000, 0x0000000093e00000, 0x0000000093f00000|  0%| F|  |TAMS 0x0000000093e00000, 0x0000000093e00000| Untracked 
| 241|0x0000000093f00000, 0x0000000093f00000, 0x0000000094000000|  0%| F|  |TAMS 0x0000000093f00000, 0x0000000093f00000| Untracked 
| 242|0x0000000094000000, 0x0000000094000000, 0x0000000094100000|  0%| F|  |TAMS 0x0000000094000000, 0x0000000094000000| Untracked 
| 243|0x0000000094100000, 0x0000000094100000, 0x0000000094200000|  0%| F|  |TAMS 0x0000000094100000, 0x0000000094100000| Untracked 
| 244|0x0000000094200000, 0x0000000094200000, 0x0000000094300000|  0%| F|  |TAMS 0x0000000094200000, 0x0000000094200000| Untracked 
| 245|0x0000000094300000, 0x0000000094300000, 0x0000000094400000|  0%| F|  |TAMS 0x0000000094300000, 0x0000000094300000| Untracked 
| 246|0x0000000094400000, 0x0000000094400000, 0x0000000094500000|  0%| F|  |TAMS 0x0000000094400000, 0x0000000094400000| Untracked 
| 247|0x0000000094500000, 0x0000000094500000, 0x0000000094600000|  0%| F|  |TAMS 0x0000000094500000, 0x0000000094500000| Untracked 
| 248|0x0000000094600000, 0x0000000094600000, 0x0000000094700000|  0%| F|  |TAMS 0x0000000094600000, 0x0000000094600000| Untracked 
| 249|0x0000000094700000, 0x0000000094700000, 0x0000000094800000|  0%| F|  |TAMS 0x0000000094700000, 0x0000000094700000| Untracked 
| 250|0x0000000094800000, 0x0000000094800000, 0x0000000094900000|  0%| F|  |TAMS 0x0000000094800000, 0x0000000094800000| Untracked 
| 251|0x0000000094900000, 0x0000000094900000, 0x0000000094a00000|  0%| F|  |TAMS 0x0000000094900000, 0x0000000094900000| Untracked 
| 252|0x0000000094a00000, 0x0000000094a00000, 0x0000000094b00000|  0%| F|  |TAMS 0x0000000094a00000, 0x0000000094a00000| Untracked 
| 253|0x0000000094b00000, 0x0000000094b00000, 0x0000000094c00000|  0%| F|  |TAMS 0x0000000094b00000, 0x0000000094b00000| Untracked 
| 254|0x0000000094c00000, 0x0000000094c00000, 0x0000000094d00000|  0%| F|  |TAMS 0x0000000094c00000, 0x0000000094c00000| Untracked 
| 255|0x0000000094d00000, 0x0000000094d00000, 0x0000000094e00000|  0%| F|  |TAMS 0x0000000094d00000, 0x0000000094d00000| Untracked 
| 256|0x0000000094e00000, 0x0000000094e00000, 0x0000000094f00000|  0%| F|  |TAMS 0x0000000094e00000, 0x0000000094e00000| Untracked 
| 257|0x0000000094f00000, 0x0000000094f00000, 0x0000000095000000|  0%| F|  |TAMS 0x0000000094f00000, 0x0000000094f00000| Untracked 
| 258|0x0000000095000000, 0x0000000095000000, 0x0000000095100000|  0%| F|  |TAMS 0x0000000095000000, 0x0000000095000000| Untracked 
| 259|0x0000000095100000, 0x0000000095100000, 0x0000000095200000|  0%| F|  |TAMS 0x0000000095100000, 0x0000000095100000| Untracked 
| 260|0x0000000095200000, 0x0000000095200000, 0x0000000095300000|  0%| F|  |TAMS 0x0000000095200000, 0x0000000095200000| Untracked 
| 261|0x0000000095300000, 0x0000000095300000, 0x0000000095400000|  0%| F|  |TAMS 0x0000000095300000, 0x0000000095300000| Untracked 
| 262|0x0000000095400000, 0x0000000095400000, 0x0000000095500000|  0%| F|  |TAMS 0x0000000095400000, 0x0000000095400000| Untracked 
| 263|0x0000000095500000, 0x0000000095500000, 0x0000000095600000|  0%| F|  |TAMS 0x0000000095500000, 0x0000000095500000| Untracked 
| 264|0x0000000095600000, 0x0000000095600000, 0x0000000095700000|  0%| F|  |TAMS 0x0000000095600000, 0x0000000095600000| Untracked 
| 265|0x0000000095700000, 0x0000000095700000, 0x0000000095800000|  0%| F|  |TAMS 0x0000000095700000, 0x0000000095700000| Untracked 
| 266|0x0000000095800000, 0x0000000095800000, 0x0000000095900000|  0%| F|  |TAMS 0x0000000095800000, 0x0000000095800000| Untracked 
| 267|0x0000000095900000, 0x0000000095900000, 0x0000000095a00000|  0%| F|  |TAMS 0x0000000095900000, 0x0000000095900000| Untracked 
| 268|0x0000000095a00000, 0x0000000095a00000, 0x0000000095b00000|  0%| F|  |TAMS 0x0000000095a00000, 0x0000000095a00000| Untracked 
|1966|0x00000000ffc00000, 0x00000000ffd00000, 0x00000000ffd00000|100%| O|  |TAMS 0x00000000ffd00000, 0x00000000ffc00000| Untracked 
|1967|0x00000000ffd00000, 0x00000000ffd00000, 0x00000000ffe00000|  0%| F|  |TAMS 0x00000000ffd00000, 0x00000000ffd00000| Untracked 
|1968|0x00000000ffe00000, 0x00000000ffe00000, 0x00000000fff00000|  0%| F|  |TAMS 0x00000000ffe00000, 0x00000000ffe00000| Untracked 
|1969|0x00000000fff00000, 0x00000000fff00000, 0x0000000100000000|  0%| F|  |TAMS 0x00000000fff00000, 0x00000000fff00000| Untracked 

Card table byte_map: [0x000001c375f40000,0x000001c376320000] _byte_map_base: 0x000001c375b19000

Marking Bits (Prev, Next): (CMBitMap*) 0x000001c36b601218, (CMBitMap*) 0x000001c36b6011d8
 Prev Bits: [0x000001c3785d0000, 0x000001c37a498000)
 Next Bits: [0x000001c376700000, 0x000001c3785c8000)

Polling page: 0x000001c36b690000

Metaspace:

Usage:
  Non-class:     42.70 MB capacity,    41.55 MB ( 97%) used,     1.06 MB (  2%) free+waste,    98.69 KB ( <1%) overhead. 
      Class:      5.96 MB capacity,     5.34 MB ( 90%) used,   584.96 KB ( 10%) free+waste,    44.31 KB ( <1%) overhead. 
       Both:     48.66 MB capacity,    46.89 MB ( 96%) used,     1.63 MB (  3%) free+waste,   143.00 KB ( <1%) overhead. 

Virtual space:
  Non-class space:       44.00 MB reserved,      42.75 MB ( 97%) committed 
      Class space:        1.00 GB reserved,       6.00 MB ( <1%) committed 
             Both:        1.04 GB reserved,      48.75 MB (  5%) committed 

Chunk freelists:
   Non-Class:  53.00 KB
       Class:  12.00 KB
        Both:  65.00 KB

MaxMetaspaceSize: 17179869184.00 GB
CompressedClassSpaceSize: 1.00 GB

CodeHeap 'non-profiled nmethods': size=120000Kb used=9414Kb max_used=9596Kb free=110586Kb
 bounds [0x000001c307ad0000, 0x000001c308440000, 0x000001c30f000000]
CodeHeap 'profiled nmethods': size=120000Kb used=21469Kb max_used=23269Kb free=98530Kb
 bounds [0x000001c3005a0000, 0x000001c301c60000, 0x000001c307ad0000]
CodeHeap 'non-nmethods': size=5760Kb used=1271Kb max_used=1360Kb free=4488Kb
 bounds [0x000001c300000000, 0x000001c300270000, 0x000001c3005a0000]
 total_blobs=17070 nmethods=9036 adapters=454
 compilation: enabled
              stopped_count=0, restarted_count=0
 full_count=0

Compilation events (20 events):
Event: 74.883 Thread 0x000001c37cb08800 12101       4       org.apache.bcel.classfile.ConstantDouble::accept (8 bytes)
Event: 74.884 Thread 0x000001c37cb08800 nmethod 12101 0x000001c308292690 code [0x000001c308292820, 0x000001c3082928f8]
Event: 74.900 Thread 0x000001c37cb14800 12102       3       org.apache.bcel.classfile.DescendingVisitor::visitBootstrapMethods (26 bytes)
Event: 74.901 Thread 0x000001c37cb14800 nmethod 12102 0x000001c300910390 code [0x000001c300910620, 0x000001c300911b28]
Event: 74.901 Thread 0x000001c37cb14800 12103       3       org.apache.bcel.classfile.EmptyVisitor::visitBootstrapMethods (1 bytes)
Event: 74.901 Thread 0x000001c37cb14800 nmethod 12103 0x000001c300b8c210 code [0x000001c300b8c3a0, 0x000001c300b8c4b8]
Event: 74.925 Thread 0x000001c37cb08800 12104       4       org.apache.bcel.classfile.EmptyVisitor::visitConstantMethodHandle (1 bytes)
Event: 74.925 Thread 0x000001c37cb08800 nmethod 12104 0x000001c308292390 code [0x000001c308292500, 0x000001c308292578]
Event: 75.015 Thread 0x000001c37cb14800 12106       3       org.apache.bcel.classfile.Method::getCode (42 bytes)
Event: 75.016 Thread 0x000001c37cb14800 nmethod 12106 0x000001c30080df10 code [0x000001c30080e0c0, 0x000001c30080e518]
Event: 75.016 Thread 0x000001c37cb14800 12105       3       org.apache.bcel.classfile.Method::getLineNumberTable (16 bytes)
Event: 75.016 Thread 0x000001c37cb14800 nmethod 12105 0x000001c300ade310 code [0x000001c300ade4c0, 0x000001c300ade698]
Event: 75.018 Thread 0x000001c37cb14800 12107       3       org.apache.bcel.classfile.Code::getLineNumberTable (42 bytes)
Event: 75.018 Thread 0x000001c37cb14800 nmethod 12107 0x000001c30090ca90 code [0x000001c30090cc40, 0x000001c30090d098]
Event: 75.022 Thread 0x000001c37cb14800 12108       1       org.apache.maven.shared.jar.JarData::isSealed (5 bytes)
Event: 75.022 Thread 0x000001c37cb14800 nmethod 12108 0x000001c3082ff090 code [0x000001c3082ff220, 0x000001c3082ff2f8]
Event: 75.029 Thread 0x000001c37cb14800 12109       1       org.apache.bcel.classfile.Attribute::getLength (5 bytes)
Event: 75.029 Thread 0x000001c37cb14800 nmethod 12109 0x000001c3082fed90 code [0x000001c3082fef20, 0x000001c3082feff8]
Event: 75.206 Thread 0x000001c37cb14800 12110       3       org.apache.bcel.classfile.AnnotationDefault::accept (8 bytes)
Event: 75.206 Thread 0x000001c37cb14800 nmethod 12110 0x000001c300afd810 code [0x000001c300afd9c0, 0x000001c300afdba8]

GC Heap History (20 events):
Event: 70.379 GC heap after
{Heap after GC invocations=51 (full 0):
 garbage-first heap   total 194560K, used 92793K [0x0000000084e00000, 0x0000000100000000)
  region size 1024K, 5 young (5120K), 5 survivors (5120K)
 Metaspace       used 48007K, capacity 49823K, committed 49920K, reserved 1093632K
  class space    used 5470K, capacity 6100K, committed 6144K, reserved 1048576K
}
Event: 70.711 GC heap before
{Heap before GC invocations=51 (full 0):
 garbage-first heap   total 194560K, used 166521K [0x0000000084e00000, 0x0000000100000000)
  region size 1024K, 77 young (78848K), 5 survivors (5120K)
 Metaspace       used 48008K, capacity 49823K, committed 49920K, reserved 1093632K
  class space    used 5470K, capacity 6100K, committed 6144K, reserved 1048576K
}
Event: 70.717 GC heap after
{Heap after GC invocations=52 (full 0):
 garbage-first heap   total 194560K, used 95344K [0x0000000084e00000, 0x0000000100000000)
  region size 1024K, 8 young (8192K), 8 survivors (8192K)
 Metaspace       used 48008K, capacity 49823K, committed 49920K, reserved 1093632K
  class space    used 5470K, capacity 6100K, committed 6144K, reserved 1048576K
}
Event: 71.080 GC heap before
{Heap before GC invocations=53 (full 0):
 garbage-first heap   total 208896K, used 163952K [0x0000000084e00000, 0x0000000100000000)
  region size 1024K, 75 young (76800K), 8 survivors (8192K)
 Metaspace       used 48008K, capacity 49823K, committed 49920K, reserved 1093632K
  class space    used 5470K, capacity 6100K, committed 6144K, reserved 1048576K
}
Event: 71.089 GC heap after
{Heap after GC invocations=54 (full 0):
 garbage-first heap   total 208896K, used 98000K [0x0000000084e00000, 0x0000000100000000)
  region size 1024K, 8 young (8192K), 8 survivors (8192K)
 Metaspace       used 48008K, capacity 49823K, committed 49920K, reserved 1093632K
  class space    used 5470K, capacity 6100K, committed 6144K, reserved 1048576K
}
Event: 71.414 GC heap before
{Heap before GC invocations=54 (full 0):
 garbage-first heap   total 208896K, used 177872K [0x0000000084e00000, 0x0000000100000000)
  region size 1024K, 86 young (88064K), 8 survivors (8192K)
 Metaspace       used 48008K, capacity 49823K, committed 49920K, reserved 1093632K
  class space    used 5470K, capacity 6100K, committed 6144K, reserved 1048576K
}
Event: 71.422 GC heap after
{Heap after GC invocations=55 (full 0):
 garbage-first heap   total 208896K, used 100783K [0x0000000084e00000, 0x0000000100000000)
  region size 1024K, 8 young (8192K), 8 survivors (8192K)
 Metaspace       used 48008K, capacity 49823K, committed 49920K, reserved 1093632K
  class space    used 5470K, capacity 6100K, committed 6144K, reserved 1048576K
}
Event: 71.763 GC heap before
{Heap before GC invocations=55 (full 0):
 garbage-first heap   total 208896K, used 178607K [0x0000000084e00000, 0x0000000100000000)
  region size 1024K, 84 young (86016K), 8 survivors (8192K)
 Metaspace       used 48008K, capacity 49823K, committed 49920K, reserved 1093632K
  class space    used 5470K, capacity 6100K, committed 6144K, reserved 1048576K
}
Event: 71.771 GC heap after
{Heap after GC invocations=56 (full 0):
 garbage-first heap   total 208896K, used 103765K [0x0000000084e00000, 0x0000000100000000)
  region size 1024K, 9 young (9216K), 9 survivors (9216K)
 Metaspace       used 48008K, capacity 49823K, committed 49920K, reserved 1093632K
  class space    used 5470K, capacity 6100K, committed 6144K, reserved 1048576K
}
Event: 72.108 GC heap before
{Heap before GC invocations=56 (full 0):
 garbage-first heap   total 208896K, used 177493K [0x0000000084e00000, 0x0000000100000000)
  region size 1024K, 81 young (82944K), 9 survivors (9216K)
 Metaspace       used 48009K, capacity 49823K, committed 49920K, reserved 1093632K
  class space    used 5470K, capacity 6100K, committed 6144K, reserved 1048576K
}
Event: 72.118 GC heap after
{Heap after GC invocations=57 (full 0):
 garbage-first heap   total 208896K, used 107120K [0x0000000084e00000, 0x0000000100000000)
  region size 1024K, 7 young (7168K), 7 survivors (7168K)
 Metaspace       used 48009K, capacity 49823K, committed 49920K, reserved 1093632K
  class space    used 5470K, capacity 6100K, committed 6144K, reserved 1048576K
}
Event: 72.475 GC heap before
{Heap before GC invocations=58 (full 0):
 garbage-first heap   total 232448K, used 176752K [0x0000000084e00000, 0x0000000100000000)
  region size 1024K, 76 young (77824K), 7 survivors (7168K)
 Metaspace       used 48009K, capacity 49823K, committed 49920K, reserved 1093632K
  class space    used 5470K, capacity 6100K, committed 6144K, reserved 1048576K
}
Event: 72.484 GC heap after
{Heap after GC invocations=59 (full 0):
 garbage-first heap   total 279552K, used 109791K [0x0000000084e00000, 0x0000000100000000)
  region size 1024K, 6 young (6144K), 6 survivors (6144K)
 Metaspace       used 48009K, capacity 49823K, committed 49920K, reserved 1093632K
  class space    used 5470K, capacity 6100K, committed 6144K, reserved 1048576K
}
Event: 73.361 GC heap before
{Heap before GC invocations=59 (full 0):
 garbage-first heap   total 279552K, used 237791K [0x0000000084e00000, 0x0000000100000000)
  region size 1024K, 130 young (133120K), 6 survivors (6144K)
 Metaspace       used 48009K, capacity 49823K, committed 49920K, reserved 1093632K
  class space    used 5470K, capacity 6100K, committed 6144K, reserved 1048576K
}
Event: 73.371 GC heap after
{Heap after GC invocations=60 (full 0):
 garbage-first heap   total 279552K, used 116222K [0x0000000084e00000, 0x0000000100000000)
  region size 1024K, 12 young (12288K), 12 survivors (12288K)
 Metaspace       used 48009K, capacity 49823K, committed 49920K, reserved 1093632K
  class space    used 5470K, capacity 6100K, committed 6144K, reserved 1048576K
}
Event: 74.070 GC heap before
{Heap before GC invocations=60 (full 0):
 garbage-first heap   total 279552K, used 233982K [0x0000000084e00000, 0x0000000100000000)
  region size 1024K, 127 young (130048K), 12 survivors (12288K)
 Metaspace       used 48010K, capacity 49823K, committed 49920K, reserved 1093632K
  class space    used 5470K, capacity 6100K, committed 6144K, reserved 1048576K
}
Event: 74.081 GC heap after
{Heap after GC invocations=61 (full 0):
 garbage-first heap   total 279552K, used 119682K [0x0000000084e00000, 0x0000000100000000)
  region size 1024K, 12 young (12288K), 12 survivors (12288K)
 Metaspace       used 48010K, capacity 49823K, committed 49920K, reserved 1093632K
  class space    used 5470K, capacity 6100K, committed 6144K, reserved 1048576K
}
Event: 74.779 GC heap before
{Heap before GC invocations=61 (full 0):
 garbage-first heap   total 279552K, used 236418K [0x0000000084e00000, 0x0000000100000000)
  region size 1024K, 126 young (129024K), 12 survivors (12288K)
 Metaspace       used 48010K, capacity 49823K, committed 49920K, reserved 1093632K
  class space    used 5470K, capacity 6100K, committed 6144K, reserved 1048576K
}
Event: 74.790 GC heap after
{Heap after GC invocations=62 (full 0):
 garbage-first heap   total 279552K, used 122755K [0x0000000084e00000, 0x0000000100000000)
  region size 1024K, 7 young (7168K), 7 survivors (7168K)
 Metaspace       used 48010K, capacity 49823K, committed 49920K, reserved 1093632K
  class space    used 5470K, capacity 6100K, committed 6144K, reserved 1048576K
}
Event: 75.290 GC heap before
{Heap before GC invocations=62 (full 0):
 garbage-first heap   total 279552K, used 239491K [0x0000000084e00000, 0x0000000100000000)
  region size 1024K, 121 young (123904K), 7 survivors (7168K)
 Metaspace       used 48013K, capacity 49823K, committed 49920K, reserved 1093632K
  class space    used 5470K, capacity 6100K, committed 6144K, reserved 1048576K
}

Deoptimization events (20 events):
Event: 70.560 Thread 0x000001c36b5c2000 DEOPT PACKING pc=0x000001c300b6f1e2 sp=0x0000000d4fafd4e0
Event: 70.560 Thread 0x000001c36b5c2000 DEOPT UNPACKING pc=0x000001c30004964e sp=0x0000000d4fafc970 mode 0
Event: 71.181 Thread 0x000001c36b5c2000 DEOPT PACKING pc=0x000001c300b6f1e2 sp=0x0000000d4fafd4e0
Event: 71.181 Thread 0x000001c36b5c2000 DEOPT UNPACKING pc=0x000001c30004964e sp=0x0000000d4fafc970 mode 0
Event: 74.599 Thread 0x000001c36b5c2000 Uncommon trap: trap_request=0xffffffde fr.pc=0x000001c308292c0c relative=0x000000000000006c
Event: 74.599 Thread 0x000001c36b5c2000 Uncommon trap: reason=class_check action=maybe_recompile pc=0x000001c308292c0c method=org.apache.bcel.classfile.ConstantDouble.accept(Lorg/apache/bcel/classfile/Visitor;)V @ 2 c2
Event: 74.599 Thread 0x000001c36b5c2000 DEOPT PACKING pc=0x000001c308292c0c sp=0x0000000d4fafd7a0
Event: 74.599 Thread 0x000001c36b5c2000 DEOPT UNPACKING pc=0x000001c30004912f sp=0x0000000d4fafd728 mode 2
Event: 74.600 Thread 0x000001c36b5c2000 Uncommon trap: trap_request=0xffffffde fr.pc=0x000001c308292c0c relative=0x000000000000006c
Event: 74.600 Thread 0x000001c36b5c2000 Uncommon trap: reason=class_check action=maybe_recompile pc=0x000001c308292c0c method=org.apache.bcel.classfile.ConstantDouble.accept(Lorg/apache/bcel/classfile/Visitor;)V @ 2 c2
Event: 74.600 Thread 0x000001c36b5c2000 DEOPT PACKING pc=0x000001c308292c0c sp=0x0000000d4fafd7a0
Event: 74.600 Thread 0x000001c36b5c2000 DEOPT UNPACKING pc=0x000001c30004912f sp=0x0000000d4fafd728 mode 2
Event: 74.601 Thread 0x000001c36b5c2000 Uncommon trap: trap_request=0xffffffde fr.pc=0x000001c308292c0c relative=0x000000000000006c
Event: 74.601 Thread 0x000001c36b5c2000 Uncommon trap: reason=class_check action=maybe_recompile pc=0x000001c308292c0c method=org.apache.bcel.classfile.ConstantDouble.accept(Lorg/apache/bcel/classfile/Visitor;)V @ 2 c2
Event: 74.601 Thread 0x000001c36b5c2000 DEOPT PACKING pc=0x000001c308292c0c sp=0x0000000d4fafd7a0
Event: 74.601 Thread 0x000001c36b5c2000 DEOPT UNPACKING pc=0x000001c30004912f sp=0x0000000d4fafd728 mode 2
Event: 74.601 Thread 0x000001c36b5c2000 Uncommon trap: trap_request=0xffffffde fr.pc=0x000001c308292c0c relative=0x000000000000006c
Event: 74.601 Thread 0x000001c36b5c2000 Uncommon trap: reason=class_check action=maybe_recompile pc=0x000001c308292c0c method=org.apache.bcel.classfile.ConstantDouble.accept(Lorg/apache/bcel/classfile/Visitor;)V @ 2 c2
Event: 74.601 Thread 0x000001c36b5c2000 DEOPT PACKING pc=0x000001c308292c0c sp=0x0000000d4fafd7a0
Event: 74.601 Thread 0x000001c36b5c2000 DEOPT UNPACKING pc=0x000001c30004912f sp=0x0000000d4fafd728 mode 2

Classes unloaded (0 events):
No events

Classes redefined (0 events):
No events

Internal exceptions (20 events):
Event: 30.487 Thread 0x000001c36b5c2000 Implicit null exception at 0x000001c3080ef284 to 0x000001c3080f6c0c
Event: 31.052 Thread 0x000001c36b5c2000 Exception <a 'java/lang/NoClassDefFoundError'{0x000000008c2876b8}: org/sonatype/aether/resolution/ArtifactDescriptorException> (0x000000008c2876b8) 
thrown [t:/workspace/open/src/hotspot/share/classfile/systemDictionary.cpp, line 215]
Event: 31.068 Thread 0x000001c36b5c2000 Exception <a 'java/lang/NoClassDefFoundError'{0x000000008c171b20}: org/sonatype/aether/collection/DependencyCollectionException> (0x000000008c171b20) 
thrown [t:/workspace/open/src/hotspot/share/classfile/systemDictionary.cpp, line 215]
Event: 31.070 Thread 0x000001c36b5c2000 Exception <a 'java/lang/NoClassDefFoundError'{0x000000008c1a10f8}: org/sonatype/aether/installation/InstallationException> (0x000000008c1a10f8) 
thrown [t:/workspace/open/src/hotspot/share/classfile/systemDictionary.cpp, line 215]
Event: 31.103 Thread 0x000001c36b5c2000 Exception <a 'java/lang/NoClassDefFoundError'{0x000000008c003be0}: org/sonatype/aether/RepositoryCache> (0x000000008c003be0) 
thrown [t:/workspace/open/src/hotspot/share/classfile/systemDictionary.cpp, line 215]
Event: 31.106 Thread 0x000001c36b5c2000 Exception <a 'java/lang/NoClassDefFoundError'{0x000000008c0289f0}: org/sonatype/aether/resolution/ArtifactResolutionException> (0x000000008c0289f0) 
thrown [t:/workspace/open/src/hotspot/share/classfile/systemDictionary.cpp, line 215]
Event: 31.127 Thread 0x000001c36b5c2000 Exception <a 'java/lang/NoClassDefFoundError'{0x000000008bf6c598}: org/sonatype/aether/RepositoryCache> (0x000000008bf6c598) 
thrown [t:/workspace/open/src/hotspot/share/classfile/systemDictionary.cpp, line 215]
Event: 31.130 Thread 0x000001c36b5c2000 Exception <a 'java/lang/NoClassDefFoundError'{0x000000008bf88008}: org/sonatype/aether/version/VersionConstraint> (0x000000008bf88008) 
thrown [t:/workspace/open/src/hotspot/share/classfile/systemDictionary.cpp, line 215]
Event: 31.143 Thread 0x000001c36b5c2000 Exception <a 'java/lang/NoClassDefFoundError'{0x000000008be5fa40}: org/sonatype/aether/deployment/DeploymentException> (0x000000008be5fa40) 
thrown [t:/workspace/open/src/hotspot/share/classfile/systemDictionary.cpp, line 215]
Event: 31.638 Thread 0x000001c36b5c2000 Exception <a 'java/lang/NoSuchMethodError'{0x000000008b1e20d8}: 'void java.lang.invoke.DirectMethodHandle$Holder.invokeStatic(java.lang.Object, long)'> (0x000000008b1e20d8) 
thrown [t:/workspace/open/src/hotspot/share/interpreter/linkResolver.cpp, line 766]
Event: 31.640 Thread 0x000001c36b5c2000 Exception <a 'java/lang/NoSuchMethodError'{0x000000008b1ec488}: 'java.lang.Object java.lang.invoke.DirectMethodHandle$Holder.invokeStaticInit(java.lang.Object, java.lang.Object, long, java.lang.Object)'> (0x000000008b1ec488) 
thrown [t:/workspace/open/src/hotspot/share/interpreter/linkResolver.cpp, line 766]
Event: 32.151 Thread 0x000001c36b5c2000 Exception <a 'java/lang/ClassNotFoundException'{0x000000008b047be0}: sun/net/www/protocol/c/Handler> (0x000000008b047be0) 
thrown [t:/workspace/open/src/hotspot/share/classfile/systemDictionary.cpp, line 226]
Event: 32.153 Thread 0x000001c36b5c2000 Exception <a 'java/lang/ClassNotFoundException'{0x000000008b05e528}: sun/net/www/protocol/c/Handler> (0x000000008b05e528) 
thrown [t:/workspace/open/src/hotspot/share/classfile/systemDictionary.cpp, line 226]
Event: 33.700 Thread 0x000001c36b5c2000 Exception <a 'java/lang/NoClassDefFoundError'{0x000000008e737968}: org/sonatype/aether/version/VersionConstraint> (0x000000008e737968) 
thrown [t:/workspace/open/src/hotspot/share/classfile/systemDictionary.cpp, line 215]
Event: 35.448 Thread 0x000001c36b5c2000 Exception <a 'java/lang/NoClassDefFoundError'{0x00000000904cf448}: org/sonatype/aether/version/VersionConstraint> (0x00000000904cf448) 
thrown [t:/workspace/open/src/hotspot/share/classfile/systemDictionary.cpp, line 215]
Event: 42.397 Thread 0x000001c37cadf000 Implicit null exception at 0x000001c308075bf4 to 0x000001c3080764c4
Event: 42.397 Thread 0x000001c37cadf000 Implicit null exception at 0x000001c307b8a759 to 0x000001c307b8aa1c
Event: 43.551 Thread 0x000001c36b5c2000 Exception <a 'java/lang/NoClassDefFoundError'{0x000000008fbe2d10}: org/sonatype/aether/version/VersionConstraint> (0x000000008fbe2d10) 
thrown [t:/workspace/open/src/hotspot/share/classfile/systemDictionary.cpp, line 215]
Event: 47.854 Thread 0x000001c36b5c2000 Exception <a 'java/lang/NoClassDefFoundError'{0x000000008e72cf38}: org/sonatype/aether/version/VersionConstraint> (0x000000008e72cf38) 
thrown [t:/workspace/open/src/hotspot/share/classfile/systemDictionary.cpp, line 215]
Event: 64.582 Thread 0x000001c36b5c2000 Implicit null exception at 0x000001c3082bf86c to 0x000001c3082bfe18

Events (20 events):
Event: 71.089 Executing VM operation: G1CollectForAllocation done
Event: 71.414 Executing VM operation: G1CollectForAllocation
Event: 71.422 Executing VM operation: G1CollectForAllocation done
Event: 71.763 Executing VM operation: G1CollectForAllocation
Event: 71.771 Executing VM operation: G1CollectForAllocation done
Event: 72.108 Executing VM operation: G1CollectForAllocation
Event: 72.118 Executing VM operation: G1CollectForAllocation done
Event: 72.276 Executing VM operation: G1Concurrent
Event: 72.284 Executing VM operation: G1Concurrent done
Event: 72.370 Executing VM operation: G1Concurrent
Event: 72.370 Executing VM operation: G1Concurrent done
Event: 72.475 Executing VM operation: G1CollectForAllocation
Event: 72.484 Executing VM operation: G1CollectForAllocation done
Event: 73.361 Executing VM operation: G1CollectForAllocation
Event: 73.371 Executing VM operation: G1CollectForAllocation done
Event: 74.070 Executing VM operation: G1CollectForAllocation
Event: 74.081 Executing VM operation: G1CollectForAllocation done
Event: 74.779 Executing VM operation: G1CollectForAllocation
Event: 74.790 Executing VM operation: G1CollectForAllocation done
Event: 75.290 Executing VM operation: G1CollectForAllocation


Dynamic libraries:
0x00007ff779790000 - 0x00007ff77979f000 	C:\Program Files\Java\jdk-14\bin\javaw.exe
0x00007ff9f1640000 - 0x00007ff9f1830000 	C:\Windows\SYSTEM32\ntdll.dll
0x00007ff9ef9f0000 - 0x00007ff9efaa2000 	C:\Windows\System32\KERNEL32.DLL
0x00007ff9eeeb0000 - 0x00007ff9ef153000 	C:\Windows\System32\KERNELBASE.dll
0x00007ff9ef300000 - 0x00007ff9ef3fa000 	C:\Windows\System32\ucrtbase.dll
0x00007ff9e7860000 - 0x00007ff9e7875000 	C:\Program Files\Java\jdk-14\bin\VCRUNTIME140.dll
0x00007ff9ea240000 - 0x00007ff9ea258000 	C:\Program Files\Java\jdk-14\bin\jli.dll
0x00007ff9f0bc0000 - 0x00007ff9f0c63000 	C:\Windows\System32\ADVAPI32.dll
0x00007ff9ef810000 - 0x00007ff9ef8ae000 	C:\Windows\System32\msvcrt.dll
0x00007ff9f1480000 - 0x00007ff9f1517000 	C:\Windows\System32\sechost.dll
0x00007ff9ef6f0000 - 0x00007ff9ef810000 	C:\Windows\System32\RPCRT4.dll
0x00007ff9f0ce0000 - 0x00007ff9f0e74000 	C:\Windows\System32\USER32.dll
0x00007ff9ee5d0000 - 0x00007ff9ee5f1000 	C:\Windows\System32\win32u.dll
0x00007ff9f0810000 - 0x00007ff9f0836000 	C:\Windows\System32\GDI32.dll
0x00007ff9ef160000 - 0x00007ff9ef2f4000 	C:\Windows\System32\gdi32full.dll
0x00007ff9ef650000 - 0x00007ff9ef6ee000 	C:\Windows\System32\msvcp_win.dll
0x00007ff9d97a0000 - 0x00007ff9d9a25000 	C:\Windows\WinSxS\amd64_microsoft.windows.common-controls_6595b64144ccf1df_6.0.18362.720_none_e6beb5c51314836b\COMCTL32.dll
0x00007ff9efab0000 - 0x00007ff9efde6000 	C:\Windows\System32\combase.dll
0x00007ff9e2e90000 - 0x00007ff9e2e9a000 	C:\Windows\SYSTEM32\VERSION.dll
0x00007ff9eedb0000 - 0x00007ff9eee30000 	C:\Windows\System32\bcryptPrimitives.dll
0x00007ff9f0b10000 - 0x00007ff9f0b3e000 	C:\Windows\System32\IMM32.DLL
0x00007ff9cbe10000 - 0x00007ff9cbeab000 	C:\Program Files\Java\jdk-14\bin\msvcp140.dll
0x00007ff99ff70000 - 0x00007ff9a0a8f000 	C:\Program Files\Java\jdk-14\bin\server\jvm.dll
0x00007ff9f1580000 - 0x00007ff9f1588000 	C:\Windows\System32\PSAPI.DLL
0x00007ff9eb510000 - 0x00007ff9eb534000 	C:\Windows\SYSTEM32\WINMM.dll
0x00007ff9eb4e0000 - 0x00007ff9eb50d000 	C:\Windows\SYSTEM32\WINMMBASE.dll
0x00007ff9ef400000 - 0x00007ff9ef44a000 	C:\Windows\System32\cfgmgr32.dll
0x00007ff9ea370000 - 0x00007ff9ea379000 	C:\Windows\SYSTEM32\WSOCK32.dll
0x00007ff9f0c70000 - 0x00007ff9f0cdf000 	C:\Windows\System32\WS2_32.dll
0x00007ff9ee5b0000 - 0x00007ff9ee5c1000 	C:\Windows\System32\kernel.appcore.dll
0x00007ff9ea0d0000 - 0x00007ff9ea0da000 	C:\Program Files\Java\jdk-14\bin\jimage.dll
0x00007ff9dad10000 - 0x00007ff9daf04000 	C:\Windows\SYSTEM32\DBGHELP.DLL
0x00007ff9db060000 - 0x00007ff9db08a000 	C:\Windows\SYSTEM32\dbgcore.DLL
0x00007ff9e6140000 - 0x00007ff9e6165000 	C:\Program Files\Java\jdk-14\bin\java.dll
0x00007ff9e6070000 - 0x00007ff9e6087000 	C:\Program Files\Java\jdk-14\bin\zip.dll
0x00007ff9efdf0000 - 0x00007ff9f04d5000 	C:\Windows\System32\SHELL32.dll
0x00007ff9f0760000 - 0x00007ff9f0809000 	C:\Windows\System32\shcore.dll
0x00007ff9ee600000 - 0x00007ff9eed80000 	C:\Windows\System32\windows.storage.dll
0x00007ff9ee510000 - 0x00007ff9ee533000 	C:\Windows\System32\profapi.dll
0x00007ff9ee560000 - 0x00007ff9ee5aa000 	C:\Windows\System32\powrprof.dll
0x00007ff9ee500000 - 0x00007ff9ee510000 	C:\Windows\System32\UMPDC.dll
0x00007ff9ef990000 - 0x00007ff9ef9e2000 	C:\Windows\System32\shlwapi.dll
0x00007ff9eee30000 - 0x00007ff9eee47000 	C:\Windows\System32\cryptsp.dll
0x00007ff9e6050000 - 0x00007ff9e6069000 	C:\Program Files\Java\jdk-14\bin\net.dll
0x00007ff9e1a30000 - 0x00007ff9e1b21000 	C:\Windows\SYSTEM32\WINHTTP.dll
0x00007ff9edd70000 - 0x00007ff9eddd7000 	C:\Windows\system32\mswsock.dll
0x00007ff9df3a0000 - 0x00007ff9df3b2000 	C:\Program Files\Java\jdk-14\bin\nio.dll
0x00007ff9e6130000 - 0x00007ff9e6140000 	C:\Program Files\Java\jdk-14\bin\verify.dll
0x00007ff9ed8e0000 - 0x00007ff9ed913000 	C:\Windows\system32\rsaenh.dll
0x00007ff9eed80000 - 0x00007ff9eeda6000 	C:\Windows\System32\bcrypt.dll
0x00007ff9ee420000 - 0x00007ff9ee445000 	C:\Windows\SYSTEM32\USERENV.dll
0x00007ff9edf40000 - 0x00007ff9edf4c000 	C:\Windows\SYSTEM32\CRYPTBASE.dll
0x00007ff9eda80000 - 0x00007ff9edaba000 	C:\Windows\SYSTEM32\IPHLPAPI.DLL
0x00007ff9f0840000 - 0x00007ff9f0848000 	C:\Windows\System32\NSI.dll
0x00007ff9e3670000 - 0x00007ff9e3686000 	C:\Windows\SYSTEM32\dhcpcsvc6.DLL
0x00007ff9e3650000 - 0x00007ff9e366c000 	C:\Windows\SYSTEM32\dhcpcsvc.DLL
0x00007ff9edac0000 - 0x00007ff9edb8a000 	C:\Windows\SYSTEM32\DNSAPI.dll
0x00007ff9e7880000 - 0x00007ff9e788a000 	C:\Users\lenovo\AppData\Local\Temp\jansi-1.17.1-17569135459515227309.dll
0x00007ff9e6770000 - 0x00007ff9e677a000 	C:\Users\lenovo\AppData\Local\Temp\jansi-1.17.1-2539032437440702418.dll

dbghelp: loaded successfully - version: 4.0.5 - missing functions: none
symbol engine: initialized successfully - sym options: 0x614 - pdb path: .;C:\Program Files\Java\jdk-14\bin;C:\Windows\SYSTEM32;C:\Windows\WinSxS\amd64_microsoft.windows.common-controls_6595b64144ccf1df_6.0.18362.720_none_e6beb5c51314836b;C:\Program Files\Java\jdk-14\bin\server;C:\Users\lenovo\AppData\Local\Temp

VM Arguments:
jvm_args: -Dmaven.home=EMBEDDED -Dclassworlds.conf=C:\Users\lenovo\eclipse-workspace\.metadata\.plugins\org.eclipse.m2e.launching\launches\m2conf2842857518386999346.tmp -Dmaven.multiModuleProjectDirectory=C:\Thesis\Thesis\fedx -Dfile.encoding=Cp1252 
java_command: org.codehaus.plexus.classworlds.launcher.Launcher -B clean compile dependency:tree test test-compile package install site
java_class_path (initial): C:\Users\lenovo\.p2\pool\plugins\org.eclipse.m2e.maven.runtime_1.15.0.20200310-1832\jars\plexus-classworlds-2.6.0.jar
Launcher Type: SUN_STANDARD

[Global flags]
     intx CICompilerCount                          = 3                                         {product} {ergonomic}
     uint ConcGCThreads                            = 1                                         {product} {ergonomic}
     uint G1ConcRefinementThreads                  = 4                                         {product} {ergonomic}
   size_t G1HeapRegionSize                         = 1048576                                   {product} {ergonomic}
    uintx GCDrainStackTargetSize                   = 64                                        {product} {ergonomic}
   size_t InitialHeapSize                          = 130023424                                 {product} {ergonomic}
   size_t MarkStackSize                            = 4194304                                   {product} {ergonomic}
   size_t MaxHeapSize                              = 2065694720                                {product} {ergonomic}
   size_t MaxNewSize                               = 1239416832                                {product} {ergonomic}
   size_t MinHeapDeltaBytes                        = 1048576                                   {product} {ergonomic}
   size_t MinHeapSize                              = 8388608                                   {product} {ergonomic}
    uintx NonNMethodCodeHeapSize                   = 5832780                                {pd product} {ergonomic}
    uintx NonProfiledCodeHeapSize                  = 122912730                              {pd product} {ergonomic}
    uintx ProfiledCodeHeapSize                     = 122912730                              {pd product} {ergonomic}
    uintx ReservedCodeCacheSize                    = 251658240                              {pd product} {ergonomic}
     bool SegmentedCodeCache                       = true                                      {product} {ergonomic}
   size_t SoftMaxHeapSize                          = 2065694720                             {manageable} {ergonomic}
     bool UseCompressedClassPointers               = true                                 {lp64_product} {ergonomic}
     bool UseCompressedOops                        = true                                 {lp64_product} {ergonomic}
     bool UseG1GC                                  = true                                      {product} {ergonomic}
     bool UseLargePagesIndividualAllocation        = false                                  {pd product} {ergonomic}

Logging:
Log output configuration:
 #0: stdout all=warning uptime,level,tags
 #1: stderr all=off uptime,level,tags

Environment Variables:
JAVA_HOME=C:\Program Files\Java\jdk-14
PATH=C:/Program Files/Java/jdk-14/bin/server;C:/Program Files/Java/jdk-14/bin;C:\Windows\system32;C:\Windows;C:\Windows\System32\Wbem;C:\Windows\System32\WindowsPowerShell\v1.0\;C:\Windows\System32\OpenSSH\;C:\Program Files\Git\cmd;C:\Users\lenovo\Downloads\apache-maven-3.6.3-bin\apache-maven-3.6.3\bin;C:\Users\lenovo\AppData\Local\Microsoft\WindowsApps;;C:\Windows\system32;
USERNAME=lenovo
OS=Windows_NT
PROCESSOR_IDENTIFIER=Intel64 Family 6 Model 60 Stepping 3, GenuineIntel



---------------  S Y S T E M  ---------------

OS: Windows 10 , 64 bit Build 18362 (10.0.18362.329)
OS uptime: 0 days 23:40 hours

CPU:total 4 (initial active 4) (2 cores per cpu, 2 threads per core) family 6 model 60 stepping 3, cmov, cx8, fxsr, mmx, sse, sse2, sse3, ssse3, sse4.1, sse4.2, popcnt, avx, avx2, aes, clmul, erms, lzcnt, ht, tsc, tscinvbit, bmi1, bmi2, fma

Memory: 4k page, system-wide physical 7878M (1139M free)
TotalPageFile size 32454M (AvailPageFile size 9M)
current process WorkingSet (physical memory assigned to process): 455M, peak: 455M
current process commit charge ("private bytes"): 488M, peak: 543M

vm_info: Java HotSpot(TM) 64-Bit Server VM (14+36-1461) for windows-amd64 JRE (14+36-1461), built on Feb  6 2020 19:08:04 by "mach5one" with MS VC++ 15.9 (VS2017)

END.
