#
# There is insufficient memory for the Java Runtime Environment to continue.
# Native memory allocation (malloc) failed to allocate 1054256 bytes for Chunk::new
# Possible reasons:
#   The system is out of physical RAM or swap space
#   The process is running with CompressedOops enabled, and the Java Heap may be blocking the growth of the native heap
# Possible solutions:
#   Reduce memory load on the system
#   Increase physical memory or swap space
#   Check if swap backing store is full
#   Decrease Java heap size (-Xmx/-Xms)
#   Decrease number of Java threads
#   Decrease Java thread stack sizes (-Xss)
#   Set larger code cache with -XX:ReservedCodeCacheSize=
#   JVM is running with Unscaled Compressed Oops mode in which the Java heap is
#     placed in the first 4GB address space. The Java Heap base address is the
#     maximum limit for the native heap growth. Please use -XX:HeapBaseMinAddress
#     to set the Java Heap base and to place the Java Heap above 4GB virtual address.
# This output file may be truncated or incomplete.
#
#  Out of Memory Error (t:/workspace/open/src/hotspot/share/memory/arena.cpp:195), pid=16200, tid=13340
#
# JRE version: Java(TM) SE Runtime Environment (14.0+36) (build 14+36-1461)
# Java VM: Java HotSpot(TM) 64-Bit Server VM (14+36-1461, mixed mode, sharing, tiered, compressed oops, g1 gc, windows-amd64)
# No core dump will be written. Minidumps are not enabled by default on client versions of Windows
#

---------------  S U M M A R Y ------------

Command Line: -Dmaven.home=EMBEDDED -Dclassworlds.conf=C:\Users\lenovo\eclipse-workspace\.metadata\.plugins\org.eclipse.m2e.launching\launches\m2conf9868634655130491989.tmp -Dmaven.multiModuleProjectDirectory=C:\Thesis\Thesis\fedx -Dfile.encoding=Cp1252 org.codehaus.plexus.classworlds.launcher.Launcher -B clean compile dependency:tree test test-compile package install site

Host: Intel(R) Core(TM) i5-4210M CPU @ 2.60GHz, 4 cores, 7G,  Windows 10 , 64 bit Build 18362 (10.0.18362.329)
Time: Fri Apr 10 15:20:27 2020 W. Europe Daylight Time elapsed time: 33 seconds (0d 0h 0m 33s)

---------------  T H R E A D  ---------------

Current thread (0x00000140d58b4000):  JavaThread "C2 CompilerThread0" daemon [_thread_in_native, id=13340, stack(0x0000001bd1e00000,0x0000001bd1f00000)]


Current CompileTask:
C2:  33933 9802       4       org.codehaus.plexus.util.xml.Xpp3Dom::mergeIntoXpp3Dom (490 bytes)

Stack: [0x0000001bd1e00000,0x0000001bd1f00000]
Native frames: (J=compiled Java code, j=interpreted, Vv=VM code, C=native code)
V  [jvm.dll+0x5f83ea]
V  [jvm.dll+0x741e2a]
V  [jvm.dll+0x7435df]
V  [jvm.dll+0x743c23]
V  [jvm.dll+0x20d268]
V  [jvm.dll+0xabb07]
V  [jvm.dll+0xac1fc]
V  [jvm.dll+0x276d94]
V  [jvm.dll+0x50ca2a]
V  [jvm.dll+0x1ee1ba]
V  [jvm.dll+0x1e7cdb]
V  [jvm.dll+0x1e4f78]
V  [jvm.dll+0x1779cc]
V  [jvm.dll+0x1f40e5]
V  [jvm.dll+0x1f22cb]
V  [jvm.dll+0x706a7d]
V  [jvm.dll+0x6ff89a]
V  [jvm.dll+0x5f72a6]
C  [ucrtbase.dll+0x20e72]
C  [KERNEL32.DLL+0x17bd4]
C  [ntdll.dll+0x6ced1]


---------------  P R O C E S S  ---------------

Threads class SMR info:
_java_thread_list=0x00000140d67f3aa0, length=12, elements={
0x00000140b72e0000, 0x00000140d588e800, 0x00000140d588f800, 0x00000140d58ac800,
0x00000140d58ad800, 0x00000140d58ae000, 0x00000140d58b4000, 0x00000140d58b7800,
0x00000140d58b8800, 0x00000140d6331000, 0x00000140d633d000, 0x00000140d685e000
}

Java Threads: ( => current thread )
  0x00000140b72e0000 JavaThread "main" [_thread_in_native, id=15008, stack(0x0000001bd1200000,0x0000001bd1300000)]
  0x00000140d588e800 JavaThread "Reference Handler" daemon [_thread_blocked, id=10052, stack(0x0000001bd1900000,0x0000001bd1a00000)]
  0x00000140d588f800 JavaThread "Finalizer" daemon [_thread_blocked, id=17932, stack(0x0000001bd1a00000,0x0000001bd1b00000)]
  0x00000140d58ac800 JavaThread "Signal Dispatcher" daemon [_thread_blocked, id=8420, stack(0x0000001bd1b00000,0x0000001bd1c00000)]
  0x00000140d58ad800 JavaThread "Attach Listener" daemon [_thread_blocked, id=2056, stack(0x0000001bd1c00000,0x0000001bd1d00000)]
  0x00000140d58ae000 JavaThread "Service Thread" daemon [_thread_blocked, id=15864, stack(0x0000001bd1d00000,0x0000001bd1e00000)]
=>0x00000140d58b4000 JavaThread "C2 CompilerThread0" daemon [_thread_in_native, id=13340, stack(0x0000001bd1e00000,0x0000001bd1f00000)]
  0x00000140d58b7800 JavaThread "C1 CompilerThread0" daemon [_thread_blocked, id=17740, stack(0x0000001bd1f00000,0x0000001bd2000000)]
  0x00000140d58b8800 JavaThread "Sweeper thread" daemon [_thread_blocked, id=13656, stack(0x0000001bd2000000,0x0000001bd2100000)]
  0x00000140d6331000 JavaThread "Notification Thread" daemon [_thread_blocked, id=14632, stack(0x0000001bd2100000,0x0000001bd2200000)]
  0x00000140d633d000 JavaThread "Common-Cleaner" daemon [_thread_blocked, id=3512, stack(0x0000001bd2300000,0x0000001bd2400000)]
  0x00000140d685e000 JavaThread "C2 CompilerThread1" daemon [_thread_blocked, id=15636, stack(0x0000001bd2b00000,0x0000001bd2c00000)]

Other Threads:
  0x00000140d588d000 VMThread "VM Thread" [stack: 0x0000001bd1800000,0x0000001bd1900000] [id=16224]
  0x00000140d6339800 WatcherThread [stack: 0x0000001bd2200000,0x0000001bd2300000] [id=16900]
  0x00000140b731e000 GCTaskThread "GC Thread#0" [stack: 0x0000001bd1300000,0x0000001bd1400000] [id=13924]
  0x00000140d6c4b800 GCTaskThread "GC Thread#1" [stack: 0x0000001bd2400000,0x0000001bd2500000] [id=17172]
  0x00000140d76ed000 GCTaskThread "GC Thread#2" [stack: 0x0000001bd2900000,0x0000001bd2a00000] [id=5772]
  0x00000140b7331800 ConcurrentGCThread "G1 Main Marker" [stack: 0x0000001bd1400000,0x0000001bd1500000] [id=13120]
  0x00000140b7333800 ConcurrentGCThread "G1 Conc#0" [stack: 0x0000001bd1500000,0x0000001bd1600000] [id=13964]
  0x00000140d56f0800 ConcurrentGCThread "G1 Refine#0" [stack: 0x0000001bd1600000,0x0000001bd1700000] [id=2748]
  0x00000140d6615000 ConcurrentGCThread "G1 Refine#1" [stack: 0x0000001bd2600000,0x0000001bd2700000] [id=2236]
  0x00000140d7933000 ConcurrentGCThread "G1 Refine#2" [stack: 0x0000001bd2700000,0x0000001bd2800000] [id=15612]
  0x00000140d7486800 ConcurrentGCThread "G1 Refine#3" [stack: 0x0000001bd2800000,0x0000001bd2900000] [id=7860]
  0x00000140d56f4000 ConcurrentGCThread "G1 Young RemSet Sampling" [stack: 0x0000001bd1700000,0x0000001bd1800000] [id=13112]

Threads with active compile tasks:
C2 CompilerThread0    34212 9802       4       org.codehaus.plexus.util.xml.Xpp3Dom::mergeIntoXpp3Dom (490 bytes)

VM state:not at safepoint (normal execution)

VM Mutex/Monitor currently owned by a thread: None

Heap address: 0x0000000084e00000, size: 1970 MB, Compressed Oops mode: 32-bit
Narrow klass base: 0x0000000800000000, Narrow klass shift: 3
Compressed class space size: 1073741824 Address: 0x0000000800b30000

Heap:
 garbage-first heap   total 199680K, used 107443K [0x0000000084e00000, 0x0000000100000000)
  region size 1024K, 41 young (41984K), 5 survivors (5120K)
 Metaspace       used 31189K, capacity 32113K, committed 32128K, reserved 1077248K
  class space    used 3349K, capacity 3702K, committed 3712K, reserved 1048576K
Heap Regions: E=young(eden), S=young(survivor), O=old, HS=humongous(starts), HC=humongous(continues), CS=collection set, F=free, OA=open archive, CA=closed archive, TAMS=top-at-mark-start (previous, next)
|   0|0x0000000084e00000, 0x0000000084f00000, 0x0000000084f00000|100%| O|  |TAMS 0x0000000084f00000, 0x0000000084e00000| Untracked 
|   1|0x0000000084f00000, 0x0000000085000000, 0x0000000085000000|100%| O|  |TAMS 0x0000000085000000, 0x0000000084f00000| Untracked 
|   2|0x0000000085000000, 0x0000000085100000, 0x0000000085100000|100%| O|  |TAMS 0x0000000085100000, 0x0000000085000000| Untracked 
|   3|0x0000000085100000, 0x0000000085200000, 0x0000000085200000|100%| O|  |TAMS 0x0000000085200000, 0x0000000085100000| Untracked 
|   4|0x0000000085200000, 0x0000000085300000, 0x0000000085300000|100%| O|  |TAMS 0x0000000085300000, 0x0000000085200000| Untracked 
|   5|0x0000000085300000, 0x0000000085400000, 0x0000000085400000|100%| O|  |TAMS 0x0000000085400000, 0x0000000085300000| Untracked 
|   6|0x0000000085400000, 0x0000000085500000, 0x0000000085500000|100%| O|  |TAMS 0x0000000085500000, 0x0000000085400000| Untracked 
|   7|0x0000000085500000, 0x0000000085600000, 0x0000000085600000|100%| O|  |TAMS 0x0000000085600000, 0x0000000085500000| Untracked 
|   8|0x0000000085600000, 0x0000000085700000, 0x0000000085700000|100%| O|  |TAMS 0x0000000085700000, 0x0000000085600000| Untracked 
|   9|0x0000000085700000, 0x0000000085800000, 0x0000000085800000|100%| O|  |TAMS 0x0000000085800000, 0x0000000085700000| Untracked 
|  10|0x0000000085800000, 0x0000000085900000, 0x0000000085900000|100%| O|  |TAMS 0x0000000085900000, 0x0000000085800000| Untracked 
|  11|0x0000000085900000, 0x0000000085a00000, 0x0000000085a00000|100%| O|  |TAMS 0x0000000085a00000, 0x0000000085900000| Untracked 
|  12|0x0000000085a00000, 0x0000000085b00000, 0x0000000085b00000|100%| O|  |TAMS 0x0000000085b00000, 0x0000000085a00000| Untracked 
|  13|0x0000000085b00000, 0x0000000085c00000, 0x0000000085c00000|100%| O|  |TAMS 0x0000000085c00000, 0x0000000085b00000| Untracked 
|  14|0x0000000085c00000, 0x0000000085d00000, 0x0000000085d00000|100%| O|  |TAMS 0x0000000085d00000, 0x0000000085c00000| Untracked 
|  15|0x0000000085d00000, 0x0000000085e00000, 0x0000000085e00000|100%| O|  |TAMS 0x0000000085e00000, 0x0000000085d00000| Untracked 
|  16|0x0000000085e00000, 0x0000000085f00000, 0x0000000085f00000|100%| O|  |TAMS 0x0000000085f00000, 0x0000000085e00000| Untracked 
|  17|0x0000000085f00000, 0x0000000086000000, 0x0000000086000000|100%| O|  |TAMS 0x0000000086000000, 0x0000000085f00000| Untracked 
|  18|0x0000000086000000, 0x0000000086100000, 0x0000000086100000|100%| O|  |TAMS 0x0000000086100000, 0x0000000086000000| Untracked 
|  19|0x0000000086100000, 0x0000000086200000, 0x0000000086200000|100%| O|  |TAMS 0x0000000086200000, 0x0000000086100000| Untracked 
|  20|0x0000000086200000, 0x0000000086300000, 0x0000000086300000|100%| O|  |TAMS 0x0000000086300000, 0x0000000086200000| Untracked 
|  21|0x0000000086300000, 0x0000000086400000, 0x0000000086400000|100%| O|  |TAMS 0x0000000086400000, 0x0000000086300000| Untracked 
|  22|0x0000000086400000, 0x0000000086500000, 0x0000000086500000|100%| O|  |TAMS 0x0000000086400000, 0x0000000086400000| Untracked 
|  23|0x0000000086500000, 0x0000000086600000, 0x0000000086600000|100%| O|  |TAMS 0x0000000086600000, 0x0000000086500000| Untracked 
|  24|0x0000000086600000, 0x0000000086700000, 0x0000000086700000|100%| O|  |TAMS 0x0000000086700000, 0x0000000086600000| Untracked 
|  25|0x0000000086700000, 0x0000000086800000, 0x0000000086800000|100%| O|  |TAMS 0x0000000086800000, 0x0000000086700000| Untracked 
|  26|0x0000000086800000, 0x0000000086900000, 0x0000000086900000|100%| O|  |TAMS 0x0000000086900000, 0x0000000086800000| Untracked 
|  27|0x0000000086900000, 0x0000000086a00000, 0x0000000086a00000|100%| O|  |TAMS 0x0000000086a00000, 0x0000000086900000| Untracked 
|  28|0x0000000086a00000, 0x0000000086b00000, 0x0000000086b00000|100%| O|  |TAMS 0x0000000086b00000, 0x0000000086a00000| Untracked 
|  29|0x0000000086b00000, 0x0000000086c00000, 0x0000000086c00000|100%| O|  |TAMS 0x0000000086c00000, 0x0000000086b00000| Untracked 
|  30|0x0000000086c00000, 0x0000000086d00000, 0x0000000086d00000|100%| O|  |TAMS 0x0000000086d00000, 0x0000000086c00000| Untracked 
|  31|0x0000000086d00000, 0x0000000086e00000, 0x0000000086e00000|100%| O|  |TAMS 0x0000000086e00000, 0x0000000086d00000| Untracked 
|  32|0x0000000086e00000, 0x0000000086f00000, 0x0000000086f00000|100%| O|  |TAMS 0x0000000086f00000, 0x0000000086e00000| Untracked 
|  33|0x0000000086f00000, 0x0000000087000000, 0x0000000087000000|100%| O|  |TAMS 0x0000000087000000, 0x0000000086f00000| Untracked 
|  34|0x0000000087000000, 0x0000000087100000, 0x0000000087100000|100%| O|  |TAMS 0x0000000087100000, 0x0000000087000000| Untracked 
|  35|0x0000000087100000, 0x0000000087200000, 0x0000000087200000|100%| O|  |TAMS 0x0000000087200000, 0x0000000087100000| Untracked 
|  36|0x0000000087200000, 0x0000000087300000, 0x0000000087300000|100%| O|  |TAMS 0x0000000087300000, 0x0000000087200000| Untracked 
|  37|0x0000000087300000, 0x0000000087400000, 0x0000000087400000|100%| O|  |TAMS 0x0000000087400000, 0x0000000087300000| Untracked 
|  38|0x0000000087400000, 0x0000000087500000, 0x0000000087500000|100%| O|  |TAMS 0x0000000087500000, 0x0000000087400000| Untracked 
|  39|0x0000000087500000, 0x0000000087600000, 0x0000000087600000|100%| O|  |TAMS 0x00000000875ad600, 0x0000000087500000| Untracked 
|  40|0x0000000087600000, 0x0000000087700000, 0x0000000087700000|100%|HS|  |TAMS 0x0000000087700000, 0x0000000087600000| Complete 
|  41|0x0000000087700000, 0x0000000087800000, 0x0000000087800000|100%|HC|  |TAMS 0x0000000087800000, 0x0000000087700000| Complete 
|  42|0x0000000087800000, 0x0000000087900000, 0x0000000087900000|100%| O|  |TAMS 0x0000000087800000, 0x0000000087800000| Untracked 
|  43|0x0000000087900000, 0x0000000087a00000, 0x0000000087a00000|100%| O|  |TAMS 0x0000000087900000, 0x0000000087900000| Untracked 
|  44|0x0000000087a00000, 0x0000000087b00000, 0x0000000087b00000|100%| O|  |TAMS 0x0000000087a00000, 0x0000000087a00000| Untracked 
|  45|0x0000000087b00000, 0x0000000087c00000, 0x0000000087c00000|100%| O|  |TAMS 0x0000000087b00000, 0x0000000087b00000| Untracked 
|  46|0x0000000087c00000, 0x0000000087d00000, 0x0000000087d00000|100%| O|  |TAMS 0x0000000087c00000, 0x0000000087c00000| Untracked 
|  47|0x0000000087d00000, 0x0000000087e00000, 0x0000000087e00000|100%| O|  |TAMS 0x0000000087d00000, 0x0000000087d00000| Untracked 
|  48|0x0000000087e00000, 0x0000000087f00000, 0x0000000087f00000|100%| O|  |TAMS 0x0000000087e00000, 0x0000000087e00000| Untracked 
|  49|0x0000000087f00000, 0x0000000088000000, 0x0000000088000000|100%| O|  |TAMS 0x0000000087f00000, 0x0000000087f00000| Untracked 
|  50|0x0000000088000000, 0x0000000088100000, 0x0000000088100000|100%| O|  |TAMS 0x0000000088000000, 0x0000000088000000| Untracked 
|  51|0x0000000088100000, 0x0000000088200000, 0x0000000088200000|100%| O|  |TAMS 0x0000000088100000, 0x0000000088100000| Untracked 
|  52|0x0000000088200000, 0x0000000088300000, 0x0000000088300000|100%| O|  |TAMS 0x0000000088200000, 0x0000000088200000| Untracked 
|  53|0x0000000088300000, 0x0000000088400000, 0x0000000088400000|100%| O|  |TAMS 0x0000000088300000, 0x0000000088300000| Untracked 
|  54|0x0000000088400000, 0x0000000088500000, 0x0000000088500000|100%| O|  |TAMS 0x0000000088400000, 0x0000000088400000| Untracked 
|  55|0x0000000088500000, 0x0000000088600000, 0x0000000088600000|100%| O|  |TAMS 0x0000000088500000, 0x0000000088500000| Untracked 
|  56|0x0000000088600000, 0x0000000088700000, 0x0000000088700000|100%| O|  |TAMS 0x0000000088600000, 0x0000000088600000| Untracked 
|  57|0x0000000088700000, 0x0000000088800000, 0x0000000088800000|100%| O|  |TAMS 0x0000000088700000, 0x0000000088700000| Untracked 
|  58|0x0000000088800000, 0x0000000088900000, 0x0000000088900000|100%| O|  |TAMS 0x0000000088800000, 0x0000000088800000| Untracked 
|  59|0x0000000088900000, 0x0000000088900000, 0x0000000088a00000|  0%| F|  |TAMS 0x0000000088900000, 0x0000000088900000| Untracked 
|  60|0x0000000088a00000, 0x0000000088a00000, 0x0000000088b00000|  0%| F|  |TAMS 0x0000000088a00000, 0x0000000088a00000| Untracked 
|  61|0x0000000088b00000, 0x0000000088c00000, 0x0000000088c00000|100%| O|  |TAMS 0x0000000088b00000, 0x0000000088b00000| Untracked 
|  62|0x0000000088c00000, 0x0000000088d00000, 0x0000000088d00000|100%| O|  |TAMS 0x0000000088c00000, 0x0000000088c00000| Untracked 
|  63|0x0000000088d00000, 0x0000000088d00000, 0x0000000088e00000|  0%| F|  |TAMS 0x0000000088d00000, 0x0000000088d00000| Untracked 
|  64|0x0000000088e00000, 0x0000000088e00000, 0x0000000088f00000|  0%| F|  |TAMS 0x0000000088e00000, 0x0000000088e00000| Untracked 
|  65|0x0000000088f00000, 0x0000000088f00000, 0x0000000089000000|  0%| F|  |TAMS 0x0000000088f00000, 0x0000000088f00000| Untracked 
|  66|0x0000000089000000, 0x0000000089000000, 0x0000000089100000|  0%| F|  |TAMS 0x0000000089000000, 0x0000000089000000| Untracked 
|  67|0x0000000089100000, 0x0000000089100000, 0x0000000089200000|  0%| F|  |TAMS 0x0000000089100000, 0x0000000089100000| Untracked 
|  68|0x0000000089200000, 0x0000000089200000, 0x0000000089300000|  0%| F|  |TAMS 0x0000000089200000, 0x0000000089200000| Untracked 
|  69|0x0000000089300000, 0x0000000089300000, 0x0000000089400000|  0%| F|  |TAMS 0x0000000089300000, 0x0000000089300000| Untracked 
|  70|0x0000000089400000, 0x0000000089400000, 0x0000000089500000|  0%| F|  |TAMS 0x0000000089400000, 0x0000000089400000| Untracked 
|  71|0x0000000089500000, 0x0000000089500000, 0x0000000089600000|  0%| F|  |TAMS 0x0000000089500000, 0x0000000089500000| Untracked 
|  72|0x0000000089600000, 0x0000000089600000, 0x0000000089700000|  0%| F|  |TAMS 0x0000000089600000, 0x0000000089600000| Untracked 
|  73|0x0000000089700000, 0x0000000089700000, 0x0000000089800000|  0%| F|  |TAMS 0x0000000089700000, 0x0000000089700000| Untracked 
|  74|0x0000000089800000, 0x0000000089800000, 0x0000000089900000|  0%| F|  |TAMS 0x0000000089800000, 0x0000000089800000| Untracked 
|  75|0x0000000089900000, 0x0000000089900000, 0x0000000089a00000|  0%| F|  |TAMS 0x0000000089900000, 0x0000000089900000| Untracked 
|  76|0x0000000089a00000, 0x0000000089a00000, 0x0000000089b00000|  0%| F|  |TAMS 0x0000000089a00000, 0x0000000089a00000| Untracked 
|  77|0x0000000089b00000, 0x0000000089b00000, 0x0000000089c00000|  0%| F|  |TAMS 0x0000000089b00000, 0x0000000089b00000| Untracked 
|  78|0x0000000089c00000, 0x0000000089c00000, 0x0000000089d00000|  0%| F|  |TAMS 0x0000000089c00000, 0x0000000089c00000| Untracked 
|  79|0x0000000089d00000, 0x0000000089d00000, 0x0000000089e00000|  0%| F|  |TAMS 0x0000000089d00000, 0x0000000089d00000| Untracked 
|  80|0x0000000089e00000, 0x0000000089e00000, 0x0000000089f00000|  0%| F|  |TAMS 0x0000000089e00000, 0x0000000089e00000| Untracked 
|  81|0x0000000089f00000, 0x0000000089f00000, 0x000000008a000000|  0%| F|  |TAMS 0x0000000089f00000, 0x0000000089f00000| Untracked 
|  82|0x000000008a000000, 0x000000008a000000, 0x000000008a100000|  0%| F|  |TAMS 0x000000008a000000, 0x000000008a000000| Untracked 
|  83|0x000000008a100000, 0x000000008a100000, 0x000000008a200000|  0%| F|  |TAMS 0x000000008a100000, 0x000000008a100000| Untracked 
|  84|0x000000008a200000, 0x000000008a200000, 0x000000008a300000|  0%| F|  |TAMS 0x000000008a200000, 0x000000008a200000| Untracked 
|  85|0x000000008a300000, 0x000000008a300000, 0x000000008a400000|  0%| F|  |TAMS 0x000000008a300000, 0x000000008a300000| Untracked 
|  86|0x000000008a400000, 0x000000008a400000, 0x000000008a500000|  0%| F|  |TAMS 0x000000008a400000, 0x000000008a400000| Untracked 
|  87|0x000000008a500000, 0x000000008a500000, 0x000000008a600000|  0%| F|  |TAMS 0x000000008a500000, 0x000000008a500000| Untracked 
|  88|0x000000008a600000, 0x000000008a600000, 0x000000008a700000|  0%| F|  |TAMS 0x000000008a600000, 0x000000008a600000| Untracked 
|  89|0x000000008a700000, 0x000000008a700000, 0x000000008a800000|  0%| F|  |TAMS 0x000000008a700000, 0x000000008a700000| Untracked 
|  90|0x000000008a800000, 0x000000008a800000, 0x000000008a900000|  0%| F|  |TAMS 0x000000008a800000, 0x000000008a800000| Untracked 
|  91|0x000000008a900000, 0x000000008a900000, 0x000000008aa00000|  0%| F|  |TAMS 0x000000008a900000, 0x000000008a900000| Untracked 
|  92|0x000000008aa00000, 0x000000008aa00000, 0x000000008ab00000|  0%| F|  |TAMS 0x000000008aa00000, 0x000000008aa00000| Untracked 
|  93|0x000000008ab00000, 0x000000008ab00000, 0x000000008ac00000|  0%| F|  |TAMS 0x000000008ab00000, 0x000000008ab00000| Untracked 
|  94|0x000000008ac00000, 0x000000008acecd80, 0x000000008ad00000| 92%| S|CS|TAMS 0x000000008ac00000, 0x000000008ac00000| Complete 
|  95|0x000000008ad00000, 0x000000008ae00000, 0x000000008ae00000|100%| S|CS|TAMS 0x000000008ad00000, 0x000000008ad00000| Complete 
|  96|0x000000008ae00000, 0x000000008af00000, 0x000000008af00000|100%| S|CS|TAMS 0x000000008ae00000, 0x000000008ae00000| Complete 
|  97|0x000000008af00000, 0x000000008b000000, 0x000000008b000000|100%| S|CS|TAMS 0x000000008af00000, 0x000000008af00000| Complete 
|  98|0x000000008b000000, 0x000000008b100000, 0x000000008b100000|100%| S|CS|TAMS 0x000000008b000000, 0x000000008b000000| Complete 
|  99|0x000000008b100000, 0x000000008b100000, 0x000000008b200000|  0%| F|  |TAMS 0x000000008b100000, 0x000000008b100000| Untracked 
| 100|0x000000008b200000, 0x000000008b200000, 0x000000008b300000|  0%| F|  |TAMS 0x000000008b200000, 0x000000008b200000| Untracked 
| 101|0x000000008b300000, 0x000000008b300000, 0x000000008b400000|  0%| F|  |TAMS 0x000000008b300000, 0x000000008b300000| Untracked 
| 102|0x000000008b400000, 0x000000008b400000, 0x000000008b500000|  0%| F|  |TAMS 0x000000008b400000, 0x000000008b400000| Untracked 
| 103|0x000000008b500000, 0x000000008b500000, 0x000000008b600000|  0%| F|  |TAMS 0x000000008b500000, 0x000000008b500000| Untracked 
| 104|0x000000008b600000, 0x000000008b600000, 0x000000008b700000|  0%| F|  |TAMS 0x000000008b600000, 0x000000008b600000| Untracked 
| 105|0x000000008b700000, 0x000000008b700000, 0x000000008b800000|  0%| F|  |TAMS 0x000000008b700000, 0x000000008b700000| Untracked 
| 106|0x000000008b800000, 0x000000008b800000, 0x000000008b900000|  0%| F|  |TAMS 0x000000008b800000, 0x000000008b800000| Untracked 
| 107|0x000000008b900000, 0x000000008b900000, 0x000000008ba00000|  0%| F|  |TAMS 0x000000008b900000, 0x000000008b900000| Untracked 
| 108|0x000000008ba00000, 0x000000008ba00000, 0x000000008bb00000|  0%| F|  |TAMS 0x000000008ba00000, 0x000000008ba00000| Untracked 
| 109|0x000000008bb00000, 0x000000008bb00000, 0x000000008bc00000|  0%| F|  |TAMS 0x000000008bb00000, 0x000000008bb00000| Untracked 
| 110|0x000000008bc00000, 0x000000008bc00000, 0x000000008bd00000|  0%| F|  |TAMS 0x000000008bc00000, 0x000000008bc00000| Untracked 
| 111|0x000000008bd00000, 0x000000008bd00000, 0x000000008be00000|  0%| F|  |TAMS 0x000000008bd00000, 0x000000008bd00000| Untracked 
| 112|0x000000008be00000, 0x000000008be00000, 0x000000008bf00000|  0%| F|  |TAMS 0x000000008be00000, 0x000000008be00000| Untracked 
| 113|0x000000008bf00000, 0x000000008bf00000, 0x000000008c000000|  0%| F|  |TAMS 0x000000008bf00000, 0x000000008bf00000| Untracked 
| 114|0x000000008c000000, 0x000000008c000000, 0x000000008c100000|  0%| F|  |TAMS 0x000000008c000000, 0x000000008c000000| Untracked 
| 115|0x000000008c100000, 0x000000008c100000, 0x000000008c200000|  0%| F|  |TAMS 0x000000008c100000, 0x000000008c100000| Untracked 
| 116|0x000000008c200000, 0x000000008c200000, 0x000000008c300000|  0%| F|  |TAMS 0x000000008c200000, 0x000000008c200000| Untracked 
| 117|0x000000008c300000, 0x000000008c300000, 0x000000008c400000|  0%| F|  |TAMS 0x000000008c300000, 0x000000008c300000| Untracked 
| 118|0x000000008c400000, 0x000000008c400000, 0x000000008c500000|  0%| F|  |TAMS 0x000000008c400000, 0x000000008c400000| Untracked 
| 119|0x000000008c500000, 0x000000008c500000, 0x000000008c600000|  0%| F|  |TAMS 0x000000008c500000, 0x000000008c500000| Untracked 
| 120|0x000000008c600000, 0x000000008c600000, 0x000000008c700000|  0%| F|  |TAMS 0x000000008c600000, 0x000000008c600000| Untracked 
| 121|0x000000008c700000, 0x000000008c700000, 0x000000008c800000|  0%| F|  |TAMS 0x000000008c700000, 0x000000008c700000| Untracked 
| 122|0x000000008c800000, 0x000000008c800000, 0x000000008c900000|  0%| F|  |TAMS 0x000000008c800000, 0x000000008c800000| Untracked 
| 123|0x000000008c900000, 0x000000008c900000, 0x000000008ca00000|  0%| F|  |TAMS 0x000000008c900000, 0x000000008c900000| Untracked 
| 124|0x000000008ca00000, 0x000000008ca00000, 0x000000008cb00000|  0%| F|  |TAMS 0x000000008ca00000, 0x000000008ca00000| Untracked 
| 125|0x000000008cb00000, 0x000000008cb00000, 0x000000008cc00000|  0%| F|  |TAMS 0x000000008cb00000, 0x000000008cb00000| Untracked 
| 126|0x000000008cc00000, 0x000000008cc00000, 0x000000008cd00000|  0%| F|  |TAMS 0x000000008cc00000, 0x000000008cc00000| Untracked 
| 127|0x000000008cd00000, 0x000000008cd00000, 0x000000008ce00000|  0%| F|  |TAMS 0x000000008cd00000, 0x000000008cd00000| Untracked 
| 128|0x000000008ce00000, 0x000000008ce00000, 0x000000008cf00000|  0%| F|  |TAMS 0x000000008ce00000, 0x000000008ce00000| Untracked 
| 129|0x000000008cf00000, 0x000000008cf00000, 0x000000008d000000|  0%| F|  |TAMS 0x000000008cf00000, 0x000000008cf00000| Untracked 
| 130|0x000000008d000000, 0x000000008d000000, 0x000000008d100000|  0%| F|  |TAMS 0x000000008d000000, 0x000000008d000000| Untracked 
| 131|0x000000008d100000, 0x000000008d100000, 0x000000008d200000|  0%| F|  |TAMS 0x000000008d100000, 0x000000008d100000| Untracked 
| 132|0x000000008d200000, 0x000000008d200000, 0x000000008d300000|  0%| F|  |TAMS 0x000000008d200000, 0x000000008d200000| Untracked 
| 133|0x000000008d300000, 0x000000008d300000, 0x000000008d400000|  0%| F|  |TAMS 0x000000008d300000, 0x000000008d300000| Untracked 
| 134|0x000000008d400000, 0x000000008d400000, 0x000000008d500000|  0%| F|  |TAMS 0x000000008d400000, 0x000000008d400000| Untracked 
| 135|0x000000008d500000, 0x000000008d500000, 0x000000008d600000|  0%| F|  |TAMS 0x000000008d500000, 0x000000008d500000| Untracked 
| 136|0x000000008d600000, 0x000000008d600000, 0x000000008d700000|  0%| F|  |TAMS 0x000000008d600000, 0x000000008d600000| Untracked 
| 137|0x000000008d700000, 0x000000008d700000, 0x000000008d800000|  0%| F|  |TAMS 0x000000008d700000, 0x000000008d700000| Untracked 
| 138|0x000000008d800000, 0x000000008d800000, 0x000000008d900000|  0%| F|  |TAMS 0x000000008d800000, 0x000000008d800000| Untracked 
| 139|0x000000008d900000, 0x000000008d900000, 0x000000008da00000|  0%| F|  |TAMS 0x000000008d900000, 0x000000008d900000| Untracked 
| 140|0x000000008da00000, 0x000000008da00000, 0x000000008db00000|  0%| F|  |TAMS 0x000000008da00000, 0x000000008da00000| Untracked 
| 141|0x000000008db00000, 0x000000008db00000, 0x000000008dc00000|  0%| F|  |TAMS 0x000000008db00000, 0x000000008db00000| Untracked 
| 142|0x000000008dc00000, 0x000000008dc00000, 0x000000008dd00000|  0%| F|  |TAMS 0x000000008dc00000, 0x000000008dc00000| Untracked 
| 143|0x000000008dd00000, 0x000000008dd00000, 0x000000008de00000|  0%| F|  |TAMS 0x000000008dd00000, 0x000000008dd00000| Untracked 
| 144|0x000000008de00000, 0x000000008de00000, 0x000000008df00000|  0%| F|  |TAMS 0x000000008de00000, 0x000000008de00000| Untracked 
| 145|0x000000008df00000, 0x000000008df00000, 0x000000008e000000|  0%| F|  |TAMS 0x000000008df00000, 0x000000008df00000| Untracked 
| 146|0x000000008e000000, 0x000000008e000000, 0x000000008e100000|  0%| F|  |TAMS 0x000000008e000000, 0x000000008e000000| Untracked 
| 147|0x000000008e100000, 0x000000008e100000, 0x000000008e200000|  0%| F|  |TAMS 0x000000008e100000, 0x000000008e100000| Untracked 
| 148|0x000000008e200000, 0x000000008e200000, 0x000000008e300000|  0%| F|  |TAMS 0x000000008e200000, 0x000000008e200000| Untracked 
| 149|0x000000008e300000, 0x000000008e300000, 0x000000008e400000|  0%| F|  |TAMS 0x000000008e300000, 0x000000008e300000| Untracked 
| 150|0x000000008e400000, 0x000000008e400000, 0x000000008e500000|  0%| F|  |TAMS 0x000000008e400000, 0x000000008e400000| Untracked 
| 151|0x000000008e500000, 0x000000008e500000, 0x000000008e600000|  0%| F|  |TAMS 0x000000008e500000, 0x000000008e500000| Untracked 
| 152|0x000000008e600000, 0x000000008e600000, 0x000000008e700000|  0%| F|  |TAMS 0x000000008e600000, 0x000000008e600000| Untracked 
| 153|0x000000008e700000, 0x000000008e700000, 0x000000008e800000|  0%| F|  |TAMS 0x000000008e700000, 0x000000008e700000| Untracked 
| 154|0x000000008e800000, 0x000000008e880800, 0x000000008e900000| 50%| E|  |TAMS 0x000000008e800000, 0x000000008e800000| Complete 
| 155|0x000000008e900000, 0x000000008ea00000, 0x000000008ea00000|100%| E|CS|TAMS 0x000000008e900000, 0x000000008e900000| Complete 
| 156|0x000000008ea00000, 0x000000008eb00000, 0x000000008eb00000|100%| E|CS|TAMS 0x000000008ea00000, 0x000000008ea00000| Complete 
| 157|0x000000008eb00000, 0x000000008ec00000, 0x000000008ec00000|100%| E|CS|TAMS 0x000000008eb00000, 0x000000008eb00000| Complete 
| 158|0x000000008ec00000, 0x000000008ed00000, 0x000000008ed00000|100%| E|CS|TAMS 0x000000008ec00000, 0x000000008ec00000| Complete 
| 159|0x000000008ed00000, 0x000000008ee00000, 0x000000008ee00000|100%| E|CS|TAMS 0x000000008ed00000, 0x000000008ed00000| Complete 
| 160|0x000000008ee00000, 0x000000008ef00000, 0x000000008ef00000|100%| E|CS|TAMS 0x000000008ee00000, 0x000000008ee00000| Complete 
| 161|0x000000008ef00000, 0x000000008f000000, 0x000000008f000000|100%| E|CS|TAMS 0x000000008ef00000, 0x000000008ef00000| Complete 
| 162|0x000000008f000000, 0x000000008f100000, 0x000000008f100000|100%| E|CS|TAMS 0x000000008f000000, 0x000000008f000000| Complete 
| 163|0x000000008f100000, 0x000000008f200000, 0x000000008f200000|100%| E|CS|TAMS 0x000000008f100000, 0x000000008f100000| Complete 
| 164|0x000000008f200000, 0x000000008f300000, 0x000000008f300000|100%| E|CS|TAMS 0x000000008f200000, 0x000000008f200000| Complete 
| 165|0x000000008f300000, 0x000000008f400000, 0x000000008f400000|100%| E|CS|TAMS 0x000000008f300000, 0x000000008f300000| Complete 
| 166|0x000000008f400000, 0x000000008f500000, 0x000000008f500000|100%| E|CS|TAMS 0x000000008f400000, 0x000000008f400000| Complete 
| 167|0x000000008f500000, 0x000000008f600000, 0x000000008f600000|100%| E|CS|TAMS 0x000000008f500000, 0x000000008f500000| Complete 
| 168|0x000000008f600000, 0x000000008f700000, 0x000000008f700000|100%| E|CS|TAMS 0x000000008f600000, 0x000000008f600000| Complete 
| 169|0x000000008f700000, 0x000000008f800000, 0x000000008f800000|100%| E|CS|TAMS 0x000000008f700000, 0x000000008f700000| Complete 
| 170|0x000000008f800000, 0x000000008f900000, 0x000000008f900000|100%| E|CS|TAMS 0x000000008f800000, 0x000000008f800000| Complete 
| 171|0x000000008f900000, 0x000000008fa00000, 0x000000008fa00000|100%| E|CS|TAMS 0x000000008f900000, 0x000000008f900000| Complete 
| 172|0x000000008fa00000, 0x000000008fb00000, 0x000000008fb00000|100%| E|CS|TAMS 0x000000008fa00000, 0x000000008fa00000| Complete 
| 173|0x000000008fb00000, 0x000000008fc00000, 0x000000008fc00000|100%| E|CS|TAMS 0x000000008fb00000, 0x000000008fb00000| Complete 
| 174|0x000000008fc00000, 0x000000008fd00000, 0x000000008fd00000|100%| E|CS|TAMS 0x000000008fc00000, 0x000000008fc00000| Complete 
| 175|0x000000008fd00000, 0x000000008fe00000, 0x000000008fe00000|100%| E|CS|TAMS 0x000000008fd00000, 0x000000008fd00000| Complete 
| 176|0x000000008fe00000, 0x000000008ff00000, 0x000000008ff00000|100%| E|CS|TAMS 0x000000008fe00000, 0x000000008fe00000| Complete 
| 177|0x000000008ff00000, 0x0000000090000000, 0x0000000090000000|100%| E|CS|TAMS 0x000000008ff00000, 0x000000008ff00000| Complete 
| 178|0x0000000090000000, 0x0000000090100000, 0x0000000090100000|100%| E|CS|TAMS 0x0000000090000000, 0x0000000090000000| Complete 
| 179|0x0000000090100000, 0x0000000090200000, 0x0000000090200000|100%| E|CS|TAMS 0x0000000090100000, 0x0000000090100000| Complete 
| 180|0x0000000090200000, 0x0000000090300000, 0x0000000090300000|100%| E|CS|TAMS 0x0000000090200000, 0x0000000090200000| Complete 
| 181|0x0000000090300000, 0x0000000090400000, 0x0000000090400000|100%| E|CS|TAMS 0x0000000090300000, 0x0000000090300000| Complete 
| 182|0x0000000090400000, 0x0000000090500000, 0x0000000090500000|100%| E|CS|TAMS 0x0000000090400000, 0x0000000090400000| Complete 
| 183|0x0000000090500000, 0x0000000090600000, 0x0000000090600000|100%| E|CS|TAMS 0x0000000090500000, 0x0000000090500000| Complete 
| 184|0x0000000090600000, 0x0000000090700000, 0x0000000090700000|100%| E|CS|TAMS 0x0000000090600000, 0x0000000090600000| Complete 
| 185|0x0000000090700000, 0x0000000090800000, 0x0000000090800000|100%| E|CS|TAMS 0x0000000090700000, 0x0000000090700000| Complete 
| 186|0x0000000090800000, 0x0000000090900000, 0x0000000090900000|100%| E|CS|TAMS 0x0000000090800000, 0x0000000090800000| Complete 
| 187|0x0000000090900000, 0x0000000090a00000, 0x0000000090a00000|100%| E|CS|TAMS 0x0000000090900000, 0x0000000090900000| Complete 
| 188|0x0000000090a00000, 0x0000000090b00000, 0x0000000090b00000|100%| E|CS|TAMS 0x0000000090a00000, 0x0000000090a00000| Complete 
| 189|0x0000000090b00000, 0x0000000090c00000, 0x0000000090c00000|100%| E|CS|TAMS 0x0000000090b00000, 0x0000000090b00000| Complete 
| 190|0x0000000090c00000, 0x0000000090d00000, 0x0000000090d00000|100%| E|CS|TAMS 0x0000000090c00000, 0x0000000090c00000| Complete 
|1966|0x00000000ffc00000, 0x00000000ffd00000, 0x00000000ffd00000|100%| O|  |TAMS 0x00000000ffd00000, 0x00000000ffc00000| Untracked 
|1967|0x00000000ffd00000, 0x00000000ffe00000, 0x00000000ffe00000|100%| O|  |TAMS 0x00000000ffe00000, 0x00000000ffd00000| Untracked 
|1968|0x00000000ffe00000, 0x00000000fff00000, 0x00000000fff00000|100%| O|  |TAMS 0x00000000fff00000, 0x00000000ffe00000| Untracked 
|1969|0x00000000fff00000, 0x0000000100000000, 0x0000000100000000|100%| O|  |TAMS 0x0000000100000000, 0x00000000fff00000| Untracked 

Card table byte_map: [0x00000140cee60000,0x00000140cf240000] _byte_map_base: 0x00000140cea39000

Marking Bits (Prev, Next): (CMBitMap*) 0x00000140b731e9b8, (CMBitMap*) 0x00000140b731e9f8
 Prev Bits: [0x00000140cf620000, 0x00000140d14e8000)
 Next Bits: [0x00000140d14f0000, 0x00000140d33b8000)

Polling page: 0x00000140b5190000

Metaspace:

Usage:
  Non-class:     27.75 MB capacity,    27.19 MB ( 98%) used,   497.55 KB (  2%) free+waste,    73.75 KB ( <1%) overhead. 
      Class:      3.62 MB capacity,     3.27 MB ( 90%) used,   320.92 KB (  9%) free+waste,    31.69 KB ( <1%) overhead. 
       Both:     31.36 MB capacity,    30.46 MB ( 97%) used,   818.47 KB (  3%) free+waste,   105.44 KB ( <1%) overhead. 

Virtual space:
  Non-class space:       28.00 MB reserved,      27.75 MB (>99%) committed 
      Class space:        1.00 GB reserved,       3.63 MB ( <1%) committed 
             Both:        1.03 GB reserved,      31.38 MB (  3%) committed 

Chunk freelists:
   Non-Class:  5.00 KB
       Class:  10.00 KB
        Both:  15.00 KB

MaxMetaspaceSize: 17179869184.00 GB
CompressedClassSpaceSize: 1.00 GB

CodeHeap 'non-profiled nmethods': size=120000Kb used=6579Kb max_used=6579Kb free=113420Kb
 bounds [0x00000140c7550000, 0x00000140c7bc0000, 0x00000140cea80000]
CodeHeap 'profiled nmethods': size=120000Kb used=19238Kb max_used=19589Kb free=100761Kb
 bounds [0x00000140c0020000, 0x00000140c1360000, 0x00000140c7550000]
CodeHeap 'non-nmethods': size=5760Kb used=1245Kb max_used=1345Kb free=4515Kb
 bounds [0x00000140bfa80000, 0x00000140bfcf0000, 0x00000140c0020000]
 total_blobs=13845 nmethods=7847 adapters=427
 compilation: enabled
              stopped_count=0, restarted_count=0
 full_count=0

Compilation events (20 events):
Event: 33.711 Thread 0x00000140d58b7800 nmethod 9798 0x00000140c0e4c290 code [0x00000140c0e4c440, 0x00000140c0e4c6d8]
Event: 33.711 Thread 0x00000140d58b7800 9799       3       org.apache.maven.repository.internal.DefaultModelResolver::<init> (71 bytes)
Event: 33.712 Thread 0x00000140d58b7800 nmethod 9799 0x00000140c0a2e310 code [0x00000140c0a2e560, 0x00000140c0a2f1e8]
Event: 33.732 Thread 0x00000140d58b7800 9800   !   3       org.apache.maven.repository.internal.DefaultArtifactDescriptorReader::loadPom (818 bytes)
Event: 33.738 Thread 0x00000140d58b7800 nmethod 9800 0x00000140c0fe9190 code [0x00000140c0fe9c60, 0x00000140c0ff1078]
Event: 33.755 Thread 0x00000140d58b7800 9801       3       java.util.regex.Pattern::group0 (1098 bytes)
Event: 33.755 Thread 0x00000140d58b4000 9802       4       org.codehaus.plexus.util.xml.Xpp3Dom::mergeIntoXpp3Dom (490 bytes)
Event: 33.759 Thread 0x00000140d58b7800 nmethod 9801 0x00000140c0de9290 code [0x00000140c0de9be0, 0x00000140c0def908]
Event: 33.770 Thread 0x00000140d58b7800 9805       3       org.apache.maven.model.building.DefaultModelBuildingResult::<init> (60 bytes)
Event: 33.771 Thread 0x00000140d58b7800 nmethod 9805 0x00000140c0a2d010 code [0x00000140c0a2d280, 0x00000140c0a2dfd8]
Event: 33.771 Thread 0x00000140d58b7800 9806       3       org.apache.maven.model.building.DefaultModelBuilder::getProfileActivationContext (81 bytes)
Event: 33.773 Thread 0x00000140d58b7800 nmethod 9806 0x00000140c002f490 code [0x00000140c002f940, 0x00000140c00326f8]
Event: 33.773 Thread 0x00000140d58b7800 9807       3       org.apache.maven.model.profile.DefaultProfileActivationContext::setUserProperties (24 bytes)
Event: 33.773 Thread 0x00000140d58b7800 nmethod 9807 0x00000140c0e4b910 code [0x00000140c0e4bb00, 0x00000140c0e4c088]
Event: 33.780 Thread 0x00000140d58b7800 9808       3       org.apache.maven.model.path.DefaultModelUrlNormalizer::normalize (100 bytes)
Event: 33.781 Thread 0x00000140d58b7800 nmethod 9808 0x00000140c0d75290 code [0x00000140c0d754e0, 0x00000140c0d75f48]
Event: 33.781 Thread 0x00000140d58b7800 9809       3       org.apache.maven.model.building.DefaultModelBuilder::build (235 bytes)
Event: 33.783 Thread 0x00000140d58b7800 nmethod 9809 0x00000140c0d9d990 code [0x00000140c0d9dd00, 0x00000140c0d9f1d8]
Event: 33.856 Thread 0x00000140d58b7800 9810       3       org.eclipse.aether.internal.impl.collect.DefaultDependencyCollector$PremanagedDependency::create (253 bytes)
Event: 33.858 Thread 0x00000140d58b7800 nmethod 9810 0x00000140c05fa810 code [0x00000140c05faba0, 0x00000140c05fc758]

GC Heap History (20 events):
Event: 22.083 GC heap before
{Heap before GC invocations=18 (full 0):
 garbage-first heap   total 138240K, used 107244K [0x0000000084e00000, 0x0000000100000000)
  region size 1024K, 58 young (59392K), 2 survivors (2048K)
 Metaspace       used 27186K, capacity 27918K, committed 28032K, reserved 1075200K
  class space    used 2895K, capacity 3168K, committed 3200K, reserved 1048576K
}
Event: 22.096 GC heap after
{Heap after GC invocations=19 (full 0):
 garbage-first heap   total 138240K, used 50780K [0x0000000084e00000, 0x0000000100000000)
  region size 1024K, 3 young (3072K), 3 survivors (3072K)
 Metaspace       used 27186K, capacity 27918K, committed 28032K, reserved 1075200K
  class space    used 2895K, capacity 3168K, committed 3200K, reserved 1048576K
}
Event: 22.742 GC heap before
{Heap before GC invocations=19 (full 0):
 garbage-first heap   total 138240K, used 109148K [0x0000000084e00000, 0x0000000100000000)
  region size 1024K, 60 young (61440K), 3 survivors (3072K)
 Metaspace       used 27346K, capacity 28054K, committed 28288K, reserved 1075200K
  class space    used 2896K, capacity 3169K, committed 3200K, reserved 1048576K
}
Event: 22.751 GC heap after
{Heap after GC invocations=20 (full 0):
 garbage-first heap   total 138240K, used 51533K [0x0000000084e00000, 0x0000000100000000)
  region size 1024K, 4 young (4096K), 4 survivors (4096K)
 Metaspace       used 27346K, capacity 28054K, committed 28288K, reserved 1075200K
  class space    used 2896K, capacity 3169K, committed 3200K, reserved 1048576K
}
Event: 23.190 GC heap before
{Heap before GC invocations=20 (full 0):
 garbage-first heap   total 138240K, used 110925K [0x0000000084e00000, 0x0000000100000000)
  region size 1024K, 62 young (63488K), 4 survivors (4096K)
 Metaspace       used 27357K, capacity 28054K, committed 28288K, reserved 1075200K
  class space    used 2896K, capacity 3169K, committed 3200K, reserved 1048576K
}
Event: 23.200 GC heap after
{Heap after GC invocations=21 (full 0):
 garbage-first heap   total 138240K, used 51753K [0x0000000084e00000, 0x0000000100000000)
  region size 1024K, 4 young (4096K), 4 survivors (4096K)
 Metaspace       used 27357K, capacity 28054K, committed 28288K, reserved 1075200K
  class space    used 2896K, capacity 3169K, committed 3200K, reserved 1048576K
}
Event: 23.627 GC heap before
{Heap before GC invocations=21 (full 0):
 garbage-first heap   total 138240K, used 113193K [0x0000000084e00000, 0x0000000100000000)
  region size 1024K, 64 young (65536K), 4 survivors (4096K)
 Metaspace       used 27450K, capacity 28128K, committed 28288K, reserved 1075200K
  class space    used 2898K, capacity 3172K, committed 3200K, reserved 1048576K
}
Event: 23.641 GC heap after
{Heap after GC invocations=22 (full 0):
 garbage-first heap   total 138240K, used 52411K [0x0000000084e00000, 0x0000000100000000)
  region size 1024K, 4 young (4096K), 4 survivors (4096K)
 Metaspace       used 27450K, capacity 28128K, committed 28288K, reserved 1075200K
  class space    used 2898K, capacity 3172K, committed 3200K, reserved 1048576K
}
Event: 23.973 GC heap before
{Heap before GC invocations=22 (full 0):
 garbage-first heap   total 138240K, used 115899K [0x0000000084e00000, 0x0000000100000000)
  region size 1024K, 66 young (67584K), 4 survivors (4096K)
 Metaspace       used 27475K, capacity 28192K, committed 28288K, reserved 1075200K
  class space    used 2898K, capacity 3172K, committed 3200K, reserved 1048576K
}
Event: 23.986 GC heap after
{Heap after GC invocations=23 (full 0):
 garbage-first heap   total 138240K, used 52887K [0x0000000084e00000, 0x0000000100000000)
  region size 1024K, 5 young (5120K), 5 survivors (5120K)
 Metaspace       used 27475K, capacity 28192K, committed 28288K, reserved 1075200K
  class space    used 2898K, capacity 3172K, committed 3200K, reserved 1048576K
}
Event: 24.068 GC heap before
{Heap before GC invocations=23 (full 0):
 garbage-first heap   total 138240K, used 116375K [0x0000000084e00000, 0x0000000100000000)
  region size 1024K, 67 young (68608K), 5 survivors (5120K)
 Metaspace       used 27477K, capacity 28192K, committed 28288K, reserved 1075200K
  class space    used 2898K, capacity 3172K, committed 3200K, reserved 1048576K
}
Event: 24.078 GC heap after
{Heap after GC invocations=24 (full 0):
 garbage-first heap   total 165888K, used 52671K [0x0000000084e00000, 0x0000000100000000)
  region size 1024K, 5 young (5120K), 5 survivors (5120K)
 Metaspace       used 27477K, capacity 28192K, committed 28288K, reserved 1075200K
  class space    used 2898K, capacity 3172K, committed 3200K, reserved 1048576K
}
Event: 26.705 GC heap before
{Heap before GC invocations=24 (full 0):
 garbage-first heap   total 165888K, used 139711K [0x0000000084e00000, 0x0000000100000000)
  region size 1024K, 90 young (92160K), 5 survivors (5120K)
 Metaspace       used 28903K, capacity 29712K, committed 29824K, reserved 1075200K
  class space    used 3107K, capacity 3444K, committed 3456K, reserved 1048576K
}
Event: 26.723 GC heap after
{Heap after GC invocations=25 (full 0):
 garbage-first heap   total 165888K, used 55749K [0x0000000084e00000, 0x0000000100000000)
  region size 1024K, 8 young (8192K), 8 survivors (8192K)
 Metaspace       used 28903K, capacity 29712K, committed 29824K, reserved 1075200K
  class space    used 3107K, capacity 3444K, committed 3456K, reserved 1048576K
}
Event: 28.474 GC heap before
{Heap before GC invocations=25 (full 0):
 garbage-first heap   total 165888K, used 137669K [0x0000000084e00000, 0x0000000100000000)
  region size 1024K, 89 young (91136K), 8 survivors (8192K)
 Metaspace       used 29639K, capacity 30506K, committed 30720K, reserved 1077248K
  class space    used 3176K, capacity 3511K, committed 3584K, reserved 1048576K
}
Event: 28.498 GC heap after
{Heap after GC invocations=26 (full 0):
 garbage-first heap   total 165888K, used 66287K [0x0000000084e00000, 0x0000000100000000)
  region size 1024K, 12 young (12288K), 12 survivors (12288K)
 Metaspace       used 29639K, capacity 30506K, committed 30720K, reserved 1077248K
  class space    used 3176K, capacity 3511K, committed 3584K, reserved 1048576K
}
Event: 29.511 GC heap before
{Heap before GC invocations=26 (full 0):
 garbage-first heap   total 165888K, used 131823K [0x0000000084e00000, 0x0000000100000000)
  region size 1024K, 77 young (78848K), 12 survivors (12288K)
 Metaspace       used 30599K, capacity 31471K, committed 31616K, reserved 1077248K
  class space    used 3312K, capacity 3661K, committed 3712K, reserved 1048576K
}
Event: 29.534 GC heap after
{Heap after GC invocations=27 (full 0):
 garbage-first heap   total 165888K, used 70869K [0x0000000084e00000, 0x0000000100000000)
  region size 1024K, 7 young (7168K), 7 survivors (7168K)
 Metaspace       used 30599K, capacity 31471K, committed 31616K, reserved 1077248K
  class space    used 3312K, capacity 3661K, committed 3712K, reserved 1048576K
}
Event: 32.973 GC heap before
{Heap before GC invocations=27 (full 0):
 garbage-first heap   total 165888K, used 131285K [0x0000000084e00000, 0x0000000100000000)
  region size 1024K, 66 young (67584K), 7 survivors (7168K)
 Metaspace       used 30876K, capacity 31801K, committed 31872K, reserved 1077248K
  class space    used 3321K, capacity 3662K, committed 3712K, reserved 1048576K
}
Event: 32.980 GC heap after
{Heap after GC invocations=28 (full 0):
 garbage-first heap   total 199680K, used 71603K [0x0000000084e00000, 0x0000000100000000)
  region size 1024K, 5 young (5120K), 5 survivors (5120K)
 Metaspace       used 30876K, capacity 31801K, committed 31872K, reserved 1077248K
  class space    used 3321K, capacity 3662K, committed 3712K, reserved 1048576K
}

Deoptimization events (20 events):
Event: 33.592 Thread 0x00000140b72e0000 DEOPT PACKING pc=0x00000140c782526c sp=0x0000001bd12fcf30
Event: 33.592 Thread 0x00000140b72e0000 DEOPT UNPACKING pc=0x00000140bfac912f sp=0x0000001bd12fce60 mode 2
Event: 33.592 Thread 0x00000140b72e0000 Uncommon trap: trap_request=0xffffffd6 fr.pc=0x00000140c782526c relative=0x000000000000074c
Event: 33.592 Thread 0x00000140b72e0000 Uncommon trap: reason=array_check action=maybe_recompile pc=0x00000140c782526c method=java.util.TimSort.reverseRange([Ljava/lang/Object;II)V @ 20 c2
Event: 33.592 Thread 0x00000140b72e0000 DEOPT PACKING pc=0x00000140c782526c sp=0x0000001bd12fcf30
Event: 33.592 Thread 0x00000140b72e0000 DEOPT UNPACKING pc=0x00000140bfac912f sp=0x0000001bd12fce60 mode 2
Event: 33.593 Thread 0x00000140b72e0000 DEOPT PACKING pc=0x00000140c0d4097f sp=0x0000001bd12fcc70
Event: 33.593 Thread 0x00000140b72e0000 DEOPT UNPACKING pc=0x00000140bfac964e sp=0x0000001bd12fc250 mode 0
Event: 33.640 Thread 0x00000140b72e0000 Uncommon trap: trap_request=0xffffffde fr.pc=0x00000140c7b04e20 relative=0x0000000000000460
Event: 33.640 Thread 0x00000140b72e0000 Uncommon trap: reason=class_check action=maybe_recompile pc=0x00000140c7b04e20 method=java.nio.charset.CharsetEncoder.encode(Ljava/nio/CharBuffer;Ljava/nio/ByteBuffer;Z)Ljava/nio/charset/CoderResult; @ 57 c2
Event: 33.640 Thread 0x00000140b72e0000 DEOPT PACKING pc=0x00000140c7b04e20 sp=0x0000001bd12fd3a0
Event: 33.640 Thread 0x00000140b72e0000 DEOPT UNPACKING pc=0x00000140bfac912f sp=0x0000001bd12fd348 mode 2
Event: 33.647 Thread 0x00000140b72e0000 Uncommon trap: trap_request=0xffffffde fr.pc=0x00000140c7b04e20 relative=0x0000000000000460
Event: 33.647 Thread 0x00000140b72e0000 Uncommon trap: reason=class_check action=maybe_recompile pc=0x00000140c7b04e20 method=java.nio.charset.CharsetEncoder.encode(Ljava/nio/CharBuffer;Ljava/nio/ByteBuffer;Z)Ljava/nio/charset/CoderResult; @ 57 c2
Event: 33.647 Thread 0x00000140b72e0000 DEOPT PACKING pc=0x00000140c7b04e20 sp=0x0000001bd12fd3a0
Event: 33.647 Thread 0x00000140b72e0000 DEOPT UNPACKING pc=0x00000140bfac912f sp=0x0000001bd12fd348 mode 2
Event: 33.660 Thread 0x00000140b72e0000 Uncommon trap: trap_request=0xffffffde fr.pc=0x00000140c7b04e20 relative=0x0000000000000460
Event: 33.660 Thread 0x00000140b72e0000 Uncommon trap: reason=class_check action=maybe_recompile pc=0x00000140c7b04e20 method=java.nio.charset.CharsetEncoder.encode(Ljava/nio/CharBuffer;Ljava/nio/ByteBuffer;Z)Ljava/nio/charset/CoderResult; @ 57 c2
Event: 33.660 Thread 0x00000140b72e0000 DEOPT PACKING pc=0x00000140c7b04e20 sp=0x0000001bd12fd360
Event: 33.660 Thread 0x00000140b72e0000 DEOPT UNPACKING pc=0x00000140bfac912f sp=0x0000001bd12fd308 mode 2

Classes unloaded (0 events):
No events

Classes redefined (0 events):
No events

Internal exceptions (20 events):
Event: 32.875 Thread 0x00000140b72e0000 Exception <a 'sun/nio/fs/WindowsException'{0x000000008bd58e48}> (0x000000008bd58e48) 
thrown [t:/workspace/open/src/hotspot/share/prims/jni.cpp, line 599]
Event: 32.875 Thread 0x00000140b72e0000 Exception <a 'sun/nio/fs/WindowsException'{0x000000008bd590d8}> (0x000000008bd590d8) 
thrown [t:/workspace/open/src/hotspot/share/prims/jni.cpp, line 599]
Event: 32.877 Thread 0x00000140b72e0000 Exception <a 'sun/nio/fs/WindowsException'{0x000000008bd73aa8}> (0x000000008bd73aa8) 
thrown [t:/workspace/open/src/hotspot/share/prims/jni.cpp, line 599]
Event: 32.877 Thread 0x00000140b72e0000 Exception <a 'sun/nio/fs/WindowsException'{0x000000008bd73d38}> (0x000000008bd73d38) 
thrown [t:/workspace/open/src/hotspot/share/prims/jni.cpp, line 599]
Event: 32.877 Thread 0x00000140b72e0000 Exception <a 'sun/nio/fs/WindowsException'{0x000000008bd7aaf0}> (0x000000008bd7aaf0) 
thrown [t:/workspace/open/src/hotspot/share/prims/jni.cpp, line 599]
Event: 32.877 Thread 0x00000140b72e0000 Exception <a 'sun/nio/fs/WindowsException'{0x000000008bd7ad30}> (0x000000008bd7ad30) 
thrown [t:/workspace/open/src/hotspot/share/prims/jni.cpp, line 599]
Event: 32.878 Thread 0x00000140b72e0000 Exception <a 'sun/nio/fs/WindowsException'{0x000000008bd881d8}> (0x000000008bd881d8) 
thrown [t:/workspace/open/src/hotspot/share/prims/jni.cpp, line 599]
Event: 32.878 Thread 0x00000140b72e0000 Exception <a 'sun/nio/fs/WindowsException'{0x000000008bd88468}> (0x000000008bd88468) 
thrown [t:/workspace/open/src/hotspot/share/prims/jni.cpp, line 599]
Event: 32.882 Thread 0x00000140b72e0000 Exception <a 'sun/nio/fs/WindowsException'{0x000000008bdd4f78}> (0x000000008bdd4f78) 
thrown [t:/workspace/open/src/hotspot/share/prims/jni.cpp, line 599]
Event: 32.882 Thread 0x00000140b72e0000 Exception <a 'sun/nio/fs/WindowsException'{0x000000008bdd5228}> (0x000000008bdd5228) 
thrown [t:/workspace/open/src/hotspot/share/prims/jni.cpp, line 599]
Event: 32.882 Thread 0x00000140b72e0000 Exception <a 'sun/nio/fs/WindowsException'{0x000000008bdd70e8}> (0x000000008bdd70e8) 
thrown [t:/workspace/open/src/hotspot/share/prims/jni.cpp, line 599]
Event: 32.882 Thread 0x00000140b72e0000 Exception <a 'sun/nio/fs/WindowsException'{0x000000008bdd7348}> (0x000000008bdd7348) 
thrown [t:/workspace/open/src/hotspot/share/prims/jni.cpp, line 599]
Event: 32.882 Thread 0x00000140b72e0000 Exception <a 'sun/nio/fs/WindowsException'{0x000000008bdd93d8}> (0x000000008bdd93d8) 
thrown [t:/workspace/open/src/hotspot/share/prims/jni.cpp, line 599]
Event: 32.882 Thread 0x00000140b72e0000 Exception <a 'sun/nio/fs/WindowsException'{0x000000008bdd9678}> (0x000000008bdd9678) 
thrown [t:/workspace/open/src/hotspot/share/prims/jni.cpp, line 599]
Event: 32.899 Thread 0x00000140b72e0000 Exception <a 'sun/nio/fs/WindowsException'{0x000000008bb3cce0}> (0x000000008bb3cce0) 
thrown [t:/workspace/open/src/hotspot/share/prims/jni.cpp, line 599]
Event: 32.899 Thread 0x00000140b72e0000 Exception <a 'sun/nio/fs/WindowsException'{0x000000008bb3cf98}> (0x000000008bb3cf98) 
thrown [t:/workspace/open/src/hotspot/share/prims/jni.cpp, line 599]
Event: 32.899 Thread 0x00000140b72e0000 Exception <a 'sun/nio/fs/WindowsException'{0x000000008bb5a480}> (0x000000008bb5a480) 
thrown [t:/workspace/open/src/hotspot/share/prims/jni.cpp, line 599]
Event: 32.899 Thread 0x00000140b72e0000 Exception <a 'sun/nio/fs/WindowsException'{0x000000008bb5a6e8}> (0x000000008bb5a6e8) 
thrown [t:/workspace/open/src/hotspot/share/prims/jni.cpp, line 599]
Event: 32.900 Thread 0x00000140b72e0000 Exception <a 'sun/nio/fs/WindowsException'{0x000000008bb98cb8}> (0x000000008bb98cb8) 
thrown [t:/workspace/open/src/hotspot/share/prims/jni.cpp, line 599]
Event: 32.900 Thread 0x00000140b72e0000 Exception <a 'sun/nio/fs/WindowsException'{0x000000008bb98f68}> (0x000000008bb98f68) 
thrown [t:/workspace/open/src/hotspot/share/prims/jni.cpp, line 599]

Events (20 events):
Event: 29.559 Executing VM operation: BulkRevokeBias
Event: 29.560 Executing VM operation: BulkRevokeBias done
Event: 29.687 Thread 0x00000140da737800 Thread exited: 0x00000140da737800
Event: 29.718 loading class java/util/zip/Deflater
Event: 29.720 loading class java/util/zip/Deflater done
Event: 29.721 loading class java/util/zip/Deflater$DeflaterZStreamRef
Event: 29.721 loading class java/util/zip/Deflater$DeflaterZStreamRef done
Event: 29.723 loading class java/util/Vector$1
Event: 29.723 loading class java/util/Vector$1 done
Event: 32.515 Thread 0x00000140d8d26800 Thread added: 0x00000140d8d26800
Event: 32.973 Executing VM operation: G1CollectForAllocation
Event: 32.980 Executing VM operation: G1CollectForAllocation done
Event: 32.980 Executing VM operation: HandshakeOneThread
Event: 32.980 Executing VM operation: HandshakeOneThread done
Event: 33.258 Thread 0x00000140d8d26800 Thread exited: 0x00000140d8d26800
Event: 33.329 Loaded shared library C:\Program Files\Java\jdk-14\bin\zip.dll
Event: 33.610 loading class sun/security/provider/MD5
Event: 33.619 loading class sun/security/provider/MD5 done
Event: 33.624 Executing VM operation: HandshakeAllThreads
Event: 33.624 Executing VM operation: HandshakeAllThreads done


Dynamic libraries:
0x00007ff631bd0000 - 0x00007ff631bdf000 	C:\Program Files\Java\jdk-14\bin\javaw.exe
0x00007ffc12c60000 - 0x00007ffc12e50000 	C:\Windows\SYSTEM32\ntdll.dll
0x00007ffc12990000 - 0x00007ffc12a42000 	C:\Windows\System32\KERNEL32.DLL
0x00007ffc0fdc0000 - 0x00007ffc10063000 	C:\Windows\System32\KERNELBASE.dll
0x00007ffc10a40000 - 0x00007ffc10b3a000 	C:\Windows\System32\ucrtbase.dll
0x00007ffc0aad0000 - 0x00007ffc0aae5000 	C:\Program Files\Java\jdk-14\bin\VCRUNTIME140.dll
0x00007ffc08660000 - 0x00007ffc08678000 	C:\Program Files\Java\jdk-14\bin\jli.dll
0x00007ffc12060000 - 0x00007ffc12103000 	C:\Windows\System32\ADVAPI32.dll
0x00007ffc11210000 - 0x00007ffc112ae000 	C:\Windows\System32\msvcrt.dll
0x00007ffc127d0000 - 0x00007ffc12867000 	C:\Windows\System32\sechost.dll
0x00007ffc12870000 - 0x00007ffc12990000 	C:\Windows\System32\RPCRT4.dll
0x00007ffc12270000 - 0x00007ffc12404000 	C:\Windows\System32\USER32.dll
0x00007ffbfa1d0000 - 0x00007ffbfa455000 	C:\Windows\WinSxS\amd64_microsoft.windows.common-controls_6595b64144ccf1df_6.0.18362.720_none_e6beb5c51314836b\COMCTL32.dll
0x00007ffc10b40000 - 0x00007ffc10b61000 	C:\Windows\System32\win32u.dll
0x00007ffc12490000 - 0x00007ffc127c6000 	C:\Windows\System32\combase.dll
0x00007ffc11bb0000 - 0x00007ffc11bd6000 	C:\Windows\System32\GDI32.dll
0x00007ffc10b70000 - 0x00007ffc10d04000 	C:\Windows\System32\gdi32full.dll
0x00007ffc0fc60000 - 0x00007ffc0fce0000 	C:\Windows\System32\bcryptPrimitives.dll
0x00007ffc109a0000 - 0x00007ffc10a3e000 	C:\Windows\System32\msvcp_win.dll
0x00007ffc028b0000 - 0x00007ffc028ba000 	C:\Windows\SYSTEM32\VERSION.dll
0x00007ffc10ff0000 - 0x00007ffc1101e000 	C:\Windows\System32\IMM32.DLL
0x00007ffbfe820000 - 0x00007ffbfe8bb000 	C:\Program Files\Java\jdk-14\bin\msvcp140.dll
0x00007ffbd9200000 - 0x00007ffbd9d1f000 	C:\Program Files\Java\jdk-14\bin\server\jvm.dll
0x00007ffc12ab0000 - 0x00007ffc12ab8000 	C:\Windows\System32\PSAPI.DLL
0x00007ffc0b840000 - 0x00007ffc0b849000 	C:\Windows\SYSTEM32\WSOCK32.dll
0x00007ffc0ce20000 - 0x00007ffc0ce44000 	C:\Windows\SYSTEM32\WINMM.dll
0x00007ffc110d0000 - 0x00007ffc1113f000 	C:\Windows\System32\WS2_32.dll
0x00007ffc0cdf0000 - 0x00007ffc0ce1d000 	C:\Windows\SYSTEM32\WINMMBASE.dll
0x00007ffc0fbf0000 - 0x00007ffc0fc3a000 	C:\Windows\System32\cfgmgr32.dll
0x00007ffc0fb80000 - 0x00007ffc0fb91000 	C:\Windows\System32\kernel.appcore.dll
0x00007ffc0aac0000 - 0x00007ffc0aaca000 	C:\Program Files\Java\jdk-14\bin\jimage.dll
0x00007ffbff430000 - 0x00007ffbff624000 	C:\Windows\SYSTEM32\DBGHELP.DLL
0x00007ffbff400000 - 0x00007ffbff42a000 	C:\Windows\SYSTEM32\dbgcore.DLL
0x00007ffbfdc50000 - 0x00007ffbfdc75000 	C:\Program Files\Java\jdk-14\bin\java.dll
0x00007ffc08c30000 - 0x00007ffc08c47000 	C:\Program Files\Java\jdk-14\bin\zip.dll
0x00007ffc11460000 - 0x00007ffc11b45000 	C:\Windows\System32\SHELL32.dll
0x00007ffc11020000 - 0x00007ffc110c9000 	C:\Windows\System32\shcore.dll
0x00007ffc10220000 - 0x00007ffc109a0000 	C:\Windows\System32\windows.storage.dll
0x00007ffc0fba0000 - 0x00007ffc0fbc3000 	C:\Windows\System32\profapi.dll
0x00007ffc0fb30000 - 0x00007ffc0fb7a000 	C:\Windows\System32\powrprof.dll
0x00007ffc0fb20000 - 0x00007ffc0fb30000 	C:\Windows\System32\UMPDC.dll
0x00007ffc12a50000 - 0x00007ffc12aa2000 	C:\Windows\System32\shlwapi.dll
0x00007ffc0fc40000 - 0x00007ffc0fc57000 	C:\Windows\System32\cryptsp.dll
0x00007ffbf96d0000 - 0x00007ffbf96e9000 	C:\Program Files\Java\jdk-14\bin\net.dll
0x00007ffc03e30000 - 0x00007ffc03f21000 	C:\Windows\SYSTEM32\WINHTTP.dll
0x00007ffc0f390000 - 0x00007ffc0f3f7000 	C:\Windows\system32\mswsock.dll
0x00007ffbf96b0000 - 0x00007ffbf96c2000 	C:\Program Files\Java\jdk-14\bin\nio.dll
0x00007ffbfdc40000 - 0x00007ffbfdc50000 	C:\Program Files\Java\jdk-14\bin\verify.dll
0x00007ffc0ef00000 - 0x00007ffc0ef33000 	C:\Windows\system32\rsaenh.dll
0x00007ffc0fd90000 - 0x00007ffc0fdb6000 	C:\Windows\System32\bcrypt.dll
0x00007ffc0fa10000 - 0x00007ffc0fa35000 	C:\Windows\SYSTEM32\USERENV.dll
0x00007ffc0f560000 - 0x00007ffc0f56c000 	C:\Windows\SYSTEM32\CRYPTBASE.dll
0x00007ffc0f0a0000 - 0x00007ffc0f0da000 	C:\Windows\SYSTEM32\IPHLPAPI.DLL
0x00007ffc12ac0000 - 0x00007ffc12ac8000 	C:\Windows\System32\NSI.dll
0x00007ffc07470000 - 0x00007ffc07486000 	C:\Windows\SYSTEM32\dhcpcsvc6.DLL
0x00007ffc073b0000 - 0x00007ffc073cc000 	C:\Windows\SYSTEM32\dhcpcsvc.DLL
0x00007ffc0f0e0000 - 0x00007ffc0f1aa000 	C:\Windows\SYSTEM32\DNSAPI.dll
0x00007ffc09400000 - 0x00007ffc0940a000 	C:\Users\lenovo\AppData\Local\Temp\jansi-1.17.1-17638873616791253945.dll
0x00007ffc093f0000 - 0x00007ffc093fa000 	C:\Users\lenovo\AppData\Local\Temp\jansi-1.17.1-13025884816752516986.dll

dbghelp: loaded successfully - version: 4.0.5 - missing functions: none
symbol engine: initialized successfully - sym options: 0x614 - pdb path: .;C:\Program Files\Java\jdk-14\bin;C:\Windows\SYSTEM32;C:\Windows\WinSxS\amd64_microsoft.windows.common-controls_6595b64144ccf1df_6.0.18362.720_none_e6beb5c51314836b;C:\Program Files\Java\jdk-14\bin\server;C:\Users\lenovo\AppData\Local\Temp

VM Arguments:
jvm_args: -Dmaven.home=EMBEDDED -Dclassworlds.conf=C:\Users\lenovo\eclipse-workspace\.metadata\.plugins\org.eclipse.m2e.launching\launches\m2conf9868634655130491989.tmp -Dmaven.multiModuleProjectDirectory=C:\Thesis\Thesis\fedx -Dfile.encoding=Cp1252 
java_command: org.codehaus.plexus.classworlds.launcher.Launcher -B clean compile dependency:tree test test-compile package install site
java_class_path (initial): C:\Users\lenovo\.p2\pool\plugins\org.eclipse.m2e.maven.runtime_1.15.0.20200310-1832\jars\plexus-classworlds-2.6.0.jar
Launcher Type: SUN_STANDARD

[Global flags]
     intx CICompilerCount                          = 3                                         {product} {ergonomic}
     uint ConcGCThreads                            = 1                                         {product} {ergonomic}
     uint G1ConcRefinementThreads                  = 4                                         {product} {ergonomic}
   size_t G1HeapRegionSize                         = 1048576                                   {product} {ergonomic}
    uintx GCDrainStackTargetSize                   = 64                                        {product} {ergonomic}
   size_t InitialHeapSize                          = 130023424                                 {product} {ergonomic}
   size_t MarkStackSize                            = 4194304                                   {product} {ergonomic}
   size_t MaxHeapSize                              = 2065694720                                {product} {ergonomic}
   size_t MaxNewSize                               = 1239416832                                {product} {ergonomic}
   size_t MinHeapDeltaBytes                        = 1048576                                   {product} {ergonomic}
   size_t MinHeapSize                              = 8388608                                   {product} {ergonomic}
    uintx NonNMethodCodeHeapSize                   = 5832780                                {pd product} {ergonomic}
    uintx NonProfiledCodeHeapSize                  = 122912730                              {pd product} {ergonomic}
    uintx ProfiledCodeHeapSize                     = 122912730                              {pd product} {ergonomic}
    uintx ReservedCodeCacheSize                    = 251658240                              {pd product} {ergonomic}
     bool SegmentedCodeCache                       = true                                      {product} {ergonomic}
   size_t SoftMaxHeapSize                          = 2065694720                             {manageable} {ergonomic}
     bool UseCompressedClassPointers               = true                                 {lp64_product} {ergonomic}
     bool UseCompressedOops                        = true                                 {lp64_product} {ergonomic}
     bool UseG1GC                                  = true                                      {product} {ergonomic}
     bool UseLargePagesIndividualAllocation        = false                                  {pd product} {ergonomic}

Logging:
Log output configuration:
 #0: stdout all=warning uptime,level,tags
 #1: stderr all=off uptime,level,tags

Environment Variables:
JAVA_HOME=C:\Program Files\Java\jdk-14
PATH=C:/Program Files/Java/jdk-14/bin/server;C:/Program Files/Java/jdk-14/bin;C:\Windows\system32;C:\Windows;C:\Windows\System32\Wbem;C:\Windows\System32\WindowsPowerShell\v1.0\;C:\Windows\System32\OpenSSH\;C:\Program Files\Git\cmd;C:\Users\lenovo\Downloads\apache-maven-3.6.3-bin\apache-maven-3.6.3\bin;C:\Users\lenovo\AppData\Local\Microsoft\WindowsApps;;C:\Windows\system32;
USERNAME=lenovo
OS=Windows_NT
PROCESSOR_IDENTIFIER=Intel64 Family 6 Model 60 Stepping 3, GenuineIntel



---------------  S Y S T E M  ---------------

OS: Windows 10 , 64 bit Build 18362 (10.0.18362.329)
OS uptime: 2 days 18:28 hours

CPU:total 4 (initial active 4) (2 cores per cpu, 2 threads per core) family 6 model 60 stepping 3, cmov, cx8, fxsr, mmx, sse, sse2, sse3, ssse3, sse4.1, sse4.2, popcnt, avx, avx2, aes, clmul, erms, lzcnt, ht, tsc, tscinvbit, bmi1, bmi2, fma

Memory: 4k page, system-wide physical 7878M (1795M free)
TotalPageFile size 32454M (AvailPageFile size 4M)
current process WorkingSet (physical memory assigned to process): 347M, peak: 347M
current process commit charge ("private bytes"): 374M, peak: 375M

vm_info: Java HotSpot(TM) 64-Bit Server VM (14+36-1461) for windows-amd64 JRE (14+36-1461), built on Feb  6 2020 19:08:04 by "mach5one" with MS VC++ 15.9 (VS2017)

END.
