#
# There is insufficient memory for the Java Runtime Environment to continue.
# Native memory allocation (malloc) failed to allocate 2026096 bytes for Chunk::new
# Possible reasons:
#   The system is out of physical RAM or swap space
#   The process is running with CompressedOops enabled, and the Java Heap may be blocking the growth of the native heap
# Possible solutions:
#   Reduce memory load on the system
#   Increase physical memory or swap space
#   Check if swap backing store is full
#   Decrease Java heap size (-Xmx/-Xms)
#   Decrease number of Java threads
#   Decrease Java thread stack sizes (-Xss)
#   Set larger code cache with -XX:ReservedCodeCacheSize=
#   JVM is running with Zero Based Compressed Oops mode in which the Java heap is
#     placed in the first 32GB address space. The Java Heap base address is the
#     maximum limit for the native heap growth. Please use -XX:HeapBaseMinAddress
#     to set the Java Heap base and to place the Java Heap above 32GB virtual address.
# This output file may be truncated or incomplete.
#
#  Out of Memory Error (./open/src/hotspot/share/memory/arena.cpp:195), pid=12076, tid=4020
#
# JRE version: Java(TM) SE Runtime Environment (14.0.1+7) (build 14.0.1+7)
# Java VM: Java HotSpot(TM) 64-Bit Server VM (14.0.1+7, mixed mode, sharing, tiered, compressed oops, g1 gc, windows-amd64)
# No core dump will be written. Minidumps are not enabled by default on client versions of Windows
#

---------------  S U M M A R Y ------------

Command Line: -Dmaven.home=EMBEDDED -Dclassworlds.conf=C:\Users\Saleem\eclipse-workspace\.metadata\.plugins\org.eclipse.m2e.launching\launches\m2conf4855706252108390106.tmp -Dmaven.multiModuleProjectDirectory=C:\Thesis\DupLatest\Thesis-master-Dup -Dfile.encoding=Cp1252 org.codehaus.plexus.classworlds.launcher.Launcher -B clean compile dependency:tree test test-compile package install

Host: Intel(R) Xeon(R) CPU E5-2695 v4 @ 2.10GHz, 6 cores, 15G,  Windows 10 , 64 bit Build 18362 (10.0.18362.900)
Time: Sun Jul  5 13:29:43 2020 W. Europe Daylight Time elapsed time: 3 seconds (0d 0h 0m 3s)

---------------  T H R E A D  ---------------

Current thread (0x0000026ef242d000):  JavaThread "C2 CompilerThread0" daemon [_thread_in_native, id=4020, stack(0x000000d9ecd00000,0x000000d9ece00000)]


Current CompileTask:
C2:   3674 3587   !   4       com.google.inject.spi.InjectionPoint::getInjectionPoints (489 bytes)

Stack: [0x000000d9ecd00000,0x000000d9ece00000]
Native frames: (J=compiled Java code, j=interpreted, Vv=VM code, C=native code)
V  [jvm.dll+0x5f840a]
V  [jvm.dll+0x741e4a]
V  [jvm.dll+0x7435ff]
V  [jvm.dll+0x743c43]
V  [jvm.dll+0x20d288]
V  [jvm.dll+0xabb07]
V  [jvm.dll+0xac1fc]
V  [jvm.dll+0x31c4c5]
V  [jvm.dll+0x2e6b48]
V  [jvm.dll+0x2e5f4a]
V  [jvm.dll+0x1e5e16]
V  [jvm.dll+0x1e50b8]
V  [jvm.dll+0x1779cc]
V  [jvm.dll+0x1f4105]
V  [jvm.dll+0x1f22eb]
V  [jvm.dll+0x706a9d]
V  [jvm.dll+0x6ff8ba]
V  [jvm.dll+0x5f72c6]
C  [ucrtbase.dll+0x20e82]
C  [KERNEL32.DLL+0x17bd4]
C  [ntdll.dll+0x6ce51]


---------------  P R O C E S S  ---------------

Threads class SMR info:
_java_thread_list=0x0000026ef3e49900, length=12, elements={
0x0000026ece176800, 0x0000026ef1b7a800, 0x0000026ef1b7c800, 0x0000026ef241f000,
0x0000026ef2424000, 0x0000026ef2428800, 0x0000026ef242d000, 0x0000026ef2451000,
0x0000026ef245e000, 0x0000026ef245d800, 0x0000026ef2462800, 0x0000026ef3e47800
}

Java Threads: ( => current thread )
  0x0000026ece176800 JavaThread "main" [_thread_in_native, id=8216, stack(0x000000d9ec100000,0x000000d9ec200000)]
  0x0000026ef1b7a800 JavaThread "Reference Handler" daemon [_thread_blocked, id=4816, stack(0x000000d9ec800000,0x000000d9ec900000)]
  0x0000026ef1b7c800 JavaThread "Finalizer" daemon [_thread_blocked, id=11936, stack(0x000000d9ec900000,0x000000d9eca00000)]
  0x0000026ef241f000 JavaThread "Signal Dispatcher" daemon [_thread_blocked, id=5928, stack(0x000000d9eca00000,0x000000d9ecb00000)]
  0x0000026ef2424000 JavaThread "Attach Listener" daemon [_thread_blocked, id=4288, stack(0x000000d9ecb00000,0x000000d9ecc00000)]
  0x0000026ef2428800 JavaThread "Service Thread" daemon [_thread_blocked, id=12064, stack(0x000000d9ecc00000,0x000000d9ecd00000)]
=>0x0000026ef242d000 JavaThread "C2 CompilerThread0" daemon [_thread_in_native, id=4020, stack(0x000000d9ecd00000,0x000000d9ece00000)]
  0x0000026ef2451000 JavaThread "C1 CompilerThread0" daemon [_thread_blocked, id=10324, stack(0x000000d9ece00000,0x000000d9ecf00000)]
  0x0000026ef245e000 JavaThread "Sweeper thread" daemon [_thread_blocked, id=7988, stack(0x000000d9ecf00000,0x000000d9ed000000)]
  0x0000026ef245d800 JavaThread "Notification Thread" daemon [_thread_blocked, id=11252, stack(0x000000d9ed000000,0x000000d9ed100000)]
  0x0000026ef2462800 JavaThread "Common-Cleaner" daemon [_thread_blocked, id=1184, stack(0x000000d9ed200000,0x000000d9ed300000)]
  0x0000026ef3e47800 JavaThread "C2 CompilerThread1" daemon [_thread_in_native, id=10828, stack(0x000000d9ed300000,0x000000d9ed400000)]

Other Threads:
  0x0000026ef1b76000 VMThread "VM Thread" [stack: 0x000000d9ec700000,0x000000d9ec800000] [id=10236]
  0x0000026ef25b8000 WatcherThread [stack: 0x000000d9ed100000,0x000000d9ed200000] [id=9432]
  0x0000026ece1e0000 GCTaskThread "GC Thread#0" [stack: 0x000000d9ec200000,0x000000d9ec300000] [id=11548]
  0x0000026ef35de000 GCTaskThread "GC Thread#1" [stack: 0x000000d9ed400000,0x000000d9ed500000] [id=1320]
  0x0000026ef35de800 GCTaskThread "GC Thread#2" [stack: 0x000000d9ed500000,0x000000d9ed600000] [id=6132]
  0x0000026ef35df800 GCTaskThread "GC Thread#3" [stack: 0x000000d9ed600000,0x000000d9ed700000] [id=5052]
  0x0000026ef35e0000 GCTaskThread "GC Thread#4" [stack: 0x000000d9ed700000,0x000000d9ed800000] [id=6112]
  0x0000026ef35e0800 GCTaskThread "GC Thread#5" [stack: 0x000000d9ed800000,0x000000d9ed900000] [id=10836]
  0x0000026ece202000 ConcurrentGCThread "G1 Main Marker" [stack: 0x000000d9ec300000,0x000000d9ec400000] [id=11604]
  0x0000026ece203800 ConcurrentGCThread "G1 Conc#0" [stack: 0x000000d9ec400000,0x000000d9ec500000] [id=11108]
  0x0000026ef1a66800 ConcurrentGCThread "G1 Refine#0" [stack: 0x000000d9ec500000,0x000000d9ec600000] [id=12192]
  0x0000026ef1a67800 ConcurrentGCThread "G1 Young RemSet Sampling" [stack: 0x000000d9ec600000,0x000000d9ec700000] [id=3628]

Threads with active compile tasks:
C2 CompilerThread0     3703 3587   !   4       com.google.inject.spi.InjectionPoint::getInjectionPoints (489 bytes)
C2 CompilerThread1     3703 3725       4       org.codehaus.plexus.configuration.xml.XmlPlexusConfiguration::<init> (93 bytes)

VM state:not at safepoint (normal execution)

VM Mutex/Monitor currently owned by a thread: None

Heap address: 0x0000000700000000, size: 4096 MB, Compressed Oops mode: Zero based, Oop shift amount: 3
Narrow klass base: 0x0000000800000000, Narrow klass shift: 3
Compressed class space size: 1073741824 Address: 0x0000000800b30000

Heap:
 garbage-first heap   total 262144K, used 119078K [0x0000000700000000, 0x0000000800000000)
  region size 1024K, 115 young (117760K), 2 survivors (2048K)
 Metaspace       used 16145K, capacity 17485K, committed 17536K, reserved 1064960K
  class space    used 1875K, capacity 2151K, committed 2176K, reserved 1048576K
Heap Regions: E=young(eden), S=young(survivor), O=old, HS=humongous(starts), HC=humongous(continues), CS=collection set, F=free, OA=open archive, CA=closed archive, TAMS=top-at-mark-start (previous, next)
|   0|0x0000000700000000, 0x0000000700100000, 0x0000000700100000|100%| O|  |TAMS 0x0000000700000000, 0x0000000700000000| Untracked 
|   1|0x0000000700100000, 0x0000000700200000, 0x0000000700200000|100%| O|  |TAMS 0x0000000700100000, 0x0000000700100000| Untracked 
|   2|0x0000000700200000, 0x0000000700300000, 0x0000000700300000|100%| O|  |TAMS 0x0000000700200000, 0x0000000700200000| Untracked 
|   3|0x0000000700300000, 0x0000000700315e00, 0x0000000700400000|  8%| O|  |TAMS 0x0000000700300000, 0x0000000700300000| Untracked 
|   4|0x0000000700400000, 0x0000000700400000, 0x0000000700500000|  0%| F|  |TAMS 0x0000000700400000, 0x0000000700400000| Untracked 
|   5|0x0000000700500000, 0x0000000700500000, 0x0000000700600000|  0%| F|  |TAMS 0x0000000700500000, 0x0000000700500000| Untracked 
|   6|0x0000000700600000, 0x0000000700600000, 0x0000000700700000|  0%| F|  |TAMS 0x0000000700600000, 0x0000000700600000| Untracked 
|   7|0x0000000700700000, 0x0000000700700000, 0x0000000700800000|  0%| F|  |TAMS 0x0000000700700000, 0x0000000700700000| Untracked 
|   8|0x0000000700800000, 0x0000000700800000, 0x0000000700900000|  0%| F|  |TAMS 0x0000000700800000, 0x0000000700800000| Untracked 
|   9|0x0000000700900000, 0x0000000700900000, 0x0000000700a00000|  0%| F|  |TAMS 0x0000000700900000, 0x0000000700900000| Untracked 
|  10|0x0000000700a00000, 0x0000000700a00000, 0x0000000700b00000|  0%| F|  |TAMS 0x0000000700a00000, 0x0000000700a00000| Untracked 
|  11|0x0000000700b00000, 0x0000000700b00000, 0x0000000700c00000|  0%| F|  |TAMS 0x0000000700b00000, 0x0000000700b00000| Untracked 
|  12|0x0000000700c00000, 0x0000000700c00000, 0x0000000700d00000|  0%| F|  |TAMS 0x0000000700c00000, 0x0000000700c00000| Untracked 
|  13|0x0000000700d00000, 0x0000000700d00000, 0x0000000700e00000|  0%| F|  |TAMS 0x0000000700d00000, 0x0000000700d00000| Untracked 
|  14|0x0000000700e00000, 0x0000000700e00000, 0x0000000700f00000|  0%| F|  |TAMS 0x0000000700e00000, 0x0000000700e00000| Untracked 
|  15|0x0000000700f00000, 0x0000000700f00000, 0x0000000701000000|  0%| F|  |TAMS 0x0000000700f00000, 0x0000000700f00000| Untracked 
|  16|0x0000000701000000, 0x0000000701000000, 0x0000000701100000|  0%| F|  |TAMS 0x0000000701000000, 0x0000000701000000| Untracked 
|  17|0x0000000701100000, 0x0000000701100000, 0x0000000701200000|  0%| F|  |TAMS 0x0000000701100000, 0x0000000701100000| Untracked 
|  18|0x0000000701200000, 0x0000000701200000, 0x0000000701300000|  0%| F|  |TAMS 0x0000000701200000, 0x0000000701200000| Untracked 
|  19|0x0000000701300000, 0x0000000701300000, 0x0000000701400000|  0%| F|  |TAMS 0x0000000701300000, 0x0000000701300000| Untracked 
|  20|0x0000000701400000, 0x0000000701400000, 0x0000000701500000|  0%| F|  |TAMS 0x0000000701400000, 0x0000000701400000| Untracked 
|  21|0x0000000701500000, 0x0000000701500000, 0x0000000701600000|  0%| F|  |TAMS 0x0000000701500000, 0x0000000701500000| Untracked 
|  22|0x0000000701600000, 0x0000000701600000, 0x0000000701700000|  0%| F|  |TAMS 0x0000000701600000, 0x0000000701600000| Untracked 
|  23|0x0000000701700000, 0x0000000701700000, 0x0000000701800000|  0%| F|  |TAMS 0x0000000701700000, 0x0000000701700000| Untracked 
|  24|0x0000000701800000, 0x0000000701800000, 0x0000000701900000|  0%| F|  |TAMS 0x0000000701800000, 0x0000000701800000| Untracked 
|  25|0x0000000701900000, 0x0000000701900000, 0x0000000701a00000|  0%| F|  |TAMS 0x0000000701900000, 0x0000000701900000| Untracked 
|  26|0x0000000701a00000, 0x0000000701a00000, 0x0000000701b00000|  0%| F|  |TAMS 0x0000000701a00000, 0x0000000701a00000| Untracked 
|  27|0x0000000701b00000, 0x0000000701b00000, 0x0000000701c00000|  0%| F|  |TAMS 0x0000000701b00000, 0x0000000701b00000| Untracked 
|  28|0x0000000701c00000, 0x0000000701c00000, 0x0000000701d00000|  0%| F|  |TAMS 0x0000000701c00000, 0x0000000701c00000| Untracked 
|  29|0x0000000701d00000, 0x0000000701d00000, 0x0000000701e00000|  0%| F|  |TAMS 0x0000000701d00000, 0x0000000701d00000| Untracked 
|  30|0x0000000701e00000, 0x0000000701e00000, 0x0000000701f00000|  0%| F|  |TAMS 0x0000000701e00000, 0x0000000701e00000| Untracked 
|  31|0x0000000701f00000, 0x0000000701f00000, 0x0000000702000000|  0%| F|  |TAMS 0x0000000701f00000, 0x0000000701f00000| Untracked 
|  32|0x0000000702000000, 0x0000000702000000, 0x0000000702100000|  0%| F|  |TAMS 0x0000000702000000, 0x0000000702000000| Untracked 
|  33|0x0000000702100000, 0x0000000702100000, 0x0000000702200000|  0%| F|  |TAMS 0x0000000702100000, 0x0000000702100000| Untracked 
|  34|0x0000000702200000, 0x0000000702200000, 0x0000000702300000|  0%| F|  |TAMS 0x0000000702200000, 0x0000000702200000| Untracked 
|  35|0x0000000702300000, 0x0000000702300000, 0x0000000702400000|  0%| F|  |TAMS 0x0000000702300000, 0x0000000702300000| Untracked 
|  36|0x0000000702400000, 0x0000000702400000, 0x0000000702500000|  0%| F|  |TAMS 0x0000000702400000, 0x0000000702400000| Untracked 
|  37|0x0000000702500000, 0x0000000702500000, 0x0000000702600000|  0%| F|  |TAMS 0x0000000702500000, 0x0000000702500000| Untracked 
|  38|0x0000000702600000, 0x0000000702600000, 0x0000000702700000|  0%| F|  |TAMS 0x0000000702600000, 0x0000000702600000| Untracked 
|  39|0x0000000702700000, 0x0000000702700000, 0x0000000702800000|  0%| F|  |TAMS 0x0000000702700000, 0x0000000702700000| Untracked 
|  40|0x0000000702800000, 0x0000000702800000, 0x0000000702900000|  0%| F|  |TAMS 0x0000000702800000, 0x0000000702800000| Untracked 
|  41|0x0000000702900000, 0x0000000702900000, 0x0000000702a00000|  0%| F|  |TAMS 0x0000000702900000, 0x0000000702900000| Untracked 
|  42|0x0000000702a00000, 0x0000000702a00000, 0x0000000702b00000|  0%| F|  |TAMS 0x0000000702a00000, 0x0000000702a00000| Untracked 
|  43|0x0000000702b00000, 0x0000000702b00000, 0x0000000702c00000|  0%| F|  |TAMS 0x0000000702b00000, 0x0000000702b00000| Untracked 
|  44|0x0000000702c00000, 0x0000000702c00000, 0x0000000702d00000|  0%| F|  |TAMS 0x0000000702c00000, 0x0000000702c00000| Untracked 
|  45|0x0000000702d00000, 0x0000000702d00000, 0x0000000702e00000|  0%| F|  |TAMS 0x0000000702d00000, 0x0000000702d00000| Untracked 
|  46|0x0000000702e00000, 0x0000000702e00000, 0x0000000702f00000|  0%| F|  |TAMS 0x0000000702e00000, 0x0000000702e00000| Untracked 
|  47|0x0000000702f00000, 0x0000000702f00000, 0x0000000703000000|  0%| F|  |TAMS 0x0000000702f00000, 0x0000000702f00000| Untracked 
|  48|0x0000000703000000, 0x0000000703000000, 0x0000000703100000|  0%| F|  |TAMS 0x0000000703000000, 0x0000000703000000| Untracked 
|  49|0x0000000703100000, 0x0000000703100000, 0x0000000703200000|  0%| F|  |TAMS 0x0000000703100000, 0x0000000703100000| Untracked 
|  50|0x0000000703200000, 0x0000000703200000, 0x0000000703300000|  0%| F|  |TAMS 0x0000000703200000, 0x0000000703200000| Untracked 
|  51|0x0000000703300000, 0x0000000703300000, 0x0000000703400000|  0%| F|  |TAMS 0x0000000703300000, 0x0000000703300000| Untracked 
|  52|0x0000000703400000, 0x0000000703400000, 0x0000000703500000|  0%| F|  |TAMS 0x0000000703400000, 0x0000000703400000| Untracked 
|  53|0x0000000703500000, 0x0000000703500000, 0x0000000703600000|  0%| F|  |TAMS 0x0000000703500000, 0x0000000703500000| Untracked 
|  54|0x0000000703600000, 0x0000000703600000, 0x0000000703700000|  0%| F|  |TAMS 0x0000000703600000, 0x0000000703600000| Untracked 
|  55|0x0000000703700000, 0x0000000703700000, 0x0000000703800000|  0%| F|  |TAMS 0x0000000703700000, 0x0000000703700000| Untracked 
|  56|0x0000000703800000, 0x0000000703800000, 0x0000000703900000|  0%| F|  |TAMS 0x0000000703800000, 0x0000000703800000| Untracked 
|  57|0x0000000703900000, 0x0000000703900000, 0x0000000703a00000|  0%| F|  |TAMS 0x0000000703900000, 0x0000000703900000| Untracked 
|  58|0x0000000703a00000, 0x0000000703a00000, 0x0000000703b00000|  0%| F|  |TAMS 0x0000000703a00000, 0x0000000703a00000| Untracked 
|  59|0x0000000703b00000, 0x0000000703b00000, 0x0000000703c00000|  0%| F|  |TAMS 0x0000000703b00000, 0x0000000703b00000| Untracked 
|  60|0x0000000703c00000, 0x0000000703c00000, 0x0000000703d00000|  0%| F|  |TAMS 0x0000000703c00000, 0x0000000703c00000| Untracked 
|  61|0x0000000703d00000, 0x0000000703d00000, 0x0000000703e00000|  0%| F|  |TAMS 0x0000000703d00000, 0x0000000703d00000| Untracked 
|  62|0x0000000703e00000, 0x0000000703e00000, 0x0000000703f00000|  0%| F|  |TAMS 0x0000000703e00000, 0x0000000703e00000| Untracked 
|  63|0x0000000703f00000, 0x0000000703f00000, 0x0000000704000000|  0%| F|  |TAMS 0x0000000703f00000, 0x0000000703f00000| Untracked 
|  64|0x0000000704000000, 0x0000000704000000, 0x0000000704100000|  0%| F|  |TAMS 0x0000000704000000, 0x0000000704000000| Untracked 
|  65|0x0000000704100000, 0x0000000704100000, 0x0000000704200000|  0%| F|  |TAMS 0x0000000704100000, 0x0000000704100000| Untracked 
|  66|0x0000000704200000, 0x0000000704200000, 0x0000000704300000|  0%| F|  |TAMS 0x0000000704200000, 0x0000000704200000| Untracked 
|  67|0x0000000704300000, 0x0000000704300000, 0x0000000704400000|  0%| F|  |TAMS 0x0000000704300000, 0x0000000704300000| Untracked 
|  68|0x0000000704400000, 0x0000000704400000, 0x0000000704500000|  0%| F|  |TAMS 0x0000000704400000, 0x0000000704400000| Untracked 
|  69|0x0000000704500000, 0x0000000704500000, 0x0000000704600000|  0%| F|  |TAMS 0x0000000704500000, 0x0000000704500000| Untracked 
|  70|0x0000000704600000, 0x0000000704600000, 0x0000000704700000|  0%| F|  |TAMS 0x0000000704600000, 0x0000000704600000| Untracked 
|  71|0x0000000704700000, 0x0000000704700000, 0x0000000704800000|  0%| F|  |TAMS 0x0000000704700000, 0x0000000704700000| Untracked 
|  72|0x0000000704800000, 0x0000000704800000, 0x0000000704900000|  0%| F|  |TAMS 0x0000000704800000, 0x0000000704800000| Untracked 
|  73|0x0000000704900000, 0x0000000704900000, 0x0000000704a00000|  0%| F|  |TAMS 0x0000000704900000, 0x0000000704900000| Untracked 
|  74|0x0000000704a00000, 0x0000000704a00000, 0x0000000704b00000|  0%| F|  |TAMS 0x0000000704a00000, 0x0000000704a00000| Untracked 
|  75|0x0000000704b00000, 0x0000000704b00000, 0x0000000704c00000|  0%| F|  |TAMS 0x0000000704b00000, 0x0000000704b00000| Untracked 
|  76|0x0000000704c00000, 0x0000000704c00000, 0x0000000704d00000|  0%| F|  |TAMS 0x0000000704c00000, 0x0000000704c00000| Untracked 
|  77|0x0000000704d00000, 0x0000000704d00000, 0x0000000704e00000|  0%| F|  |TAMS 0x0000000704d00000, 0x0000000704d00000| Untracked 
|  78|0x0000000704e00000, 0x0000000704e00000, 0x0000000704f00000|  0%| F|  |TAMS 0x0000000704e00000, 0x0000000704e00000| Untracked 
|  79|0x0000000704f00000, 0x0000000704f00000, 0x0000000705000000|  0%| F|  |TAMS 0x0000000704f00000, 0x0000000704f00000| Untracked 
|  80|0x0000000705000000, 0x0000000705000000, 0x0000000705100000|  0%| F|  |TAMS 0x0000000705000000, 0x0000000705000000| Untracked 
|  81|0x0000000705100000, 0x0000000705100000, 0x0000000705200000|  0%| F|  |TAMS 0x0000000705100000, 0x0000000705100000| Untracked 
|  82|0x0000000705200000, 0x0000000705200000, 0x0000000705300000|  0%| F|  |TAMS 0x0000000705200000, 0x0000000705200000| Untracked 
|  83|0x0000000705300000, 0x0000000705300000, 0x0000000705400000|  0%| F|  |TAMS 0x0000000705300000, 0x0000000705300000| Untracked 
|  84|0x0000000705400000, 0x0000000705400000, 0x0000000705500000|  0%| F|  |TAMS 0x0000000705400000, 0x0000000705400000| Untracked 
|  85|0x0000000705500000, 0x0000000705500000, 0x0000000705600000|  0%| F|  |TAMS 0x0000000705500000, 0x0000000705500000| Untracked 
|  86|0x0000000705600000, 0x0000000705600000, 0x0000000705700000|  0%| F|  |TAMS 0x0000000705600000, 0x0000000705600000| Untracked 
|  87|0x0000000705700000, 0x0000000705700000, 0x0000000705800000|  0%| F|  |TAMS 0x0000000705700000, 0x0000000705700000| Untracked 
|  88|0x0000000705800000, 0x0000000705800000, 0x0000000705900000|  0%| F|  |TAMS 0x0000000705800000, 0x0000000705800000| Untracked 
|  89|0x0000000705900000, 0x0000000705900000, 0x0000000705a00000|  0%| F|  |TAMS 0x0000000705900000, 0x0000000705900000| Untracked 
|  90|0x0000000705a00000, 0x0000000705a00000, 0x0000000705b00000|  0%| F|  |TAMS 0x0000000705a00000, 0x0000000705a00000| Untracked 
|  91|0x0000000705b00000, 0x0000000705b00000, 0x0000000705c00000|  0%| F|  |TAMS 0x0000000705b00000, 0x0000000705b00000| Untracked 
|  92|0x0000000705c00000, 0x0000000705c00000, 0x0000000705d00000|  0%| F|  |TAMS 0x0000000705c00000, 0x0000000705c00000| Untracked 
|  93|0x0000000705d00000, 0x0000000705d00000, 0x0000000705e00000|  0%| F|  |TAMS 0x0000000705d00000, 0x0000000705d00000| Untracked 
|  94|0x0000000705e00000, 0x0000000705e00000, 0x0000000705f00000|  0%| F|  |TAMS 0x0000000705e00000, 0x0000000705e00000| Untracked 
|  95|0x0000000705f00000, 0x0000000705f00000, 0x0000000706000000|  0%| F|  |TAMS 0x0000000705f00000, 0x0000000705f00000| Untracked 
|  96|0x0000000706000000, 0x0000000706000000, 0x0000000706100000|  0%| F|  |TAMS 0x0000000706000000, 0x0000000706000000| Untracked 
|  97|0x0000000706100000, 0x0000000706100000, 0x0000000706200000|  0%| F|  |TAMS 0x0000000706100000, 0x0000000706100000| Untracked 
|  98|0x0000000706200000, 0x0000000706200000, 0x0000000706300000|  0%| F|  |TAMS 0x0000000706200000, 0x0000000706200000| Untracked 
|  99|0x0000000706300000, 0x0000000706300000, 0x0000000706400000|  0%| F|  |TAMS 0x0000000706300000, 0x0000000706300000| Untracked 
| 100|0x0000000706400000, 0x0000000706400000, 0x0000000706500000|  0%| F|  |TAMS 0x0000000706400000, 0x0000000706400000| Untracked 
| 101|0x0000000706500000, 0x0000000706500000, 0x0000000706600000|  0%| F|  |TAMS 0x0000000706500000, 0x0000000706500000| Untracked 
| 102|0x0000000706600000, 0x0000000706600000, 0x0000000706700000|  0%| F|  |TAMS 0x0000000706600000, 0x0000000706600000| Untracked 
| 103|0x0000000706700000, 0x0000000706700000, 0x0000000706800000|  0%| F|  |TAMS 0x0000000706700000, 0x0000000706700000| Untracked 
| 104|0x0000000706800000, 0x0000000706800000, 0x0000000706900000|  0%| F|  |TAMS 0x0000000706800000, 0x0000000706800000| Untracked 
| 105|0x0000000706900000, 0x0000000706900000, 0x0000000706a00000|  0%| F|  |TAMS 0x0000000706900000, 0x0000000706900000| Untracked 
| 106|0x0000000706a00000, 0x0000000706a00000, 0x0000000706b00000|  0%| F|  |TAMS 0x0000000706a00000, 0x0000000706a00000| Untracked 
| 107|0x0000000706b00000, 0x0000000706b00000, 0x0000000706c00000|  0%| F|  |TAMS 0x0000000706b00000, 0x0000000706b00000| Untracked 
| 108|0x0000000706c00000, 0x0000000706c00000, 0x0000000706d00000|  0%| F|  |TAMS 0x0000000706c00000, 0x0000000706c00000| Untracked 
| 109|0x0000000706d00000, 0x0000000706d00000, 0x0000000706e00000|  0%| F|  |TAMS 0x0000000706d00000, 0x0000000706d00000| Untracked 
| 110|0x0000000706e00000, 0x0000000706e00000, 0x0000000706f00000|  0%| F|  |TAMS 0x0000000706e00000, 0x0000000706e00000| Untracked 
| 111|0x0000000706f00000, 0x0000000706f00000, 0x0000000707000000|  0%| F|  |TAMS 0x0000000706f00000, 0x0000000706f00000| Untracked 
| 112|0x0000000707000000, 0x0000000707000000, 0x0000000707100000|  0%| F|  |TAMS 0x0000000707000000, 0x0000000707000000| Untracked 
| 113|0x0000000707100000, 0x0000000707100000, 0x0000000707200000|  0%| F|  |TAMS 0x0000000707100000, 0x0000000707100000| Untracked 
| 114|0x0000000707200000, 0x0000000707200000, 0x0000000707300000|  0%| F|  |TAMS 0x0000000707200000, 0x0000000707200000| Untracked 
| 115|0x0000000707300000, 0x0000000707300000, 0x0000000707400000|  0%| F|  |TAMS 0x0000000707300000, 0x0000000707300000| Untracked 
| 116|0x0000000707400000, 0x0000000707400000, 0x0000000707500000|  0%| F|  |TAMS 0x0000000707400000, 0x0000000707400000| Untracked 
| 117|0x0000000707500000, 0x0000000707500000, 0x0000000707600000|  0%| F|  |TAMS 0x0000000707500000, 0x0000000707500000| Untracked 
| 118|0x0000000707600000, 0x0000000707600000, 0x0000000707700000|  0%| F|  |TAMS 0x0000000707600000, 0x0000000707600000| Untracked 
| 119|0x0000000707700000, 0x0000000707700000, 0x0000000707800000|  0%| F|  |TAMS 0x0000000707700000, 0x0000000707700000| Untracked 
| 120|0x0000000707800000, 0x0000000707800000, 0x0000000707900000|  0%| F|  |TAMS 0x0000000707800000, 0x0000000707800000| Untracked 
| 121|0x0000000707900000, 0x0000000707900000, 0x0000000707a00000|  0%| F|  |TAMS 0x0000000707900000, 0x0000000707900000| Untracked 
| 122|0x0000000707a00000, 0x0000000707a00000, 0x0000000707b00000|  0%| F|  |TAMS 0x0000000707a00000, 0x0000000707a00000| Untracked 
| 123|0x0000000707b00000, 0x0000000707b00000, 0x0000000707c00000|  0%| F|  |TAMS 0x0000000707b00000, 0x0000000707b00000| Untracked 
| 124|0x0000000707c00000, 0x0000000707c00000, 0x0000000707d00000|  0%| F|  |TAMS 0x0000000707c00000, 0x0000000707c00000| Untracked 
| 125|0x0000000707d00000, 0x0000000707d00000, 0x0000000707e00000|  0%| F|  |TAMS 0x0000000707d00000, 0x0000000707d00000| Untracked 
| 126|0x0000000707e00000, 0x0000000707e00000, 0x0000000707f00000|  0%| F|  |TAMS 0x0000000707e00000, 0x0000000707e00000| Untracked 
| 127|0x0000000707f00000, 0x0000000707f00000, 0x0000000708000000|  0%| F|  |TAMS 0x0000000707f00000, 0x0000000707f00000| Untracked 
| 128|0x0000000708000000, 0x0000000708000000, 0x0000000708100000|  0%| F|  |TAMS 0x0000000708000000, 0x0000000708000000| Untracked 
| 129|0x0000000708100000, 0x0000000708100000, 0x0000000708200000|  0%| F|  |TAMS 0x0000000708100000, 0x0000000708100000| Untracked 
| 130|0x0000000708200000, 0x0000000708200000, 0x0000000708300000|  0%| F|  |TAMS 0x0000000708200000, 0x0000000708200000| Untracked 
| 131|0x0000000708300000, 0x0000000708300000, 0x0000000708400000|  0%| F|  |TAMS 0x0000000708300000, 0x0000000708300000| Untracked 
| 132|0x0000000708400000, 0x0000000708400000, 0x0000000708500000|  0%| F|  |TAMS 0x0000000708400000, 0x0000000708400000| Untracked 
| 133|0x0000000708500000, 0x0000000708500000, 0x0000000708600000|  0%| F|  |TAMS 0x0000000708500000, 0x0000000708500000| Untracked 
| 134|0x0000000708600000, 0x0000000708600000, 0x0000000708700000|  0%| F|  |TAMS 0x0000000708600000, 0x0000000708600000| Untracked 
| 135|0x0000000708700000, 0x0000000708700000, 0x0000000708800000|  0%| F|  |TAMS 0x0000000708700000, 0x0000000708700000| Untracked 
| 136|0x0000000708800000, 0x0000000708800000, 0x0000000708900000|  0%| F|  |TAMS 0x0000000708800000, 0x0000000708800000| Untracked 
| 137|0x0000000708900000, 0x0000000708900000, 0x0000000708a00000|  0%| F|  |TAMS 0x0000000708900000, 0x0000000708900000| Untracked 
| 138|0x0000000708a00000, 0x0000000708a00000, 0x0000000708b00000|  0%| F|  |TAMS 0x0000000708a00000, 0x0000000708a00000| Untracked 
| 139|0x0000000708b00000, 0x0000000708b00000, 0x0000000708c00000|  0%| F|  |TAMS 0x0000000708b00000, 0x0000000708b00000| Untracked 
| 140|0x0000000708c00000, 0x0000000708c00000, 0x0000000708d00000|  0%| F|  |TAMS 0x0000000708c00000, 0x0000000708c00000| Untracked 
| 141|0x0000000708d00000, 0x0000000708e00000, 0x0000000708e00000|100%| E|  |TAMS 0x0000000708d00000, 0x0000000708d00000| Complete 
| 142|0x0000000708e00000, 0x0000000708f00000, 0x0000000708f00000|100%| E|CS|TAMS 0x0000000708e00000, 0x0000000708e00000| Complete 
| 143|0x0000000708f00000, 0x0000000709000000, 0x0000000709000000|100%| E|CS|TAMS 0x0000000708f00000, 0x0000000708f00000| Complete 
| 144|0x0000000709000000, 0x0000000709100000, 0x0000000709100000|100%| E|CS|TAMS 0x0000000709000000, 0x0000000709000000| Complete 
| 145|0x0000000709100000, 0x0000000709200000, 0x0000000709200000|100%| E|CS|TAMS 0x0000000709100000, 0x0000000709100000| Complete 
| 146|0x0000000709200000, 0x0000000709300000, 0x0000000709300000|100%| E|CS|TAMS 0x0000000709200000, 0x0000000709200000| Complete 
| 147|0x0000000709300000, 0x0000000709400000, 0x0000000709400000|100%| E|CS|TAMS 0x0000000709300000, 0x0000000709300000| Complete 
| 148|0x0000000709400000, 0x0000000709500000, 0x0000000709500000|100%| E|CS|TAMS 0x0000000709400000, 0x0000000709400000| Complete 
| 149|0x0000000709500000, 0x0000000709600000, 0x0000000709600000|100%| E|CS|TAMS 0x0000000709500000, 0x0000000709500000| Complete 
| 150|0x0000000709600000, 0x0000000709700000, 0x0000000709700000|100%| E|CS|TAMS 0x0000000709600000, 0x0000000709600000| Complete 
| 151|0x0000000709700000, 0x0000000709800000, 0x0000000709800000|100%| E|CS|TAMS 0x0000000709700000, 0x0000000709700000| Complete 
| 152|0x0000000709800000, 0x0000000709900000, 0x0000000709900000|100%| E|CS|TAMS 0x0000000709800000, 0x0000000709800000| Complete 
| 153|0x0000000709900000, 0x0000000709a00000, 0x0000000709a00000|100%| E|CS|TAMS 0x0000000709900000, 0x0000000709900000| Complete 
| 154|0x0000000709a00000, 0x0000000709b00000, 0x0000000709b00000|100%| E|CS|TAMS 0x0000000709a00000, 0x0000000709a00000| Complete 
| 155|0x0000000709b00000, 0x0000000709c00000, 0x0000000709c00000|100%| E|CS|TAMS 0x0000000709b00000, 0x0000000709b00000| Complete 
| 156|0x0000000709c00000, 0x0000000709d00000, 0x0000000709d00000|100%| E|CS|TAMS 0x0000000709c00000, 0x0000000709c00000| Complete 
| 157|0x0000000709d00000, 0x0000000709e00000, 0x0000000709e00000|100%| E|CS|TAMS 0x0000000709d00000, 0x0000000709d00000| Complete 
| 158|0x0000000709e00000, 0x0000000709f00000, 0x0000000709f00000|100%| E|CS|TAMS 0x0000000709e00000, 0x0000000709e00000| Complete 
| 159|0x0000000709f00000, 0x000000070a000000, 0x000000070a000000|100%| E|CS|TAMS 0x0000000709f00000, 0x0000000709f00000| Complete 
| 160|0x000000070a000000, 0x000000070a100000, 0x000000070a100000|100%| E|CS|TAMS 0x000000070a000000, 0x000000070a000000| Complete 
| 161|0x000000070a100000, 0x000000070a200000, 0x000000070a200000|100%| E|CS|TAMS 0x000000070a100000, 0x000000070a100000| Complete 
| 162|0x000000070a200000, 0x000000070a300000, 0x000000070a300000|100%| E|CS|TAMS 0x000000070a200000, 0x000000070a200000| Complete 
| 163|0x000000070a300000, 0x000000070a400000, 0x000000070a400000|100%| E|CS|TAMS 0x000000070a300000, 0x000000070a300000| Complete 
| 164|0x000000070a400000, 0x000000070a500000, 0x000000070a500000|100%| E|CS|TAMS 0x000000070a400000, 0x000000070a400000| Complete 
| 165|0x000000070a500000, 0x000000070a600000, 0x000000070a600000|100%| E|CS|TAMS 0x000000070a500000, 0x000000070a500000| Complete 
| 166|0x000000070a600000, 0x000000070a700000, 0x000000070a700000|100%| E|CS|TAMS 0x000000070a600000, 0x000000070a600000| Complete 
| 167|0x000000070a700000, 0x000000070a800000, 0x000000070a800000|100%| E|CS|TAMS 0x000000070a700000, 0x000000070a700000| Complete 
| 168|0x000000070a800000, 0x000000070a900000, 0x000000070a900000|100%| E|CS|TAMS 0x000000070a800000, 0x000000070a800000| Complete 
| 169|0x000000070a900000, 0x000000070aa00000, 0x000000070aa00000|100%| E|CS|TAMS 0x000000070a900000, 0x000000070a900000| Complete 
| 170|0x000000070aa00000, 0x000000070ab00000, 0x000000070ab00000|100%| E|CS|TAMS 0x000000070aa00000, 0x000000070aa00000| Complete 
| 171|0x000000070ab00000, 0x000000070ac00000, 0x000000070ac00000|100%| E|CS|TAMS 0x000000070ab00000, 0x000000070ab00000| Complete 
| 172|0x000000070ac00000, 0x000000070ad00000, 0x000000070ad00000|100%| E|CS|TAMS 0x000000070ac00000, 0x000000070ac00000| Complete 
| 173|0x000000070ad00000, 0x000000070ae00000, 0x000000070ae00000|100%| E|CS|TAMS 0x000000070ad00000, 0x000000070ad00000| Complete 
| 174|0x000000070ae00000, 0x000000070af00000, 0x000000070af00000|100%| E|CS|TAMS 0x000000070ae00000, 0x000000070ae00000| Complete 
| 175|0x000000070af00000, 0x000000070b000000, 0x000000070b000000|100%| E|CS|TAMS 0x000000070af00000, 0x000000070af00000| Complete 
| 176|0x000000070b000000, 0x000000070b100000, 0x000000070b100000|100%| E|CS|TAMS 0x000000070b000000, 0x000000070b000000| Complete 
| 177|0x000000070b100000, 0x000000070b200000, 0x000000070b200000|100%| E|CS|TAMS 0x000000070b100000, 0x000000070b100000| Complete 
| 178|0x000000070b200000, 0x000000070b300000, 0x000000070b300000|100%| E|CS|TAMS 0x000000070b200000, 0x000000070b200000| Complete 
| 179|0x000000070b300000, 0x000000070b400000, 0x000000070b400000|100%| E|CS|TAMS 0x000000070b300000, 0x000000070b300000| Complete 
| 180|0x000000070b400000, 0x000000070b500000, 0x000000070b500000|100%| E|CS|TAMS 0x000000070b400000, 0x000000070b400000| Complete 
| 181|0x000000070b500000, 0x000000070b600000, 0x000000070b600000|100%| E|CS|TAMS 0x000000070b500000, 0x000000070b500000| Complete 
| 182|0x000000070b600000, 0x000000070b700000, 0x000000070b700000|100%| E|CS|TAMS 0x000000070b600000, 0x000000070b600000| Complete 
| 183|0x000000070b700000, 0x000000070b800000, 0x000000070b800000|100%| E|CS|TAMS 0x000000070b700000, 0x000000070b700000| Complete 
| 184|0x000000070b800000, 0x000000070b900000, 0x000000070b900000|100%| E|CS|TAMS 0x000000070b800000, 0x000000070b800000| Complete 
| 185|0x000000070b900000, 0x000000070ba00000, 0x000000070ba00000|100%| E|CS|TAMS 0x000000070b900000, 0x000000070b900000| Complete 
| 186|0x000000070ba00000, 0x000000070bb00000, 0x000000070bb00000|100%| E|CS|TAMS 0x000000070ba00000, 0x000000070ba00000| Complete 
| 187|0x000000070bb00000, 0x000000070bc00000, 0x000000070bc00000|100%| E|CS|TAMS 0x000000070bb00000, 0x000000070bb00000| Complete 
| 188|0x000000070bc00000, 0x000000070bd00000, 0x000000070bd00000|100%| E|CS|TAMS 0x000000070bc00000, 0x000000070bc00000| Complete 
| 189|0x000000070bd00000, 0x000000070be00000, 0x000000070be00000|100%| E|CS|TAMS 0x000000070bd00000, 0x000000070bd00000| Complete 
| 190|0x000000070be00000, 0x000000070bf00000, 0x000000070bf00000|100%| E|CS|TAMS 0x000000070be00000, 0x000000070be00000| Complete 
| 191|0x000000070bf00000, 0x000000070c000000, 0x000000070c000000|100%| E|CS|TAMS 0x000000070bf00000, 0x000000070bf00000| Complete 
| 192|0x000000070c000000, 0x000000070c100000, 0x000000070c100000|100%| E|CS|TAMS 0x000000070c000000, 0x000000070c000000| Complete 
| 193|0x000000070c100000, 0x000000070c200000, 0x000000070c200000|100%| E|CS|TAMS 0x000000070c100000, 0x000000070c100000| Complete 
| 194|0x000000070c200000, 0x000000070c300000, 0x000000070c300000|100%| E|CS|TAMS 0x000000070c200000, 0x000000070c200000| Complete 
| 195|0x000000070c300000, 0x000000070c400000, 0x000000070c400000|100%| E|CS|TAMS 0x000000070c300000, 0x000000070c300000| Complete 
| 196|0x000000070c400000, 0x000000070c500000, 0x000000070c500000|100%| E|CS|TAMS 0x000000070c400000, 0x000000070c400000| Complete 
| 197|0x000000070c500000, 0x000000070c600000, 0x000000070c600000|100%| E|CS|TAMS 0x000000070c500000, 0x000000070c500000| Complete 
| 198|0x000000070c600000, 0x000000070c700000, 0x000000070c700000|100%| E|CS|TAMS 0x000000070c600000, 0x000000070c600000| Complete 
| 199|0x000000070c700000, 0x000000070c800000, 0x000000070c800000|100%| E|CS|TAMS 0x000000070c700000, 0x000000070c700000| Complete 
| 200|0x000000070c800000, 0x000000070c900000, 0x000000070c900000|100%| E|CS|TAMS 0x000000070c800000, 0x000000070c800000| Complete 
| 201|0x000000070c900000, 0x000000070ca00000, 0x000000070ca00000|100%| E|CS|TAMS 0x000000070c900000, 0x000000070c900000| Complete 
| 202|0x000000070ca00000, 0x000000070cb00000, 0x000000070cb00000|100%| E|CS|TAMS 0x000000070ca00000, 0x000000070ca00000| Complete 
| 203|0x000000070cb00000, 0x000000070cc00000, 0x000000070cc00000|100%| E|CS|TAMS 0x000000070cb00000, 0x000000070cb00000| Complete 
| 204|0x000000070cc00000, 0x000000070cd00000, 0x000000070cd00000|100%| E|CS|TAMS 0x000000070cc00000, 0x000000070cc00000| Complete 
| 205|0x000000070cd00000, 0x000000070ce00000, 0x000000070ce00000|100%| E|CS|TAMS 0x000000070cd00000, 0x000000070cd00000| Complete 
| 206|0x000000070ce00000, 0x000000070cf00000, 0x000000070cf00000|100%| E|CS|TAMS 0x000000070ce00000, 0x000000070ce00000| Complete 
| 207|0x000000070cf00000, 0x000000070d000000, 0x000000070d000000|100%| E|CS|TAMS 0x000000070cf00000, 0x000000070cf00000| Complete 
| 208|0x000000070d000000, 0x000000070d100000, 0x000000070d100000|100%| E|CS|TAMS 0x000000070d000000, 0x000000070d000000| Complete 
| 209|0x000000070d100000, 0x000000070d200000, 0x000000070d200000|100%| E|CS|TAMS 0x000000070d100000, 0x000000070d100000| Complete 
| 210|0x000000070d200000, 0x000000070d300000, 0x000000070d300000|100%| E|CS|TAMS 0x000000070d200000, 0x000000070d200000| Complete 
| 211|0x000000070d300000, 0x000000070d400000, 0x000000070d400000|100%| E|CS|TAMS 0x000000070d300000, 0x000000070d300000| Complete 
| 212|0x000000070d400000, 0x000000070d500000, 0x000000070d500000|100%| E|CS|TAMS 0x000000070d400000, 0x000000070d400000| Complete 
| 213|0x000000070d500000, 0x000000070d600000, 0x000000070d600000|100%| E|CS|TAMS 0x000000070d500000, 0x000000070d500000| Complete 
| 214|0x000000070d600000, 0x000000070d700000, 0x000000070d700000|100%| E|CS|TAMS 0x000000070d600000, 0x000000070d600000| Complete 
| 215|0x000000070d700000, 0x000000070d800000, 0x000000070d800000|100%| E|CS|TAMS 0x000000070d700000, 0x000000070d700000| Complete 
| 216|0x000000070d800000, 0x000000070d900000, 0x000000070d900000|100%| E|CS|TAMS 0x000000070d800000, 0x000000070d800000| Complete 
| 217|0x000000070d900000, 0x000000070da00000, 0x000000070da00000|100%| E|CS|TAMS 0x000000070d900000, 0x000000070d900000| Complete 
| 218|0x000000070da00000, 0x000000070db00000, 0x000000070db00000|100%| E|CS|TAMS 0x000000070da00000, 0x000000070da00000| Complete 
| 219|0x000000070db00000, 0x000000070dc00000, 0x000000070dc00000|100%| E|CS|TAMS 0x000000070db00000, 0x000000070db00000| Complete 
| 220|0x000000070dc00000, 0x000000070dd00000, 0x000000070dd00000|100%| E|CS|TAMS 0x000000070dc00000, 0x000000070dc00000| Complete 
| 221|0x000000070dd00000, 0x000000070de00000, 0x000000070de00000|100%| E|CS|TAMS 0x000000070dd00000, 0x000000070dd00000| Complete 
| 222|0x000000070de00000, 0x000000070df00000, 0x000000070df00000|100%| E|CS|TAMS 0x000000070de00000, 0x000000070de00000| Complete 
| 223|0x000000070df00000, 0x000000070e000000, 0x000000070e000000|100%| E|CS|TAMS 0x000000070df00000, 0x000000070df00000| Complete 
| 224|0x000000070e000000, 0x000000070e100000, 0x000000070e100000|100%| E|CS|TAMS 0x000000070e000000, 0x000000070e000000| Complete 
| 225|0x000000070e100000, 0x000000070e133d68, 0x000000070e200000| 20%| S|CS|TAMS 0x000000070e100000, 0x000000070e100000| Complete 
| 226|0x000000070e200000, 0x000000070e300000, 0x000000070e300000|100%| S|CS|TAMS 0x000000070e200000, 0x000000070e200000| Complete 
| 227|0x000000070e300000, 0x000000070e400000, 0x000000070e400000|100%| E|CS|TAMS 0x000000070e300000, 0x000000070e300000| Complete 
| 228|0x000000070e400000, 0x000000070e500000, 0x000000070e500000|100%| E|CS|TAMS 0x000000070e400000, 0x000000070e400000| Complete 
| 229|0x000000070e500000, 0x000000070e600000, 0x000000070e600000|100%| E|CS|TAMS 0x000000070e500000, 0x000000070e500000| Complete 
| 230|0x000000070e600000, 0x000000070e700000, 0x000000070e700000|100%| E|CS|TAMS 0x000000070e600000, 0x000000070e600000| Complete 
| 231|0x000000070e700000, 0x000000070e800000, 0x000000070e800000|100%| E|CS|TAMS 0x000000070e700000, 0x000000070e700000| Complete 
| 232|0x000000070e800000, 0x000000070e900000, 0x000000070e900000|100%| E|CS|TAMS 0x000000070e800000, 0x000000070e800000| Complete 
| 233|0x000000070e900000, 0x000000070ea00000, 0x000000070ea00000|100%| E|CS|TAMS 0x000000070e900000, 0x000000070e900000| Complete 
| 234|0x000000070ea00000, 0x000000070eb00000, 0x000000070eb00000|100%| E|CS|TAMS 0x000000070ea00000, 0x000000070ea00000| Complete 
| 235|0x000000070eb00000, 0x000000070ec00000, 0x000000070ec00000|100%| E|CS|TAMS 0x000000070eb00000, 0x000000070eb00000| Complete 
| 236|0x000000070ec00000, 0x000000070ed00000, 0x000000070ed00000|100%| E|CS|TAMS 0x000000070ec00000, 0x000000070ec00000| Complete 
| 237|0x000000070ed00000, 0x000000070ee00000, 0x000000070ee00000|100%| E|CS|TAMS 0x000000070ed00000, 0x000000070ed00000| Complete 
| 238|0x000000070ee00000, 0x000000070ef00000, 0x000000070ef00000|100%| E|CS|TAMS 0x000000070ee00000, 0x000000070ee00000| Complete 
| 239|0x000000070ef00000, 0x000000070f000000, 0x000000070f000000|100%| E|CS|TAMS 0x000000070ef00000, 0x000000070ef00000| Complete 
| 240|0x000000070f000000, 0x000000070f100000, 0x000000070f100000|100%| E|CS|TAMS 0x000000070f000000, 0x000000070f000000| Complete 
| 241|0x000000070f100000, 0x000000070f200000, 0x000000070f200000|100%| E|CS|TAMS 0x000000070f100000, 0x000000070f100000| Complete 
| 242|0x000000070f200000, 0x000000070f300000, 0x000000070f300000|100%| E|CS|TAMS 0x000000070f200000, 0x000000070f200000| Complete 
| 243|0x000000070f300000, 0x000000070f400000, 0x000000070f400000|100%| E|CS|TAMS 0x000000070f300000, 0x000000070f300000| Complete 
| 244|0x000000070f400000, 0x000000070f500000, 0x000000070f500000|100%| E|CS|TAMS 0x000000070f400000, 0x000000070f400000| Complete 
| 245|0x000000070f500000, 0x000000070f600000, 0x000000070f600000|100%| E|CS|TAMS 0x000000070f500000, 0x000000070f500000| Complete 
| 246|0x000000070f600000, 0x000000070f700000, 0x000000070f700000|100%| E|CS|TAMS 0x000000070f600000, 0x000000070f600000| Complete 
| 247|0x000000070f700000, 0x000000070f800000, 0x000000070f800000|100%| E|CS|TAMS 0x000000070f700000, 0x000000070f700000| Complete 
| 248|0x000000070f800000, 0x000000070f900000, 0x000000070f900000|100%| E|CS|TAMS 0x000000070f800000, 0x000000070f800000| Complete 
| 249|0x000000070f900000, 0x000000070fa00000, 0x000000070fa00000|100%| E|CS|TAMS 0x000000070f900000, 0x000000070f900000| Complete 
| 250|0x000000070fa00000, 0x000000070fb00000, 0x000000070fb00000|100%| E|CS|TAMS 0x000000070fa00000, 0x000000070fa00000| Complete 
| 251|0x000000070fb00000, 0x000000070fc00000, 0x000000070fc00000|100%| E|CS|TAMS 0x000000070fb00000, 0x000000070fb00000| Complete 
| 252|0x000000070fc00000, 0x000000070fd00000, 0x000000070fd00000|100%| E|CS|TAMS 0x000000070fc00000, 0x000000070fc00000| Complete 
| 253|0x000000070fd00000, 0x000000070fe00000, 0x000000070fe00000|100%| E|CS|TAMS 0x000000070fd00000, 0x000000070fd00000| Complete 
| 254|0x000000070fe00000, 0x000000070ff00000, 0x000000070ff00000|100%| E|CS|TAMS 0x000000070fe00000, 0x000000070fe00000| Complete 
| 255|0x000000070ff00000, 0x0000000710000000, 0x0000000710000000|100%| E|CS|TAMS 0x000000070ff00000, 0x000000070ff00000| Complete 

Card table byte_map: [0x0000026ee6220000,0x0000026ee6a20000] _byte_map_base: 0x0000026ee2a20000

Marking Bits (Prev, Next): (CMBitMap*) 0x0000026ece1e0d78, (CMBitMap*) 0x0000026ece1e0db8
 Prev Bits: [0x0000026ee7220000, 0x0000026eeb220000)
 Next Bits: [0x0000026eeb220000, 0x0000026eef220000)

Polling page: 0x0000026ecd940000

Metaspace:

Usage:
  Non-class:     14.97 MB capacity,    13.94 MB ( 93%) used,     1.01 MB (  7%) free+waste,    21.25 KB ( <1%) overhead. 
      Class:      2.10 MB capacity,     1.83 MB ( 87%) used,   265.67 KB ( 12%) free+waste,     9.88 KB ( <1%) overhead. 
       Both:     17.08 MB capacity,    15.77 MB ( 92%) used,     1.27 MB (  7%) free+waste,    31.13 KB ( <1%) overhead. 

Virtual space:
  Non-class space:       16.00 MB reserved,      15.00 MB ( 94%) committed 
      Class space:        1.00 GB reserved,       2.13 MB ( <1%) committed 
             Both:        1.02 GB reserved,      17.13 MB (  2%) committed 

Chunk freelists:
   Non-Class:  26.00 KB
       Class:  25.00 KB
        Both:  51.00 KB

MaxMetaspaceSize: 17179869184.00 GB
CompressedClassSpaceSize: 1.00 GB

CodeHeap 'non-profiled nmethods': size=120000Kb used=1900Kb max_used=1900Kb free=118099Kb
 bounds [0x0000026ede3e0000, 0x0000026ede650000, 0x0000026ee5910000]
CodeHeap 'profiled nmethods': size=120000Kb used=8215Kb max_used=8215Kb free=111784Kb
 bounds [0x0000026ed6eb0000, 0x0000026ed76c0000, 0x0000026ede3e0000]
CodeHeap 'non-nmethods': size=5760Kb used=1209Kb max_used=1252Kb free=4550Kb
 bounds [0x0000026ed6910000, 0x0000026ed6b80000, 0x0000026ed6eb0000]
 total_blobs=5363 nmethods=3768 adapters=384
 compilation: enabled
              stopped_count=0, restarted_count=0
 full_count=0

Compilation events (20 events):
Event: 3.625 Thread 0x0000026ef2451000 nmethod 3704 0x0000026ede5b1b90 code [0x0000026ede5b1d20, 0x0000026ede5b1df8]
Event: 3.625 Thread 0x0000026ef2451000 3705       1       org.eclipse.sisu.plexus.RequirementImpl::optional (5 bytes)
Event: 3.625 Thread 0x0000026ef2451000 nmethod 3705 0x0000026ede5b1e90 code [0x0000026ede5b2020, 0x0000026ede5b20f8]
Event: 3.636 Thread 0x0000026ef3e47800 nmethod 3708 0x0000026ede5b2190 code [0x0000026ede5b2400, 0x0000026ede5b31c8]
Event: 3.636 Thread 0x0000026ef3e47800 3714       4       com.google.common.base.Preconditions::checkNotNull (18 bytes)
Event: 3.636 Thread 0x0000026ef3e47800 nmethod 3714 0x0000026ede5b3690 code [0x0000026ede5b3820, 0x0000026ede5b3898]
Event: 3.636 Thread 0x0000026ef3e47800 3661       4       org.apache.maven.model.merge.ModelMerger::merge (15 bytes)
Event: 3.644 Thread 0x0000026ef3e47800 nmethod 3661 0x0000026ede5b3990 code [0x0000026ede5b3c20, 0x0000026ede5b4498]
Event: 3.644 Thread 0x0000026ef3e47800 3662       4       org.apache.maven.model.merge.ModelMerger::merge (74 bytes)
Event: 3.651 Thread 0x0000026ef3e47800 nmethod 3662 0x0000026ede5b4a10 code [0x0000026ede5b4c80, 0x0000026ede5b54b8]
Event: 3.651 Thread 0x0000026ef3e47800 3715       4       sun.nio.cs.UTF_8::updatePositions (23 bytes)
Event: 3.655 Thread 0x0000026ef3e47800 nmethod 3715 0x0000026ede5b5990 code [0x0000026ede5b5ca0, 0x0000026ede5b6398]
Event: 3.655 Thread 0x0000026ef3e47800 3716       4       java.lang.StringLatin1::newString (17 bytes)
Event: 3.655 Thread 0x0000026ef2451000 3717  s    1       java.lang.StringBuffer::length (5 bytes)
Event: 3.655 Thread 0x0000026ef2451000 nmethod 3717 0x0000026ede5b6810 code [0x0000026ede5b69a0, 0x0000026ede5b6c18]
Event: 3.657 Thread 0x0000026ef2451000 3719       1       org.apache.maven.artifact.DefaultArtifact::getVersion (5 bytes)
Event: 3.657 Thread 0x0000026ef2451000 nmethod 3719 0x0000026ede5b6c90 code [0x0000026ede5b6e20, 0x0000026ede5b6ef8]
Event: 3.658 Thread 0x0000026ef3e47800 nmethod 3716 0x0000026ede5b6f90 code [0x0000026ede5b7140, 0x0000026ede5b7518]
Event: 3.658 Thread 0x0000026ef3e47800 3718       4       java.io.OutputStream::flush (1 bytes)
Event: 3.658 Thread 0x0000026ef3e47800 nmethod 3718 0x0000026ede5b7710 code [0x0000026ede5b7880, 0x0000026ede5b78f8]

GC Heap History (4 events):
Event: 0.836 GC heap before
{Heap before GC invocations=0 (full 0):
 garbage-first heap   total 262144K, used 20480K [0x0000000700000000, 0x0000000800000000)
  region size 1024K, 21 young (21504K), 0 survivors (0K)
 Metaspace       used 5402K, capacity 7695K, committed 7808K, reserved 1056768K
  class space    used 626K, capacity 868K, committed 896K, reserved 1048576K
}
Event: 0.841 GC heap after
{Heap after GC invocations=1 (full 0):
 garbage-first heap   total 262144K, used 3339K [0x0000000700000000, 0x0000000800000000)
  region size 1024K, 3 young (3072K), 3 survivors (3072K)
 Metaspace       used 5402K, capacity 7695K, committed 7808K, reserved 1056768K
  class space    used 626K, capacity 868K, committed 896K, reserved 1048576K
}
Event: 1.254 GC heap before
{Heap before GC invocations=1 (full 0):
 garbage-first heap   total 262144K, used 29963K [0x0000000700000000, 0x0000000800000000)
  region size 1024K, 29 young (29696K), 3 survivors (3072K)
 Metaspace       used 8732K, capacity 10716K, committed 10880K, reserved 1058816K
  class space    used 1037K, capacity 1297K, committed 1408K, reserved 1048576K
}
Event: 1.258 GC heap after
{Heap after GC invocations=2 (full 0):
 garbage-first heap   total 262144K, used 4390K [0x0000000700000000, 0x0000000800000000)
  region size 1024K, 2 young (2048K), 2 survivors (2048K)
 Metaspace       used 8732K, capacity 10716K, committed 10880K, reserved 1058816K
  class space    used 1037K, capacity 1297K, committed 1408K, reserved 1048576K
}

Deoptimization events (20 events):
Event: 3.560 Thread 0x0000026ece176800 Uncommon trap: trap_request=0xffffffdc fr.pc=0x0000026ede551140 relative=0x0000000000005840
Event: 3.560 Thread 0x0000026ece176800 Uncommon trap: reason=class_check action=make_not_entrant pc=0x0000026ede551140 method=java.util.ArrayList.toArray([Ljava/lang/Object;)[Ljava/lang/Object; @ 21 c2
Event: 3.560 Thread 0x0000026ece176800 DEOPT PACKING pc=0x0000026ede551140 sp=0x000000d9ec1fe0f0
Event: 3.560 Thread 0x0000026ece176800 DEOPT UNPACKING pc=0x0000026ed695912f sp=0x000000d9ec1fe068 mode 2
Event: 3.560 Thread 0x0000026ece176800 Uncommon trap: trap_request=0xffffffbe fr.pc=0x0000026ede5838c4 relative=0x0000000000000284
Event: 3.560 Thread 0x0000026ece176800 Uncommon trap: reason=profile_predicate action=maybe_recompile pc=0x0000026ede5838c4 method=java.util.HashMap.keysToArray([Ljava/lang/Object;)[Ljava/lang/Object; @ 36 c2
Event: 3.560 Thread 0x0000026ece176800 DEOPT PACKING pc=0x0000026ede5838c4 sp=0x000000d9ec1fe010
Event: 3.560 Thread 0x0000026ece176800 DEOPT UNPACKING pc=0x0000026ed695912f sp=0x000000d9ec1fdfa0 mode 2
Event: 3.560 Thread 0x0000026ece176800 Uncommon trap: trap_request=0xffffffbe fr.pc=0x0000026ede5838c4 relative=0x0000000000000284
Event: 3.560 Thread 0x0000026ece176800 Uncommon trap: reason=profile_predicate action=maybe_recompile pc=0x0000026ede5838c4 method=java.util.HashMap.keysToArray([Ljava/lang/Object;)[Ljava/lang/Object; @ 36 c2
Event: 3.560 Thread 0x0000026ece176800 DEOPT PACKING pc=0x0000026ede5838c4 sp=0x000000d9ec1fe010
Event: 3.560 Thread 0x0000026ece176800 DEOPT UNPACKING pc=0x0000026ed695912f sp=0x000000d9ec1fdfa0 mode 2
Event: 3.560 Thread 0x0000026ece176800 Uncommon trap: trap_request=0xffffffbe fr.pc=0x0000026ede5838c4 relative=0x0000000000000284
Event: 3.560 Thread 0x0000026ece176800 Uncommon trap: reason=profile_predicate action=maybe_recompile pc=0x0000026ede5838c4 method=java.util.HashMap.keysToArray([Ljava/lang/Object;)[Ljava/lang/Object; @ 36 c2
Event: 3.560 Thread 0x0000026ece176800 DEOPT PACKING pc=0x0000026ede5838c4 sp=0x000000d9ec1fe010
Event: 3.560 Thread 0x0000026ece176800 DEOPT UNPACKING pc=0x0000026ed695912f sp=0x000000d9ec1fdfa0 mode 2
Event: 3.560 Thread 0x0000026ece176800 Uncommon trap: trap_request=0xffffffbe fr.pc=0x0000026ede5838c4 relative=0x0000000000000284
Event: 3.560 Thread 0x0000026ece176800 Uncommon trap: reason=profile_predicate action=maybe_recompile pc=0x0000026ede5838c4 method=java.util.HashMap.keysToArray([Ljava/lang/Object;)[Ljava/lang/Object; @ 36 c2
Event: 3.560 Thread 0x0000026ece176800 DEOPT PACKING pc=0x0000026ede5838c4 sp=0x000000d9ec1fe010
Event: 3.560 Thread 0x0000026ece176800 DEOPT UNPACKING pc=0x0000026ed695912f sp=0x000000d9ec1fdfa0 mode 2

Classes unloaded (0 events):
No events

Classes redefined (0 events):
No events

Internal exceptions (12 events):
Event: 0.186 Thread 0x0000026ece176800 Exception <a 'java/lang/NoSuchMethodError'{0x000000070fc26fc8}: 'int java.lang.invoke.DirectMethodHandle$Holder.invokeSpecialIFC(java.lang.Object, java.lang.Object, int)'> (0x000000070fc26fc8) 
thrown [./open/src/hotspot/share/interpreter/linkResolver.cpp, line 766]
Event: 0.228 Thread 0x0000026ece176800 Exception <a 'java/lang/NoSuchMethodError'{0x000000070fb10460}: 'java.lang.Object java.lang.invoke.DirectMethodHandle$Holder.invokeStaticInit(java.lang.Object, int, int, int, int)'> (0x000000070fb10460) 
thrown [./open/src/hotspot/share/interpreter/linkResolver.cpp, line 766]
Event: 0.292 Thread 0x0000026ece176800 Exception <a 'java/lang/NoSuchMethodError'{0x000000070fbe0bd8}: 'java.lang.Object java.lang.invoke.DirectMethodHandle$Holder.invokeStaticInit(java.lang.Object, java.lang.Object, int, int, int, int)'> (0x000000070fbe0bd8) 
thrown [./open/src/hotspot/share/interpreter/linkResolver.cpp, line 766]
Event: 1.491 Thread 0x0000026ece176800 Exception <a 'java/lang/NoClassDefFoundError'{0x000000070f583268}: com/google/inject/servlet/ServletModuleTargetVisitor> (0x000000070f583268) 
thrown [./open/src/hotspot/share/classfile/systemDictionary.cpp, line 215]
Event: 1.491 Thread 0x0000026ece176800 Exception <a 'java/lang/NoClassDefFoundError'{0x000000070f5875c8}: javax/annotation/Priority> (0x000000070f5875c8) 
thrown [./open/src/hotspot/share/classfile/systemDictionary.cpp, line 215]
Event: 1.664 Thread 0x0000026ece176800 Implicit null exception at 0x0000026ede401264 to 0x0000026ede401870
Event: 1.664 Thread 0x0000026ece176800 Implicit null exception at 0x0000026ede40d464 to 0x0000026ede40da44
Event: 2.566 Thread 0x0000026ece176800 Implicit null exception at 0x0000026ede46a08b to 0x0000026ede46a86e
Event: 2.566 Thread 0x0000026ece176800 Implicit null exception at 0x0000026ede47d005 to 0x0000026ede47d224
Event: 2.566 Thread 0x0000026ece176800 Implicit null exception at 0x0000026ede47702f to 0x0000026ede4770ad
Event: 3.445 Thread 0x0000026ece176800 Exception <a 'java/lang/NoClassDefFoundError'{0x0000000709e047f0}: org/codehaus/plexus/util/interpolation/ValueSource> (0x0000000709e047f0) 
thrown [./open/src/hotspot/share/classfile/systemDictionary.cpp, line 215]
Event: 3.482 Thread 0x0000026ece176800 Exception <a 'java/lang/NoClassDefFoundError'{0x0000000709c59338}: org/sonatype/aether/graph/Dependency> (0x0000000709c59338) 
thrown [./open/src/hotspot/share/classfile/systemDictionary.cpp, line 215]

Events (20 events):
Event: 3.634 loading class sun/util/cldr/CLDRTimeZoneNameProviderImpl
Event: 3.634 loading class sun/util/locale/provider/TimeZoneNameProviderImpl
Event: 3.634 loading class sun/util/locale/provider/TimeZoneNameProviderImpl done
Event: 3.634 loading class sun/util/cldr/CLDRTimeZoneNameProviderImpl done
Event: 3.635 loading class sun/util/locale/provider/BaseLocaleDataMetaInfo
Event: 3.635 loading class sun/util/locale/provider/BaseLocaleDataMetaInfo done
Event: 3.636 loading class sun/util/resources/cldr/TimeZoneNames
Event: 3.636 loading class sun/util/resources/TimeZoneNamesBundle
Event: 3.636 loading class sun/util/resources/OpenListResourceBundle
Event: 3.636 loading class sun/util/resources/OpenListResourceBundle done
Event: 3.636 loading class sun/util/resources/TimeZoneNamesBundle done
Event: 3.636 loading class sun/util/resources/cldr/TimeZoneNames done
Event: 3.636 loading class sun/util/resources/cldr/TimeZoneNames_en
Event: 3.637 loading class sun/util/resources/cldr/TimeZoneNames_en done
Event: 3.638 loading class sun/util/resources/cldr/TimeZoneNames_en_US
Event: 3.638 loading class sun/util/resources/cldr/TimeZoneNames_en_US done
Event: 3.641 Executing VM operation: HandshakeOneThread
Event: 3.641 Executing VM operation: HandshakeOneThread done
Event: 3.645 loading class sun/nio/cs/UTF_8$Encoder
Event: 3.645 loading class sun/nio/cs/UTF_8$Encoder done


Dynamic libraries:
0x00007ff7b3150000 - 0x00007ff7b315f000 	C:\Program Files\Java\jdk-14.0.1\bin\javaw.exe
0x00007ff813580000 - 0x00007ff813770000 	C:\windows\SYSTEM32\ntdll.dll
0x00007ff811a90000 - 0x00007ff811b42000 	C:\windows\System32\KERNEL32.DLL
0x00007ff810570000 - 0x00007ff810814000 	C:\windows\System32\KERNELBASE.dll
0x00007ff80e5d0000 - 0x00007ff80e65f000 	C:\windows\SYSTEM32\apphelp.dll
0x00007ff811530000 - 0x00007ff81162a000 	C:\windows\System32\ucrtbase.dll
0x00007ff805480000 - 0x00007ff805495000 	C:\Program Files\Java\jdk-14.0.1\bin\VCRUNTIME140.dll
0x00007ff8041f0000 - 0x00007ff804208000 	C:\Program Files\Java\jdk-14.0.1\bin\jli.dll
0x00007ff8129d0000 - 0x00007ff812a73000 	C:\windows\System32\ADVAPI32.dll
0x00007ff8116a0000 - 0x00007ff81173e000 	C:\windows\System32\msvcrt.dll
0x00007ff8134a0000 - 0x00007ff813537000 	C:\windows\System32\sechost.dll
0x00007ff8120e0000 - 0x00007ff812200000 	C:\windows\System32\RPCRT4.dll
0x00007ff811760000 - 0x00007ff8118f4000 	C:\windows\System32\USER32.dll
0x00007ffffe2d0000 - 0x00007ffffe554000 	C:\windows\WinSxS\amd64_microsoft.windows.common-controls_6595b64144ccf1df_6.0.18362.900_none_e6beb9d913147d17\COMCTL32.dll
0x00007ff810820000 - 0x00007ff810841000 	C:\windows\System32\win32u.dll
0x00007ff812690000 - 0x00007ff8129c5000 	C:\windows\System32\combase.dll
0x00007ff811b50000 - 0x00007ff811b76000 	C:\windows\System32\GDI32.dll
0x00007ff811390000 - 0x00007ff811525000 	C:\windows\System32\gdi32full.dll
0x00007ff811310000 - 0x00007ff811390000 	C:\windows\System32\bcryptPrimitives.dll
0x00007ff811020000 - 0x00007ff8110be000 	C:\windows\System32\msvcp_win.dll
0x00007ff8092f0000 - 0x00007ff8092fa000 	C:\windows\SYSTEM32\VERSION.dll
0x00007ff813470000 - 0x00007ff81349e000 	C:\windows\System32\IMM32.DLL
0x00007ffffd830000 - 0x00007ffffd8cb000 	C:\Program Files\Java\jdk-14.0.1\bin\msvcp140.dll
0x00007fffebe50000 - 0x00007fffec96e000 	C:\Program Files\Java\jdk-14.0.1\bin\server\jvm.dll
0x00007ff812070000 - 0x00007ff812078000 	C:\windows\System32\PSAPI.DLL
0x00007ff80df50000 - 0x00007ff80df74000 	C:\windows\SYSTEM32\WINMM.dll
0x00007ff80cdb0000 - 0x00007ff80cdb9000 	C:\windows\SYSTEM32\WSOCK32.dll
0x00007ff8122d0000 - 0x00007ff81233f000 	C:\windows\System32\WS2_32.dll
0x00007ff80df20000 - 0x00007ff80df4d000 	C:\windows\SYSTEM32\WINMMBASE.dll
0x00007ff810fd0000 - 0x00007ff81101a000 	C:\windows\System32\cfgmgr32.dll
0x00007ff810450000 - 0x00007ff810461000 	C:\windows\System32\kernel.appcore.dll
0x00007ff80cd40000 - 0x00007ff80cd4a000 	C:\Program Files\Java\jdk-14.0.1\bin\jimage.dll
0x00007ff805aa0000 - 0x00007ff805c94000 	C:\windows\SYSTEM32\DBGHELP.DLL
0x00007ff805f40000 - 0x00007ff805f6a000 	C:\windows\SYSTEM32\dbgcore.DLL
0x00007ff8042a0000 - 0x00007ff8042c5000 	C:\Program Files\Java\jdk-14.0.1\bin\java.dll
0x00007ff805380000 - 0x00007ff805396000 	C:\Program Files\Java\jdk-14.0.1\bin\zip.dll
0x00007ff812a80000 - 0x00007ff813166000 	C:\windows\System32\SHELL32.dll
0x00007ff8124a0000 - 0x00007ff812549000 	C:\windows\System32\shcore.dll
0x00007ff810850000 - 0x00007ff810fd0000 	C:\windows\System32\windows.storage.dll
0x00007ff810470000 - 0x00007ff810493000 	C:\windows\System32\profapi.dll
0x00007ff8104c0000 - 0x00007ff81050a000 	C:\windows\System32\powrprof.dll
0x00007ff810440000 - 0x00007ff810450000 	C:\windows\System32\UMPDC.dll
0x00007ff813400000 - 0x00007ff813452000 	C:\windows\System32\shlwapi.dll
0x00007ff8112f0000 - 0x00007ff811307000 	C:\windows\System32\cryptsp.dll
0x00007ff8048c0000 - 0x00007ff8048d9000 	C:\Program Files\Java\jdk-14.0.1\bin\net.dll
0x00007ff808840000 - 0x00007ff808930000 	C:\windows\SYSTEM32\WINHTTP.dll
0x00007ff80fcb0000 - 0x00007ff80fd17000 	C:\windows\system32\mswsock.dll
0x00007ff804880000 - 0x00007ff804892000 	C:\Program Files\Java\jdk-14.0.1\bin\nio.dll
0x00007ff80b9d0000 - 0x00007ff80b9e0000 	C:\Program Files\Java\jdk-14.0.1\bin\verify.dll
0x00007ff80f7c0000 - 0x00007ff80f7f3000 	C:\windows\system32\rsaenh.dll
0x00007ff811210000 - 0x00007ff811236000 	C:\windows\System32\bcrypt.dll
0x00007ff810330000 - 0x00007ff810355000 	C:\windows\SYSTEM32\USERENV.dll
0x00007ff80fe80000 - 0x00007ff80fe8c000 	C:\windows\SYSTEM32\CRYPTBASE.dll
0x00007ff80f9c0000 - 0x00007ff80f9fa000 	C:\windows\SYSTEM32\IPHLPAPI.DLL
0x00007ff813460000 - 0x00007ff813468000 	C:\windows\System32\NSI.dll
0x00007ff80a2c0000 - 0x00007ff80a2d6000 	C:\windows\SYSTEM32\dhcpcsvc6.DLL
0x00007ff80a280000 - 0x00007ff80a29c000 	C:\windows\SYSTEM32\dhcpcsvc.DLL
0x00007ff80fa00000 - 0x00007ff80facb000 	C:\windows\SYSTEM32\DNSAPI.dll
0x00007ff808080000 - 0x00007ff80808a000 	C:\Users\Saleem\AppData\Local\Temp\jansi-1.17.1-11708016199852132353.dll
0x00007ff807620000 - 0x00007ff80762a000 	C:\Users\Saleem\AppData\Local\Temp\jansi-1.17.1-17066485129688312631.dll

dbghelp: loaded successfully - version: 4.0.5 - missing functions: none
symbol engine: initialized successfully - sym options: 0x614 - pdb path: .;C:\Program Files\Java\jdk-14.0.1\bin;C:\windows\SYSTEM32;C:\windows\WinSxS\amd64_microsoft.windows.common-controls_6595b64144ccf1df_6.0.18362.900_none_e6beb9d913147d17;C:\Program Files\Java\jdk-14.0.1\bin\server;C:\Users\Saleem\AppData\Local\Temp

VM Arguments:
jvm_args: -Dmaven.home=EMBEDDED -Dclassworlds.conf=C:\Users\Saleem\eclipse-workspace\.metadata\.plugins\org.eclipse.m2e.launching\launches\m2conf4855706252108390106.tmp -Dmaven.multiModuleProjectDirectory=C:\Thesis\DupLatest\Thesis-master-Dup -Dfile.encoding=Cp1252 
java_command: org.codehaus.plexus.classworlds.launcher.Launcher -B clean compile dependency:tree test test-compile package install
java_class_path (initial): C:\Users\Saleem\.p2\pool\plugins\org.eclipse.m2e.maven.runtime_1.15.0.20200310-1832\jars\plexus-classworlds-2.6.0.jar
Launcher Type: SUN_STANDARD

[Global flags]
     intx CICompilerCount                          = 3                                         {product} {ergonomic}
     uint ConcGCThreads                            = 2                                         {product} {ergonomic}
     uint G1ConcRefinementThreads                  = 6                                         {product} {ergonomic}
   size_t G1HeapRegionSize                         = 1048576                                   {product} {ergonomic}
    uintx GCDrainStackTargetSize                   = 64                                        {product} {ergonomic}
   size_t InitialHeapSize                          = 268435456                                 {product} {ergonomic}
   size_t MarkStackSize                            = 4194304                                   {product} {ergonomic}
   size_t MaxHeapSize                              = 4294967296                                {product} {ergonomic}
   size_t MaxNewSize                               = 2576351232                                {product} {ergonomic}
   size_t MinHeapDeltaBytes                        = 1048576                                   {product} {ergonomic}
   size_t MinHeapSize                              = 8388608                                   {product} {ergonomic}
    uintx NonNMethodCodeHeapSize                   = 5832780                                {pd product} {ergonomic}
    uintx NonProfiledCodeHeapSize                  = 122912730                              {pd product} {ergonomic}
    uintx ProfiledCodeHeapSize                     = 122912730                              {pd product} {ergonomic}
    uintx ReservedCodeCacheSize                    = 251658240                              {pd product} {ergonomic}
     bool SegmentedCodeCache                       = true                                      {product} {ergonomic}
   size_t SoftMaxHeapSize                          = 4294967296                             {manageable} {ergonomic}
     bool UseCompressedClassPointers               = true                                 {lp64_product} {ergonomic}
     bool UseCompressedOops                        = true                                 {lp64_product} {ergonomic}
     bool UseG1GC                                  = true                                      {product} {ergonomic}
     bool UseLargePagesIndividualAllocation        = false                                  {pd product} {ergonomic}

Logging:
Log output configuration:
 #0: stdout all=warning uptime,level,tags
 #1: stderr all=off uptime,level,tags

Environment Variables:
JAVA_HOME=C:\Program Files\Java\jdk-14.0.1
PATH=C:/Program Files/Java/jdk-14.0.1/bin/server;C:/Program Files/Java/jdk-14.0.1/bin;C:\windows\system32;C:\windows;C:\windows\System32\Wbem;C:\windows\System32\WindowsPowerShell\v1.0\;C:\windows\System32\OpenSSH\;C:\Program Files\Git\cmd;C:\Users\Saleem\Downloads\apache-maven-3.6.3;C:\Program Files\Java\jdk-14.0.1;C:\Program Files\Java\jdk-14.0.1\bin;C:\Program Files\nodejs\;C:\Users\Saleem\Downloads\apache-maven-3.6.3\bin;C:\Users\Saleem\AppData\Local\Microsoft\WindowsApps;C:\Users\Saleem\AppData\Roaming\npm;C:\windows\system32;
USERNAME=Saleem
OS=Windows_NT
PROCESSOR_IDENTIFIER=Intel64 Family 6 Model 63 Stepping 0, GenuineIntel



---------------  S Y S T E M  ---------------

OS: Windows 10 , 64 bit Build 18362 (10.0.18362.900)
OS uptime: 2 days 1:34 hours
VMWare virtualization detected

CPU:total 6 (initial active 6) (3 cores per cpu, 1 threads per core) family 6 model 63 stepping 0, cmov, cx8, fxsr, mmx, sse, sse2, sse3, ssse3, sse4.1, sse4.2, popcnt, avx, avx2, aes, clmul, erms, lzcnt, tsc, tscinvbit, bmi1, bmi2, fma

Memory: 4k page, system-wide physical 16382M (720M free)
TotalPageFile size 22754M (AvailPageFile size 5M)
current process WorkingSet (physical memory assigned to process): 214M, peak: 214M
current process commit charge ("private bytes"): 399M, peak: 400M

vm_info: Java HotSpot(TM) 64-Bit Server VM (14.0.1+7) for windows-amd64 JRE (14.0.1+7), built on Mar  5 2020 10:30:14 by "mach5one" with MS VC++ 15.9 (VS2017)

END.
