#
# There is insufficient memory for the Java Runtime Environment to continue.
# Native memory allocation (mmap) failed to map 268435456 bytes for Failed to commit area from 0x0000000700000000 to 0x0000000710000000 of length 268435456.
# Possible reasons:
#   The system is out of physical RAM or swap space
#   The process is running with CompressedOops enabled, and the Java Heap may be blocking the growth of the native heap
# Possible solutions:
#   Reduce memory load on the system
#   Increase physical memory or swap space
#   Check if swap backing store is full
#   Decrease Java heap size (-Xmx/-Xms)
#   Decrease number of Java threads
#   Decrease Java thread stack sizes (-Xss)
#   Set larger code cache with -XX:ReservedCodeCacheSize=
#   JVM is running with Zero Based Compressed Oops mode in which the Java heap is
#     placed in the first 32GB address space. The Java Heap base address is the
#     maximum limit for the native heap growth. Please use -XX:HeapBaseMinAddress
#     to set the Java Heap base and to place the Java Heap above 32GB virtual address.
# This output file may be truncated or incomplete.
#
#  Out of Memory Error (./open/src/hotspot/os/windows/os_windows.cpp:3315), pid=7040, tid=9912
#
# JRE version:  (14.0.1+7) (build )
# Java VM: Java HotSpot(TM) 64-Bit Server VM (14.0.1+7, mixed mode, sharing, tiered, compressed oops, g1 gc, windows-amd64)
# No core dump will be written. Minidumps are not enabled by default on client versions of Windows
#

---------------  S U M M A R Y ------------

Command Line: -Dmaven.home=EMBEDDED -Dclassworlds.conf=C:\Users\Saleem\eclipse-workspace\.metadata\.plugins\org.eclipse.m2e.launching\launches\m2conf9754771891646016993.tmp -Dmaven.multiModuleProjectDirectory=C:\Thesis\DupLatest\Thesis-master-Dup -Dfile.encoding=Cp1252 org.codehaus.plexus.classworlds.launcher.Launcher -B clean compile dependency:tree test test-compile package install

Host: Intel(R) Xeon(R) CPU E5-2695 v4 @ 2.10GHz, 6 cores, 15G,  Windows 10 , 64 bit Build 18362 (10.0.18362.900)
Time: Sun Jul  5 15:46:27 2020 W. Europe Daylight Time elapsed time: 0 seconds (0d 0h 0m 0s)

---------------  T H R E A D  ---------------

Current thread (0x000001ade392b800):  JavaThread "Unknown thread" [_thread_in_vm, id=9912, stack(0x0000009487900000,0x0000009487a00000)]

Stack: [0x0000009487900000,0x0000009487a00000]
Native frames: (J=compiled Java code, j=interpreted, Vv=VM code, C=native code)
V  [jvm.dll+0x5f840a]
V  [jvm.dll+0x741e4a]
V  [jvm.dll+0x7435ff]
V  [jvm.dll+0x743c43]
V  [jvm.dll+0x20d288]
V  [jvm.dll+0x5f57ba]
V  [jvm.dll+0x5ea615]
V  [jvm.dll+0x2c7e9c]
V  [jvm.dll+0x2c7cd2]
V  [jvm.dll+0x2cdbbc]
V  [jvm.dll+0x313ff8]
V  [jvm.dll+0x313720]
V  [jvm.dll+0x2a092a]
V  [jvm.dll+0x2a1a79]
V  [jvm.dll+0x71f718]
V  [jvm.dll+0x321c44]
V  [jvm.dll+0x700b0c]
V  [jvm.dll+0x392dff]
V  [jvm.dll+0x394e71]
C  [jli.dll+0x523b]
C  [ucrtbase.dll+0x20e82]
C  [KERNEL32.DLL+0x17bd4]
C  [ntdll.dll+0x6ce51]


---------------  P R O C E S S  ---------------

Threads class SMR info:
_java_thread_list=0x00007fffec8d3078, length=0, elements={
}

Java Threads: ( => current thread )

Other Threads:
  0x000001ade3993800 GCTaskThread "GC Thread#0" [stack: 0x0000009487a00000,0x0000009487b00000] [id=4340]
  0x000001ade39b6800 ConcurrentGCThread "G1 Main Marker" [stack: 0x0000009487b00000,0x0000009487c00000] [id=11752]
  0x000001ade39b8000 ConcurrentGCThread "G1 Conc#0" [stack: 0x0000009487c00000,0x0000009487d00000] [id=1172]

[error occurred during error reporting (printing all threads), id 0xc0000005, EXCEPTION_ACCESS_VIOLATION (0xc0000005) at pc=0x00007fffec101257]

VM state:not at safepoint (not fully initialized)

VM Mutex/Monitor currently owned by a thread:  ([mutex/lock_event])
[0x000001ade39285f0] Heap_lock - owner thread: 0x000001ade392b800

Heap address: 0x0000000700000000, size: 4096 MB, Compressed Oops mode: Zero based, Oop shift amount: 3
Narrow klass base: 0x0000000000000000, Narrow klass shift: 0

GC Heap History (0 events):
No events

Deoptimization events (0 events):
No events

Classes unloaded (0 events):
No events

Classes redefined (0 events):
No events

Internal exceptions (0 events):
No events

Events (2 events):
Event: 0.007 Loaded shared library C:\Program Files\Java\jdk-14.0.1\bin\java.dll
Event: 0.007 Loaded shared library C:\Program Files\Java\jdk-14.0.1\bin\zip.dll


Dynamic libraries:
0x00007ff7b3150000 - 0x00007ff7b315f000 	C:\Program Files\Java\jdk-14.0.1\bin\javaw.exe
0x00007ff813580000 - 0x00007ff813770000 	C:\windows\SYSTEM32\ntdll.dll
0x00007ff811a90000 - 0x00007ff811b42000 	C:\windows\System32\KERNEL32.DLL
0x00007ff810570000 - 0x00007ff810814000 	C:\windows\System32\KERNELBASE.dll
0x00007ff80e5d0000 - 0x00007ff80e65f000 	C:\windows\SYSTEM32\apphelp.dll
0x00007ff811530000 - 0x00007ff81162a000 	C:\windows\System32\ucrtbase.dll
0x00007ff805380000 - 0x00007ff805395000 	C:\Program Files\Java\jdk-14.0.1\bin\VCRUNTIME140.dll
0x00007ff804280000 - 0x00007ff804298000 	C:\Program Files\Java\jdk-14.0.1\bin\jli.dll
0x00007ff8129d0000 - 0x00007ff812a73000 	C:\windows\System32\ADVAPI32.dll
0x00007ff8116a0000 - 0x00007ff81173e000 	C:\windows\System32\msvcrt.dll
0x00007ff8134a0000 - 0x00007ff813537000 	C:\windows\System32\sechost.dll
0x00007ff8120e0000 - 0x00007ff812200000 	C:\windows\System32\RPCRT4.dll
0x00007ff811760000 - 0x00007ff8118f4000 	C:\windows\System32\USER32.dll
0x00007ff810820000 - 0x00007ff810841000 	C:\windows\System32\win32u.dll
0x00007ffffe2d0000 - 0x00007ffffe554000 	C:\windows\WinSxS\amd64_microsoft.windows.common-controls_6595b64144ccf1df_6.0.18362.900_none_e6beb9d913147d17\COMCTL32.dll
0x00007ff811b50000 - 0x00007ff811b76000 	C:\windows\System32\GDI32.dll
0x00007ff812690000 - 0x00007ff8129c5000 	C:\windows\System32\combase.dll
0x00007ff811390000 - 0x00007ff811525000 	C:\windows\System32\gdi32full.dll
0x00007ff811310000 - 0x00007ff811390000 	C:\windows\System32\bcryptPrimitives.dll
0x00007ff811020000 - 0x00007ff8110be000 	C:\windows\System32\msvcp_win.dll
0x00007ff8092f0000 - 0x00007ff8092fa000 	C:\windows\SYSTEM32\VERSION.dll
0x00007ff813470000 - 0x00007ff81349e000 	C:\windows\System32\IMM32.DLL
0x00007ff803c60000 - 0x00007ff803cfb000 	C:\Program Files\Java\jdk-14.0.1\bin\msvcp140.dll
0x00007fffebe50000 - 0x00007fffec96e000 	C:\Program Files\Java\jdk-14.0.1\bin\server\jvm.dll
0x00007ff812070000 - 0x00007ff812078000 	C:\windows\System32\PSAPI.DLL
0x00007ff80cdb0000 - 0x00007ff80cdb9000 	C:\windows\SYSTEM32\WSOCK32.dll
0x00007ff80df50000 - 0x00007ff80df74000 	C:\windows\SYSTEM32\WINMM.dll
0x00007ff8122d0000 - 0x00007ff81233f000 	C:\windows\System32\WS2_32.dll
0x00007ff80df20000 - 0x00007ff80df4d000 	C:\windows\SYSTEM32\winmmbase.dll
0x00007ff810fd0000 - 0x00007ff81101a000 	C:\windows\System32\cfgmgr32.dll
0x00007ff810450000 - 0x00007ff810461000 	C:\windows\System32\kernel.appcore.dll
0x00007ff80cd40000 - 0x00007ff80cd4a000 	C:\Program Files\Java\jdk-14.0.1\bin\jimage.dll
0x00007ff805aa0000 - 0x00007ff805c94000 	C:\windows\SYSTEM32\DBGHELP.DLL
0x00007ff805f40000 - 0x00007ff805f6a000 	C:\windows\SYSTEM32\dbgcore.DLL
0x00007ff8042a0000 - 0x00007ff8042c5000 	C:\Program Files\Java\jdk-14.0.1\bin\java.dll
0x00007ff8048c0000 - 0x00007ff8048d6000 	C:\Program Files\Java\jdk-14.0.1\bin\zip.dll

dbghelp: loaded successfully - version: 4.0.5 - missing functions: none
symbol engine: initialized successfully - sym options: 0x614 - pdb path: .;C:\Program Files\Java\jdk-14.0.1\bin;C:\windows\SYSTEM32;C:\windows\WinSxS\amd64_microsoft.windows.common-controls_6595b64144ccf1df_6.0.18362.900_none_e6beb9d913147d17;C:\Program Files\Java\jdk-14.0.1\bin\server

VM Arguments:
jvm_args: -Dmaven.home=EMBEDDED -Dclassworlds.conf=C:\Users\Saleem\eclipse-workspace\.metadata\.plugins\org.eclipse.m2e.launching\launches\m2conf9754771891646016993.tmp -Dmaven.multiModuleProjectDirectory=C:\Thesis\DupLatest\Thesis-master-Dup -Dfile.encoding=Cp1252 
java_command: org.codehaus.plexus.classworlds.launcher.Launcher -B clean compile dependency:tree test test-compile package install
java_class_path (initial): C:\Users\Saleem\.p2\pool\plugins\org.eclipse.m2e.maven.runtime_1.15.0.20200310-1832\jars\plexus-classworlds-2.6.0.jar
Launcher Type: SUN_STANDARD

[Global flags]
     intx CICompilerCount                          = 3                                         {product} {ergonomic}
     uint ConcGCThreads                            = 2                                         {product} {ergonomic}
     uint G1ConcRefinementThreads                  = 6                                         {product} {ergonomic}
   size_t G1HeapRegionSize                         = 1048576                                   {product} {ergonomic}
    uintx GCDrainStackTargetSize                   = 64                                        {product} {ergonomic}
   size_t InitialHeapSize                          = 268435456                                 {product} {ergonomic}
   size_t MarkStackSize                            = 4194304                                   {product} {ergonomic}
   size_t MaxHeapSize                              = 4294967296                                {product} {ergonomic}
   size_t MinHeapDeltaBytes                        = 1048576                                   {product} {ergonomic}
   size_t MinHeapSize                              = 8388608                                   {product} {ergonomic}
    uintx NonNMethodCodeHeapSize                   = 5832780                                {pd product} {ergonomic}
    uintx NonProfiledCodeHeapSize                  = 122912730                              {pd product} {ergonomic}
    uintx ProfiledCodeHeapSize                     = 122912730                              {pd product} {ergonomic}
    uintx ReservedCodeCacheSize                    = 251658240                              {pd product} {ergonomic}
     bool SegmentedCodeCache                       = true                                      {product} {ergonomic}
   size_t SoftMaxHeapSize                          = 4294967296                             {manageable} {ergonomic}
     bool UseCompressedClassPointers               = true                                 {lp64_product} {ergonomic}
     bool UseCompressedOops                        = true                                 {lp64_product} {ergonomic}
     bool UseG1GC                                  = true                                      {product} {ergonomic}
     bool UseLargePagesIndividualAllocation        = false                                  {pd product} {ergonomic}

Logging:
Log output configuration:
 #0: stdout all=warning uptime,level,tags
 #1: stderr all=off uptime,level,tags

Environment Variables:
JAVA_HOME=C:\Program Files\Java\jdk-14.0.1
PATH=C:/Program Files/Java/jdk-14.0.1/bin/server;C:/Program Files/Java/jdk-14.0.1/bin;C:\windows\system32;C:\windows;C:\windows\System32\Wbem;C:\windows\System32\WindowsPowerShell\v1.0\;C:\windows\System32\OpenSSH\;C:\Program Files\Git\cmd;C:\Users\Saleem\Downloads\apache-maven-3.6.3;C:\Program Files\Java\jdk-14.0.1;C:\Program Files\Java\jdk-14.0.1\bin;C:\Program Files\nodejs\;C:\Users\Saleem\Downloads\apache-maven-3.6.3\bin;C:\Users\Saleem\AppData\Local\Microsoft\WindowsApps;C:\Users\Saleem\AppData\Roaming\npm;C:\windows\system32;
USERNAME=Saleem
OS=Windows_NT
PROCESSOR_IDENTIFIER=Intel64 Family 6 Model 63 Stepping 0, GenuineIntel



---------------  S Y S T E M  ---------------

OS: Windows 10 , 64 bit Build 18362 (10.0.18362.900)
OS uptime: 2 days 3:51 hours
VMWare virtualization detected

CPU:total 6 (initial active 6) (3 cores per cpu, 1 threads per core) family 6 model 63 stepping 0, cmov, cx8, fxsr, mmx, sse, sse2, sse3, ssse3, sse4.1, sse4.2, popcnt, avx, avx2, aes, clmul, erms, lzcnt, tsc, tscinvbit, bmi1, bmi2, fma

Memory: 4k page, system-wide physical 16382M (1069M free)
TotalPageFile size 22748M (AvailPageFile size 51M)
current process WorkingSet (physical memory assigned to process): 11M, peak: 11M
current process commit charge ("private bytes"): 57M, peak: 313M

vm_info: Java HotSpot(TM) 64-Bit Server VM (14.0.1+7) for windows-amd64 JRE (14.0.1+7), built on Mar  5 2020 10:30:14 by "mach5one" with MS VC++ 15.9 (VS2017)

END.
